[ 2018-05-08T23:52:19+08:00 ] ::1 ::1 GET /hf171029-stage4/hf1710-justgo/public/backend/goods/view/img/g07.jpg
[ log ] localhost:8000/hf171029-stage4/hf1710-justgo/public/backend/goods/view/img/g07.jpg [运行时间：0.172355s][吞吐率：5.80req/s] [内存消耗：1,737.93kb] [文件加载：47]
[ info ] [ LANG ] C:\AppServ\www\hf171029-stage4\hf1710-justgo\thinkphp\lang\zh-cn.php
[ info ] [ ROUTE ] array (
  'type' => 'module',
  'module' => 
  array (
    0 => 'backend',
    1 => 'goods',
    2 => 'view',
  ),
)
[ info ] [ HEADER ] array (
  'host' => 'localhost:8000',
  'connection' => 'keep-alive',
  'user-agent' => 'Mozilla/5.0 (Windows NT 10.0; WOW64) AppleWebKit/537.36 (KHTML, like Gecko) Chrome/64.0.3282.186 Safari/537.36',
  'accept' => 'image/webp,image/apng,image/*,*/*;q=0.8',
  'referer' => 'http://localhost:8000/hf171029-stage4/hf1710-justgo/public/backend/goods/goodsdetails?goodsid=7',
  'accept-encoding' => 'gzip, deflate, br',
  'accept-language' => 'zh-CN,zh;q=0.9',
)
[ info ] [ PARAM ] array (
  'img' => 'g07.jpg',
)
[ info ] [ LOG ] INIT File

---------------------------------------------------------------
[ 2018-05-08T23:52:32+08:00 ] ::1 ::1 GET /hf171029-stage4/hf1710-justgo/public/backend/goods/edit?goodsid=10
[ log ] localhost:8000/hf171029-stage4/hf1710-justgo/public/backend/goods/edit?goodsid=10 [运行时间：0.125540s][吞吐率：7.97req/s] [内存消耗：2,519.45kb] [文件加载：53]
[ info ] [ LANG ] C:\AppServ\www\hf171029-stage4\hf1710-justgo\thinkphp\lang\zh-cn.php
[ info ] [ ROUTE ] array (
  'type' => 'module',
  'module' => 
  array (
    0 => 'backend',
    1 => 'goods',
    2 => 'edit',
  ),
)
[ info ] [ HEADER ] array (
  'host' => 'localhost:8000',
  'connection' => 'keep-alive',
  'upgrade-insecure-requests' => '1',
  'user-agent' => 'Mozilla/5.0 (Windows NT 10.0; WOW64) AppleWebKit/537.36 (KHTML, like Gecko) Chrome/64.0.3282.186 Safari/537.36',
  'accept' => 'text/html,application/xhtml+xml,application/xml;q=0.9,image/webp,image/apng,*/*;q=0.8',
  'referer' => 'http://localhost:8000/hf171029-stage4/hf1710-justgo/public/backend/index/goodsInfo.html',
  'accept-encoding' => 'gzip, deflate, br',
  'accept-language' => 'zh-CN,zh;q=0.9',
)
[ info ] [ PARAM ] array (
  'goodsid' => '10',
)
[ info ] [ RUN ] app\backend\controller\Goods->edit[ C:\AppServ\www\hf171029-stage4\hf1710-justgo\application\backend\controller\Goods.php ]
[ info ] [ DB ] INIT mysql
[ info ] [ DB ] INIT mysql
[ info ] [ VIEW ] C:\AppServ\www\hf171029-stage4\hf1710-justgo\public/../application/backend\view\goodsedit.html [ array (
  0 => 'location',
  1 => 'thedetails',
) ]
[ info ] [ LOG ] INIT File
[ sql ] [ DB ] CONNECT:[ UseTime:0.013610s ] mysql:dbname=justgo;host=127.0.0.1;port=3306;charset=utf8
[ sql ] [ SQL ] SHOW COLUMNS FROM `t_goods` [ RunTime:0.001467s ]
[ sql ] [ SQL ] SELECT * FROM `t_goods` INNER JOIN `t_location` `t_location` ON `t_location`.`locateid`=`t_goods`.`locateid` WHERE  `goodsid` = 10 LIMIT 1 [ RunTime:0.001725s ]
[ sql ] [ DB ] CONNECT:[ UseTime:0.011165s ] mysql:dbname=justgo;host=127.0.0.1;port=3306;charset=utf8
[ sql ] [ SQL ] SHOW COLUMNS FROM `t_location` [ RunTime:0.001176s ]
[ sql ] [ SQL ] SELECT * FROM `t_location` WHERE  `fid` = 0 [ RunTime:0.000883s ]

---------------------------------------------------------------
[ 2018-05-08T23:52:32+08:00 ] ::1 ::1 POST /hf171029-stage4/hf1710-justgo/public/backend/goods/getsalesway.html
[ log ] localhost:8000/hf171029-stage4/hf1710-justgo/public/backend/goods/getsalesway.html [运行时间：0.069758s][吞吐率：14.34req/s] [内存消耗：2,413.98kb] [文件加载：51]
[ info ] [ LANG ] C:\AppServ\www\hf171029-stage4\hf1710-justgo\thinkphp\lang\zh-cn.php
[ info ] [ ROUTE ] array (
  'type' => 'module',
  'module' => 
  array (
    0 => 'backend',
    1 => 'goods',
    2 => 'getsalesway',
  ),
)
[ info ] [ HEADER ] array (
  'host' => 'localhost:8000',
  'connection' => 'keep-alive',
  'content-length' => '10',
  'accept' => 'application/json, text/javascript, */*; q=0.01',
  'origin' => 'http://localhost:8000',
  'x-requested-with' => 'XMLHttpRequest',
  'user-agent' => 'Mozilla/5.0 (Windows NT 10.0; WOW64) AppleWebKit/537.36 (KHTML, like Gecko) Chrome/64.0.3282.186 Safari/537.36',
  'content-type' => 'application/x-www-form-urlencoded; charset=UTF-8',
  'referer' => 'http://localhost:8000/hf171029-stage4/hf1710-justgo/public/backend/goods/edit?goodsid=10',
  'accept-encoding' => 'gzip, deflate, br',
  'accept-language' => 'zh-CN,zh;q=0.9',
)
[ info ] [ PARAM ] array (
  'goodsid' => '10',
)
[ info ] [ RUN ] app\backend\controller\Goods->getSalesWay[ C:\AppServ\www\hf171029-stage4\hf1710-justgo\application\backend\controller\Goods.php ]
[ info ] [ DB ] INIT mysql
[ info ] [ LOG ] INIT File
[ sql ] [ DB ] CONNECT:[ UseTime:0.002386s ] mysql:dbname=justgo;host=127.0.0.1;port=3306;charset=utf8
[ sql ] [ SQL ] SHOW COLUMNS FROM `t_goods` [ RunTime:0.001117s ]
[ sql ] [ SQL ] SELECT * FROM `t_goods` INNER JOIN `t_location` `t_location` ON `t_location`.`locateid`=`t_goods`.`locateid` WHERE  `goodsid` = 10 LIMIT 1 [ RunTime:0.000839s ]

---------------------------------------------------------------
[ 2018-05-08T23:52:55+08:00 ] ::1 ::1 GET /hf171029-stage4/hf1710-justgo/public/backend/goods/goodsdetails?goodsid=3
[ log ] localhost:8000/hf171029-stage4/hf1710-justgo/public/backend/goods/goodsdetails?goodsid=3 [运行时间：0.074870s][吞吐率：13.36req/s] [内存消耗：2,418.18kb] [文件加载：52]
[ info ] [ LANG ] C:\AppServ\www\hf171029-stage4\hf1710-justgo\thinkphp\lang\zh-cn.php
[ info ] [ ROUTE ] array (
  'type' => 'module',
  'module' => 
  array (
    0 => 'backend',
    1 => 'goods',
    2 => 'goodsdetails',
  ),
)
[ info ] [ HEADER ] array (
  'host' => 'localhost:8000',
  'connection' => 'keep-alive',
  'upgrade-insecure-requests' => '1',
  'user-agent' => 'Mozilla/5.0 (Windows NT 10.0; WOW64) AppleWebKit/537.36 (KHTML, like Gecko) Chrome/64.0.3282.186 Safari/537.36',
  'accept' => 'text/html,application/xhtml+xml,application/xml;q=0.9,image/webp,image/apng,*/*;q=0.8',
  'referer' => 'http://localhost:8000/hf171029-stage4/hf1710-justgo/public/backend/index/goodsInfo.html',
  'accept-encoding' => 'gzip, deflate, br',
  'accept-language' => 'zh-CN,zh;q=0.9',
)
[ info ] [ PARAM ] array (
  'goodsid' => '3',
)
[ info ] [ RUN ] app\backend\controller\Goods->goodsdetails[ C:\AppServ\www\hf171029-stage4\hf1710-justgo\application\backend\controller\Goods.php ]
[ info ] [ DB ] INIT mysql
[ info ] [ VIEW ] C:\AppServ\www\hf171029-stage4\hf1710-justgo\public/../application/backend\view\goodsdetails.html [ array (
  0 => 'thedetails',
) ]
[ info ] [ LOG ] INIT File
[ sql ] [ DB ] CONNECT:[ UseTime:0.002447s ] mysql:dbname=justgo;host=127.0.0.1;port=3306;charset=utf8
[ sql ] [ SQL ] SHOW COLUMNS FROM `t_goods` [ RunTime:0.001411s ]
[ sql ] [ SQL ] SELECT * FROM `t_goods` INNER JOIN `t_location` `t_location` ON `t_location`.`locateid`=`t_goods`.`locateid` WHERE  `goodsid` = 3 [ RunTime:0.000902s ]

---------------------------------------------------------------
[ 2018-05-08T23:52:55+08:00 ] ::1 ::1 GET /hf171029-stage4/hf1710-justgo/public/backend/goods/view/img/g03.jpg
[ log ] localhost:8000/hf171029-stage4/hf1710-justgo/public/backend/goods/view/img/g03.jpg [运行时间：0.078710s][吞吐率：12.70req/s] [内存消耗：1,738.01kb] [文件加载：47]
[ info ] [ LANG ] C:\AppServ\www\hf171029-stage4\hf1710-justgo\thinkphp\lang\zh-cn.php
[ info ] [ ROUTE ] array (
  'type' => 'module',
  'module' => 
  array (
    0 => 'backend',
    1 => 'goods',
    2 => 'view',
  ),
)
[ info ] [ HEADER ] array (
  'host' => 'localhost:8000',
  'connection' => 'keep-alive',
  'user-agent' => 'Mozilla/5.0 (Windows NT 10.0; WOW64) AppleWebKit/537.36 (KHTML, like Gecko) Chrome/64.0.3282.186 Safari/537.36',
  'accept' => 'image/webp,image/apng,image/*,*/*;q=0.8',
  'referer' => 'http://localhost:8000/hf171029-stage4/hf1710-justgo/public/backend/goods/goodsdetails?goodsid=3',
  'accept-encoding' => 'gzip, deflate, br',
  'accept-language' => 'zh-CN,zh;q=0.9',
)
[ info ] [ PARAM ] array (
  'img' => 'g03.jpg',
)
[ info ] [ LOG ] INIT File

---------------------------------------------------------------
[ 2018-05-08T23:53:01+08:00 ] ::1 ::1 GET /hf171029-stage4/hf1710-justgo/public/backend/goods/edit?goodsid=4
[ log ] localhost:8000/hf171029-stage4/hf1710-justgo/public/backend/goods/edit?goodsid=4 [运行时间：0.077929s][吞吐率：12.83req/s] [内存消耗：2,519.46kb] [文件加载：53]
[ info ] [ LANG ] C:\AppServ\www\hf171029-stage4\hf1710-justgo\thinkphp\lang\zh-cn.php
[ info ] [ ROUTE ] array (
  'type' => 'module',
  'module' => 
  array (
    0 => 'backend',
    1 => 'goods',
    2 => 'edit',
  ),
)
[ info ] [ HEADER ] array (
  'host' => 'localhost:8000',
  'connection' => 'keep-alive',
  'upgrade-insecure-requests' => '1',
  'user-agent' => 'Mozilla/5.0 (Windows NT 10.0; WOW64) AppleWebKit/537.36 (KHTML, like Gecko) Chrome/64.0.3282.186 Safari/537.36',
  'accept' => 'text/html,application/xhtml+xml,application/xml;q=0.9,image/webp,image/apng,*/*;q=0.8',
  'referer' => 'http://localhost:8000/hf171029-stage4/hf1710-justgo/public/backend/index/goodsInfo.html',
  'accept-encoding' => 'gzip, deflate, br',
  'accept-language' => 'zh-CN,zh;q=0.9',
)
[ info ] [ PARAM ] array (
  'goodsid' => '4',
)
[ info ] [ RUN ] app\backend\controller\Goods->edit[ C:\AppServ\www\hf171029-stage4\hf1710-justgo\application\backend\controller\Goods.php ]
[ info ] [ DB ] INIT mysql
[ info ] [ DB ] INIT mysql
[ info ] [ VIEW ] C:\AppServ\www\hf171029-stage4\hf1710-justgo\public/../application/backend\view\goodsedit.html [ array (
  0 => 'location',
  1 => 'thedetails',
) ]
[ info ] [ LOG ] INIT File
[ sql ] [ DB ] CONNECT:[ UseTime:0.001499s ] mysql:dbname=justgo;host=127.0.0.1;port=3306;charset=utf8
[ sql ] [ SQL ] SHOW COLUMNS FROM `t_goods` [ RunTime:0.002623s ]
[ sql ] [ SQL ] SELECT * FROM `t_goods` INNER JOIN `t_location` `t_location` ON `t_location`.`locateid`=`t_goods`.`locateid` WHERE  `goodsid` = 4 LIMIT 1 [ RunTime:0.000953s ]
[ sql ] [ DB ] CONNECT:[ UseTime:0.001707s ] mysql:dbname=justgo;host=127.0.0.1;port=3306;charset=utf8
[ sql ] [ SQL ] SHOW COLUMNS FROM `t_location` [ RunTime:0.001461s ]
[ sql ] [ SQL ] SELECT * FROM `t_location` WHERE  `fid` = 0 [ RunTime:0.001281s ]

---------------------------------------------------------------
[ 2018-05-08T23:53:01+08:00 ] ::1 ::1 POST /hf171029-stage4/hf1710-justgo/public/backend/goods/getsalesway.html
[ log ] localhost:8000/hf171029-stage4/hf1710-justgo/public/backend/goods/getsalesway.html [运行时间：0.084225s][吞吐率：11.87req/s] [内存消耗：2,413.85kb] [文件加载：51]
[ info ] [ LANG ] C:\AppServ\www\hf171029-stage4\hf1710-justgo\thinkphp\lang\zh-cn.php
[ info ] [ ROUTE ] array (
  'type' => 'module',
  'module' => 
  array (
    0 => 'backend',
    1 => 'goods',
    2 => 'getsalesway',
  ),
)
[ info ] [ HEADER ] array (
  'host' => 'localhost:8000',
  'connection' => 'keep-alive',
  'content-length' => '9',
  'accept' => 'application/json, text/javascript, */*; q=0.01',
  'origin' => 'http://localhost:8000',
  'x-requested-with' => 'XMLHttpRequest',
  'user-agent' => 'Mozilla/5.0 (Windows NT 10.0; WOW64) AppleWebKit/537.36 (KHTML, like Gecko) Chrome/64.0.3282.186 Safari/537.36',
  'content-type' => 'application/x-www-form-urlencoded; charset=UTF-8',
  'referer' => 'http://localhost:8000/hf171029-stage4/hf1710-justgo/public/backend/goods/edit?goodsid=4',
  'accept-encoding' => 'gzip, deflate, br',
  'accept-language' => 'zh-CN,zh;q=0.9',
)
[ info ] [ PARAM ] array (
  'goodsid' => '4',
)
[ info ] [ RUN ] app\backend\controller\Goods->getSalesWay[ C:\AppServ\www\hf171029-stage4\hf1710-justgo\application\backend\controller\Goods.php ]
[ info ] [ DB ] INIT mysql
[ info ] [ LOG ] INIT File
[ sql ] [ DB ] CONNECT:[ UseTime:0.013352s ] mysql:dbname=justgo;host=127.0.0.1;port=3306;charset=utf8
[ sql ] [ SQL ] SHOW COLUMNS FROM `t_goods` [ RunTime:0.001443s ]
[ sql ] [ SQL ] SELECT * FROM `t_goods` INNER JOIN `t_location` `t_location` ON `t_location`.`locateid`=`t_goods`.`locateid` WHERE  `goodsid` = 4 LIMIT 1 [ RunTime:0.002251s ]

---------------------------------------------------------------
[ 2018-05-08T23:53:07+08:00 ] ::1 ::1 GET /hf171029-stage4/hf1710-justgo/public/backend/goods/edit?goodsid=7
[ log ] localhost:8000/hf171029-stage4/hf1710-justgo/public/backend/goods/edit?goodsid=7 [运行时间：0.075204s][吞吐率：13.30req/s] [内存消耗：2,519.40kb] [文件加载：53]
[ info ] [ LANG ] C:\AppServ\www\hf171029-stage4\hf1710-justgo\thinkphp\lang\zh-cn.php
[ info ] [ ROUTE ] array (
  'type' => 'module',
  'module' => 
  array (
    0 => 'backend',
    1 => 'goods',
    2 => 'edit',
  ),
)
[ info ] [ HEADER ] array (
  'host' => 'localhost:8000',
  'connection' => 'keep-alive',
  'upgrade-insecure-requests' => '1',
  'user-agent' => 'Mozilla/5.0 (Windows NT 10.0; WOW64) AppleWebKit/537.36 (KHTML, like Gecko) Chrome/64.0.3282.186 Safari/537.36',
  'accept' => 'text/html,application/xhtml+xml,application/xml;q=0.9,image/webp,image/apng,*/*;q=0.8',
  'referer' => 'http://localhost:8000/hf171029-stage4/hf1710-justgo/public/backend/index/goodsInfo.html',
  'accept-encoding' => 'gzip, deflate, br',
  'accept-language' => 'zh-CN,zh;q=0.9',
)
[ info ] [ PARAM ] array (
  'goodsid' => '7',
)
[ info ] [ RUN ] app\backend\controller\Goods->edit[ C:\AppServ\www\hf171029-stage4\hf1710-justgo\application\backend\controller\Goods.php ]
[ info ] [ DB ] INIT mysql
[ info ] [ DB ] INIT mysql
[ info ] [ VIEW ] C:\AppServ\www\hf171029-stage4\hf1710-justgo\public/../application/backend\view\goodsedit.html [ array (
  0 => 'location',
  1 => 'thedetails',
) ]
[ info ] [ LOG ] INIT File
[ sql ] [ DB ] CONNECT:[ UseTime:0.001794s ] mysql:dbname=justgo;host=127.0.0.1;port=3306;charset=utf8
[ sql ] [ SQL ] SHOW COLUMNS FROM `t_goods` [ RunTime:0.001723s ]
[ sql ] [ SQL ] SELECT * FROM `t_goods` INNER JOIN `t_location` `t_location` ON `t_location`.`locateid`=`t_goods`.`locateid` WHERE  `goodsid` = 7 LIMIT 1 [ RunTime:0.001056s ]
[ sql ] [ DB ] CONNECT:[ UseTime:0.010879s ] mysql:dbname=justgo;host=127.0.0.1;port=3306;charset=utf8
[ sql ] [ SQL ] SHOW COLUMNS FROM `t_location` [ RunTime:0.001445s ]
[ sql ] [ SQL ] SELECT * FROM `t_location` WHERE  `fid` = 0 [ RunTime:0.001203s ]

---------------------------------------------------------------
[ 2018-05-08T23:53:08+08:00 ] ::1 ::1 POST /hf171029-stage4/hf1710-justgo/public/backend/goods/getsalesway.html
[ log ] localhost:8000/hf171029-stage4/hf1710-justgo/public/backend/goods/getsalesway.html [运行时间：0.111815s][吞吐率：8.94req/s] [内存消耗：2,413.83kb] [文件加载：51]
[ info ] [ LANG ] C:\AppServ\www\hf171029-stage4\hf1710-justgo\thinkphp\lang\zh-cn.php
[ info ] [ ROUTE ] array (
  'type' => 'module',
  'module' => 
  array (
    0 => 'backend',
    1 => 'goods',
    2 => 'getsalesway',
  ),
)
[ info ] [ HEADER ] array (
  'host' => 'localhost:8000',
  'connection' => 'keep-alive',
  'content-length' => '9',
  'accept' => 'application/json, text/javascript, */*; q=0.01',
  'origin' => 'http://localhost:8000',
  'x-requested-with' => 'XMLHttpRequest',
  'user-agent' => 'Mozilla/5.0 (Windows NT 10.0; WOW64) AppleWebKit/537.36 (KHTML, like Gecko) Chrome/64.0.3282.186 Safari/537.36',
  'content-type' => 'application/x-www-form-urlencoded; charset=UTF-8',
  'referer' => 'http://localhost:8000/hf171029-stage4/hf1710-justgo/public/backend/goods/edit?goodsid=7',
  'accept-encoding' => 'gzip, deflate, br',
  'accept-language' => 'zh-CN,zh;q=0.9',
)
[ info ] [ PARAM ] array (
  'goodsid' => '7',
)
[ info ] [ RUN ] app\backend\controller\Goods->getSalesWay[ C:\AppServ\www\hf171029-stage4\hf1710-justgo\application\backend\controller\Goods.php ]
[ info ] [ DB ] INIT mysql
[ info ] [ LOG ] INIT File
[ sql ] [ DB ] CONNECT:[ UseTime:0.014155s ] mysql:dbname=justgo;host=127.0.0.1;port=3306;charset=utf8
[ sql ] [ SQL ] SHOW COLUMNS FROM `t_goods` [ RunTime:0.002017s ]
[ sql ] [ SQL ] SELECT * FROM `t_goods` INNER JOIN `t_location` `t_location` ON `t_location`.`locateid`=`t_goods`.`locateid` WHERE  `goodsid` = 7 LIMIT 1 [ RunTime:0.001404s ]

---------------------------------------------------------------
[ 2018-05-08T23:54:17+08:00 ] ::1 ::1 GET /hf171029-stage4/hf1710-justgo/public/backend/index/goodsInfo.html
[ log ] localhost:8000/hf171029-stage4/hf1710-justgo/public/backend/index/goodsInfo.html [运行时间：0.038726s][吞吐率：25.82req/s] [内存消耗：1,673.29kb] [文件加载：45]
[ info ] [ LANG ] C:\AppServ\www\hf171029-stage4\hf1710-justgo\thinkphp\lang\zh-cn.php
[ info ] [ ROUTE ] array (
  'type' => 'module',
  'module' => 
  array (
    0 => 'backend',
    1 => 'index',
    2 => 'goodsInfo',
  ),
)
[ info ] [ HEADER ] array (
  'host' => 'localhost:8000',
  'connection' => 'keep-alive',
  'upgrade-insecure-requests' => '1',
  'user-agent' => 'Mozilla/5.0 (Windows NT 10.0; WOW64) AppleWebKit/537.36 (KHTML, like Gecko) Chrome/64.0.3282.186 Safari/537.36',
  'accept' => 'text/html,application/xhtml+xml,application/xml;q=0.9,image/webp,image/apng,*/*;q=0.8',
  'referer' => 'http://localhost:8000/hf171029-stage4/hf1710-justgo/public/backend/index/index',
  'accept-encoding' => 'gzip, deflate, br',
  'accept-language' => 'zh-CN,zh;q=0.9',
)
[ info ] [ PARAM ] array (
)
[ info ] [ RUN ] app\backend\controller\Index->goodsInfo[ C:\AppServ\www\hf171029-stage4\hf1710-justgo\application\backend\controller\Index.php ]
[ info ] [ VIEW ] C:\AppServ\www\hf171029-stage4\hf1710-justgo\public/../application/backend\view\goodsInfo.html [ array (
) ]
[ info ] [ LOG ] INIT File

---------------------------------------------------------------
[ 2018-05-08T23:54:17+08:00 ] ::1 ::1 GET /hf171029-stage4/hf1710-justgo/public/backend/goods/getgoods?page=1&limit=10
[ log ] localhost:8000/hf171029-stage4/hf1710-justgo/public/backend/goods/getgoods?page=1&limit=10 [运行时间：0.083976s][吞吐率：11.91req/s] [内存消耗：2,475.88kb] [文件加载：51]
[ info ] [ LANG ] C:\AppServ\www\hf171029-stage4\hf1710-justgo\thinkphp\lang\zh-cn.php
[ info ] [ ROUTE ] array (
  'type' => 'module',
  'module' => 
  array (
    0 => 'backend',
    1 => 'goods',
    2 => 'getgoods',
  ),
)
[ info ] [ HEADER ] array (
  'host' => 'localhost:8000',
  'connection' => 'keep-alive',
  'accept' => 'application/json, text/javascript, */*; q=0.01',
  'x-requested-with' => 'XMLHttpRequest',
  'user-agent' => 'Mozilla/5.0 (Windows NT 10.0; WOW64) AppleWebKit/537.36 (KHTML, like Gecko) Chrome/64.0.3282.186 Safari/537.36',
  'referer' => 'http://localhost:8000/hf171029-stage4/hf1710-justgo/public/backend/index/goodsInfo.html',
  'accept-encoding' => 'gzip, deflate, br',
  'accept-language' => 'zh-CN,zh;q=0.9',
)
[ info ] [ PARAM ] array (
  'page' => '1',
  'limit' => '10',
)
[ info ] [ RUN ] app\backend\controller\Goods->getgoods[ C:\AppServ\www\hf171029-stage4\hf1710-justgo\application\backend\controller\Goods.php ]
[ info ] [ DB ] INIT mysql
[ info ] [ DB ] INIT mysql
[ info ] [ LOG ] INIT File
[ sql ] [ DB ] CONNECT:[ UseTime:0.002590s ] mysql:dbname=justgo;host=127.0.0.1;port=3306;charset=utf8
[ sql ] [ SQL ] SHOW COLUMNS FROM `t_goods` [ RunTime:0.002012s ]
[ sql ] [ SQL ] SELECT * FROM `t_goods` [ RunTime:0.001311s ]
[ sql ] [ DB ] CONNECT:[ UseTime:0.002677s ] mysql:dbname=justgo;host=127.0.0.1;port=3306;charset=utf8
[ sql ] [ SQL ] SELECT * FROM `t_goods` INNER JOIN `t_location` `t_location` ON `t_location`.`locateid`=`t_goods`.`locateid` LIMIT 0,10 [ RunTime:0.001312s ]

---------------------------------------------------------------
[ 2018-05-08T23:54:21+08:00 ] ::1 ::1 GET /hf171029-stage4/hf1710-justgo/public/backend/goods/goodsdetails?goodsid=6
[ log ] localhost:8000/hf171029-stage4/hf1710-justgo/public/backend/goods/goodsdetails?goodsid=6 [运行时间：0.064995s][吞吐率：15.39req/s] [内存消耗：2,418.23kb] [文件加载：52]
[ info ] [ LANG ] C:\AppServ\www\hf171029-stage4\hf1710-justgo\thinkphp\lang\zh-cn.php
[ info ] [ ROUTE ] array (
  'type' => 'module',
  'module' => 
  array (
    0 => 'backend',
    1 => 'goods',
    2 => 'goodsdetails',
  ),
)
[ info ] [ HEADER ] array (
  'host' => 'localhost:8000',
  'connection' => 'keep-alive',
  'upgrade-insecure-requests' => '1',
  'user-agent' => 'Mozilla/5.0 (Windows NT 10.0; WOW64) AppleWebKit/537.36 (KHTML, like Gecko) Chrome/64.0.3282.186 Safari/537.36',
  'accept' => 'text/html,application/xhtml+xml,application/xml;q=0.9,image/webp,image/apng,*/*;q=0.8',
  'referer' => 'http://localhost:8000/hf171029-stage4/hf1710-justgo/public/backend/index/goodsInfo.html',
  'accept-encoding' => 'gzip, deflate, br',
  'accept-language' => 'zh-CN,zh;q=0.9',
)
[ info ] [ PARAM ] array (
  'goodsid' => '6',
)
[ info ] [ RUN ] app\backend\controller\Goods->goodsdetails[ C:\AppServ\www\hf171029-stage4\hf1710-justgo\application\backend\controller\Goods.php ]
[ info ] [ DB ] INIT mysql
[ info ] [ VIEW ] C:\AppServ\www\hf171029-stage4\hf1710-justgo\public/../application/backend\view\goodsdetails.html [ array (
  0 => 'thedetails',
) ]
[ info ] [ LOG ] INIT File
[ sql ] [ DB ] CONNECT:[ UseTime:0.001912s ] mysql:dbname=justgo;host=127.0.0.1;port=3306;charset=utf8
[ sql ] [ SQL ] SHOW COLUMNS FROM `t_goods` [ RunTime:0.001418s ]
[ sql ] [ SQL ] SELECT * FROM `t_goods` INNER JOIN `t_location` `t_location` ON `t_location`.`locateid`=`t_goods`.`locateid` WHERE  `goodsid` = 6 [ RunTime:0.000884s ]

---------------------------------------------------------------
[ 2018-05-08T23:54:21+08:00 ] ::1 ::1 GET /hf171029-stage4/hf1710-justgo/public/backend/goods/view/img/g06.jpg
[ log ] localhost:8000/hf171029-stage4/hf1710-justgo/public/backend/goods/view/img/g06.jpg [运行时间：0.060587s][吞吐率：16.51req/s] [内存消耗：1,738.01kb] [文件加载：47]
[ info ] [ LANG ] C:\AppServ\www\hf171029-stage4\hf1710-justgo\thinkphp\lang\zh-cn.php
[ info ] [ ROUTE ] array (
  'type' => 'module',
  'module' => 
  array (
    0 => 'backend',
    1 => 'goods',
    2 => 'view',
  ),
)
[ info ] [ HEADER ] array (
  'host' => 'localhost:8000',
  'connection' => 'keep-alive',
  'user-agent' => 'Mozilla/5.0 (Windows NT 10.0; WOW64) AppleWebKit/537.36 (KHTML, like Gecko) Chrome/64.0.3282.186 Safari/537.36',
  'accept' => 'image/webp,image/apng,image/*,*/*;q=0.8',
  'referer' => 'http://localhost:8000/hf171029-stage4/hf1710-justgo/public/backend/goods/goodsdetails?goodsid=6',
  'accept-encoding' => 'gzip, deflate, br',
  'accept-language' => 'zh-CN,zh;q=0.9',
)
[ info ] [ PARAM ] array (
  'img' => 'g06.jpg',
)
[ info ] [ LOG ] INIT File

---------------------------------------------------------------
[ 2018-05-08T23:54:29+08:00 ] ::1 ::1 GET /hf171029-stage4/hf1710-justgo/public/backend/goods/edit?goodsid=5
[ log ] localhost:8000/hf171029-stage4/hf1710-justgo/public/backend/goods/edit?goodsid=5 [运行时间：0.091129s][吞吐率：10.97req/s] [内存消耗：2,672.73kb] [文件加载：55]
[ info ] [ LANG ] C:\AppServ\www\hf171029-stage4\hf1710-justgo\thinkphp\lang\zh-cn.php
[ info ] [ ROUTE ] array (
  'type' => 'module',
  'module' => 
  array (
    0 => 'backend',
    1 => 'goods',
    2 => 'edit',
  ),
)
[ info ] [ HEADER ] array (
  'host' => 'localhost:8000',
  'connection' => 'keep-alive',
  'upgrade-insecure-requests' => '1',
  'user-agent' => 'Mozilla/5.0 (Windows NT 10.0; WOW64) AppleWebKit/537.36 (KHTML, like Gecko) Chrome/64.0.3282.186 Safari/537.36',
  'accept' => 'text/html,application/xhtml+xml,application/xml;q=0.9,image/webp,image/apng,*/*;q=0.8',
  'referer' => 'http://localhost:8000/hf171029-stage4/hf1710-justgo/public/backend/index/goodsInfo.html',
  'accept-encoding' => 'gzip, deflate, br',
  'accept-language' => 'zh-CN,zh;q=0.9',
)
[ info ] [ PARAM ] array (
  'goodsid' => '5',
)
[ info ] [ RUN ] app\backend\controller\Goods->edit[ C:\AppServ\www\hf171029-stage4\hf1710-justgo\application\backend\controller\Goods.php ]
[ info ] [ DB ] INIT mysql
[ info ] [ DB ] INIT mysql
[ info ] [ VIEW ] C:\AppServ\www\hf171029-stage4\hf1710-justgo\public/../application/backend\view\goodsedit.html [ array (
  0 => 'location',
  1 => 'thedetails',
) ]
[ info ] [ LOG ] INIT File
[ sql ] [ DB ] CONNECT:[ UseTime:0.003080s ] mysql:dbname=justgo;host=127.0.0.1;port=3306;charset=utf8
[ sql ] [ SQL ] SHOW COLUMNS FROM `t_goods` [ RunTime:0.002162s ]
[ sql ] [ SQL ] SELECT * FROM `t_goods` INNER JOIN `t_location` `t_location` ON `t_location`.`locateid`=`t_goods`.`locateid` WHERE  `goodsid` = 5 LIMIT 1 [ RunTime:0.001219s ]
[ sql ] [ DB ] CONNECT:[ UseTime:0.002801s ] mysql:dbname=justgo;host=127.0.0.1;port=3306;charset=utf8
[ sql ] [ SQL ] SHOW COLUMNS FROM `t_location` [ RunTime:0.003417s ]
[ sql ] [ SQL ] SELECT * FROM `t_location` WHERE  `fid` = 0 [ RunTime:0.001577s ]

---------------------------------------------------------------
[ 2018-05-08T23:54:29+08:00 ] ::1 ::1 POST /hf171029-stage4/hf1710-justgo/public/backend/goods/getsalesway.html
[ log ] localhost:8000/hf171029-stage4/hf1710-justgo/public/backend/goods/getsalesway.html [运行时间：0.050279s][吞吐率：19.89req/s] [内存消耗：2,413.80kb] [文件加载：51]
[ info ] [ LANG ] C:\AppServ\www\hf171029-stage4\hf1710-justgo\thinkphp\lang\zh-cn.php
[ info ] [ ROUTE ] array (
  'type' => 'module',
  'module' => 
  array (
    0 => 'backend',
    1 => 'goods',
    2 => 'getsalesway',
  ),
)
[ info ] [ HEADER ] array (
  'host' => 'localhost:8000',
  'connection' => 'keep-alive',
  'content-length' => '9',
  'accept' => 'application/json, text/javascript, */*; q=0.01',
  'origin' => 'http://localhost:8000',
  'x-requested-with' => 'XMLHttpRequest',
  'user-agent' => 'Mozilla/5.0 (Windows NT 10.0; WOW64) AppleWebKit/537.36 (KHTML, like Gecko) Chrome/64.0.3282.186 Safari/537.36',
  'content-type' => 'application/x-www-form-urlencoded; charset=UTF-8',
  'referer' => 'http://localhost:8000/hf171029-stage4/hf1710-justgo/public/backend/goods/edit?goodsid=5',
  'accept-encoding' => 'gzip, deflate, br',
  'accept-language' => 'zh-CN,zh;q=0.9',
)
[ info ] [ PARAM ] array (
  'goodsid' => '5',
)
[ info ] [ RUN ] app\backend\controller\Goods->getSalesWay[ C:\AppServ\www\hf171029-stage4\hf1710-justgo\application\backend\controller\Goods.php ]
[ info ] [ DB ] INIT mysql
[ info ] [ LOG ] INIT File
[ sql ] [ DB ] CONNECT:[ UseTime:0.001352s ] mysql:dbname=justgo;host=127.0.0.1;port=3306;charset=utf8
[ sql ] [ SQL ] SHOW COLUMNS FROM `t_goods` [ RunTime:0.001324s ]
[ sql ] [ SQL ] SELECT * FROM `t_goods` INNER JOIN `t_location` `t_location` ON `t_location`.`locateid`=`t_goods`.`locateid` WHERE  `goodsid` = 5 LIMIT 1 [ RunTime:0.000657s ]

---------------------------------------------------------------
[ 2018-05-08T23:55:27+08:00 ] ::1 ::1 GET /hf171029-stage4/hf1710-justgo/public/backend/index/goodsInfo.html
[ log ] localhost:8000/hf171029-stage4/hf1710-justgo/public/backend/index/goodsInfo.html [运行时间：0.049055s][吞吐率：20.39req/s] [内存消耗：1,673.29kb] [文件加载：45]
[ info ] [ LANG ] C:\AppServ\www\hf171029-stage4\hf1710-justgo\thinkphp\lang\zh-cn.php
[ info ] [ ROUTE ] array (
  'type' => 'module',
  'module' => 
  array (
    0 => 'backend',
    1 => 'index',
    2 => 'goodsInfo',
  ),
)
[ info ] [ HEADER ] array (
  'host' => 'localhost:8000',
  'connection' => 'keep-alive',
  'upgrade-insecure-requests' => '1',
  'user-agent' => 'Mozilla/5.0 (Windows NT 10.0; WOW64) AppleWebKit/537.36 (KHTML, like Gecko) Chrome/64.0.3282.186 Safari/537.36',
  'accept' => 'text/html,application/xhtml+xml,application/xml;q=0.9,image/webp,image/apng,*/*;q=0.8',
  'referer' => 'http://localhost:8000/hf171029-stage4/hf1710-justgo/public/backend/index/index',
  'accept-encoding' => 'gzip, deflate, br',
  'accept-language' => 'zh-CN,zh;q=0.9',
)
[ info ] [ PARAM ] array (
)
[ info ] [ RUN ] app\backend\controller\Index->goodsInfo[ C:\AppServ\www\hf171029-stage4\hf1710-justgo\application\backend\controller\Index.php ]
[ info ] [ VIEW ] C:\AppServ\www\hf171029-stage4\hf1710-justgo\public/../application/backend\view\goodsInfo.html [ array (
) ]
[ info ] [ LOG ] INIT File

---------------------------------------------------------------
[ 2018-05-08T23:55:27+08:00 ] ::1 ::1 GET /hf171029-stage4/hf1710-justgo/public/backend/goods/getgoods?page=1&limit=10
[ log ] localhost:8000/hf171029-stage4/hf1710-justgo/public/backend/goods/getgoods?page=1&limit=10 [运行时间：0.089777s][吞吐率：11.14req/s] [内存消耗：2,475.88kb] [文件加载：51]
[ info ] [ LANG ] C:\AppServ\www\hf171029-stage4\hf1710-justgo\thinkphp\lang\zh-cn.php
[ info ] [ ROUTE ] array (
  'type' => 'module',
  'module' => 
  array (
    0 => 'backend',
    1 => 'goods',
    2 => 'getgoods',
  ),
)
[ info ] [ HEADER ] array (
  'host' => 'localhost:8000',
  'connection' => 'keep-alive',
  'accept' => 'application/json, text/javascript, */*; q=0.01',
  'x-requested-with' => 'XMLHttpRequest',
  'user-agent' => 'Mozilla/5.0 (Windows NT 10.0; WOW64) AppleWebKit/537.36 (KHTML, like Gecko) Chrome/64.0.3282.186 Safari/537.36',
  'referer' => 'http://localhost:8000/hf171029-stage4/hf1710-justgo/public/backend/index/goodsInfo.html',
  'accept-encoding' => 'gzip, deflate, br',
  'accept-language' => 'zh-CN,zh;q=0.9',
)
[ info ] [ PARAM ] array (
  'page' => '1',
  'limit' => '10',
)
[ info ] [ RUN ] app\backend\controller\Goods->getgoods[ C:\AppServ\www\hf171029-stage4\hf1710-justgo\application\backend\controller\Goods.php ]
[ info ] [ DB ] INIT mysql
[ info ] [ DB ] INIT mysql
[ info ] [ LOG ] INIT File
[ sql ] [ DB ] CONNECT:[ UseTime:0.010583s ] mysql:dbname=justgo;host=127.0.0.1;port=3306;charset=utf8
[ sql ] [ SQL ] SHOW COLUMNS FROM `t_goods` [ RunTime:0.001073s ]
[ sql ] [ SQL ] SELECT * FROM `t_goods` [ RunTime:0.000941s ]
[ sql ] [ DB ] CONNECT:[ UseTime:0.012259s ] mysql:dbname=justgo;host=127.0.0.1;port=3306;charset=utf8
[ sql ] [ SQL ] SELECT * FROM `t_goods` INNER JOIN `t_location` `t_location` ON `t_location`.`locateid`=`t_goods`.`locateid` LIMIT 0,10 [ RunTime:0.000828s ]

---------------------------------------------------------------
[ 2018-05-08T23:55:30+08:00 ] ::1 ::1 GET /hf171029-stage4/hf1710-justgo/public/backend/index/pendingPage.html
[ log ] localhost:8000/hf171029-stage4/hf1710-justgo/public/backend/index/pendingPage.html [运行时间：0.043637s][吞吐率：22.92req/s] [内存消耗：1,673.32kb] [文件加载：45]
[ info ] [ LANG ] C:\AppServ\www\hf171029-stage4\hf1710-justgo\thinkphp\lang\zh-cn.php
[ info ] [ ROUTE ] array (
  'type' => 'module',
  'module' => 
  array (
    0 => 'backend',
    1 => 'index',
    2 => 'pendingPage',
  ),
)
[ info ] [ HEADER ] array (
  'host' => 'localhost:8000',
  'connection' => 'keep-alive',
  'upgrade-insecure-requests' => '1',
  'user-agent' => 'Mozilla/5.0 (Windows NT 10.0; WOW64) AppleWebKit/537.36 (KHTML, like Gecko) Chrome/64.0.3282.186 Safari/537.36',
  'accept' => 'text/html,application/xhtml+xml,application/xml;q=0.9,image/webp,image/apng,*/*;q=0.8',
  'referer' => 'http://localhost:8000/hf171029-stage4/hf1710-justgo/public/backend/index/index',
  'accept-encoding' => 'gzip, deflate, br',
  'accept-language' => 'zh-CN,zh;q=0.9',
)
[ info ] [ PARAM ] array (
)
[ info ] [ RUN ] app\backend\controller\Index->pendingPage[ C:\AppServ\www\hf171029-stage4\hf1710-justgo\application\backend\controller\Index.php ]
[ info ] [ VIEW ] C:\AppServ\www\hf171029-stage4\hf1710-justgo\public/../application/backend\view\pending.html [ array (
) ]
[ info ] [ LOG ] INIT File

---------------------------------------------------------------
[ 2018-05-08T23:55:30+08:00 ] ::1 ::1 GET /hf171029-stage4/hf1710-justgo/public/backend/goods/getpending?page=1&limit=10
[ log ] localhost:8000/hf171029-stage4/hf1710-justgo/public/backend/goods/getpending?page=1&limit=10 [运行时间：0.109669s][吞吐率：9.12req/s] [内存消耗：2,442.68kb] [文件加载：51]
[ info ] [ LANG ] C:\AppServ\www\hf171029-stage4\hf1710-justgo\thinkphp\lang\zh-cn.php
[ info ] [ ROUTE ] array (
  'type' => 'module',
  'module' => 
  array (
    0 => 'backend',
    1 => 'goods',
    2 => 'getpending',
  ),
)
[ info ] [ HEADER ] array (
  'host' => 'localhost:8000',
  'connection' => 'keep-alive',
  'accept' => 'application/json, text/javascript, */*; q=0.01',
  'x-requested-with' => 'XMLHttpRequest',
  'user-agent' => 'Mozilla/5.0 (Windows NT 10.0; WOW64) AppleWebKit/537.36 (KHTML, like Gecko) Chrome/64.0.3282.186 Safari/537.36',
  'referer' => 'http://localhost:8000/hf171029-stage4/hf1710-justgo/public/backend/index/pendingPage.html',
  'accept-encoding' => 'gzip, deflate, br',
  'accept-language' => 'zh-CN,zh;q=0.9',
)
[ info ] [ PARAM ] array (
  'page' => '1',
  'limit' => '10',
)
[ info ] [ RUN ] app\backend\controller\Goods->getpending[ C:\AppServ\www\hf171029-stage4\hf1710-justgo\application\backend\controller\Goods.php ]
[ info ] [ DB ] INIT mysql
[ info ] [ DB ] INIT mysql
[ info ] [ LOG ] INIT File
[ sql ] [ DB ] CONNECT:[ UseTime:0.012541s ] mysql:dbname=justgo;host=127.0.0.1;port=3306;charset=utf8
[ sql ] [ SQL ] SHOW COLUMNS FROM `t_orders` [ RunTime:0.003075s ]
[ sql ] [ SQL ] SELECT * FROM `t_orders` [ RunTime:0.001245s ]
[ sql ] [ DB ] CONNECT:[ UseTime:0.011642s ] mysql:dbname=justgo;host=127.0.0.1;port=3306;charset=utf8
[ sql ] [ SQL ] SELECT * FROM `t_orders` INNER JOIN `t_orderStatus` `t_orderStatus` ON `t_orderStatus`.`orderStatus`=`t_orders`.`orderStatus` INNER JOIN `t_goods` `t_goods` ON `t_goods`.`goodsid`=`t_orders`.`goodsid` WHERE  `t_orderStatus`.`orderStatus` = 1 LIMIT 0,10 [ RunTime:0.002946s ]

---------------------------------------------------------------
[ 2018-05-08T23:55:33+08:00 ] ::1 ::1 GET /hf171029-stage4/hf1710-justgo/public/backend/index/boughtPage.html
[ log ] localhost:8000/hf171029-stage4/hf1710-justgo/public/backend/index/boughtPage.html [运行时间：0.045434s][吞吐率：22.01req/s] [内存消耗：1,818.66kb] [文件加载：47]
[ info ] [ LANG ] C:\AppServ\www\hf171029-stage4\hf1710-justgo\thinkphp\lang\zh-cn.php
[ info ] [ ROUTE ] array (
  'type' => 'module',
  'module' => 
  array (
    0 => 'backend',
    1 => 'index',
    2 => 'boughtPage',
  ),
)
[ info ] [ HEADER ] array (
  'host' => 'localhost:8000',
  'connection' => 'keep-alive',
  'upgrade-insecure-requests' => '1',
  'user-agent' => 'Mozilla/5.0 (Windows NT 10.0; WOW64) AppleWebKit/537.36 (KHTML, like Gecko) Chrome/64.0.3282.186 Safari/537.36',
  'accept' => 'text/html,application/xhtml+xml,application/xml;q=0.9,image/webp,image/apng,*/*;q=0.8',
  'referer' => 'http://localhost:8000/hf171029-stage4/hf1710-justgo/public/backend/index/index',
  'accept-encoding' => 'gzip, deflate, br',
  'accept-language' => 'zh-CN,zh;q=0.9',
)
[ info ] [ PARAM ] array (
)
[ info ] [ RUN ] app\backend\controller\Index->boughtPage[ C:\AppServ\www\hf171029-stage4\hf1710-justgo\application\backend\controller\Index.php ]
[ info ] [ VIEW ] C:\AppServ\www\hf171029-stage4\hf1710-justgo\public/../application/backend\view\paid.html [ array (
) ]
[ info ] [ LOG ] INIT File

---------------------------------------------------------------
[ 2018-05-08T23:55:33+08:00 ] ::1 ::1 GET /hf171029-stage4/hf1710-justgo/public/backend/goods/getpaid?page=1&limit=10
[ log ] localhost:8000/hf171029-stage4/hf1710-justgo/public/backend/goods/getpaid?page=1&limit=10 [运行时间：0.134020s][吞吐率：7.46req/s] [内存消耗：2,437.26kb] [文件加载：51]
[ info ] [ LANG ] C:\AppServ\www\hf171029-stage4\hf1710-justgo\thinkphp\lang\zh-cn.php
[ info ] [ ROUTE ] array (
  'type' => 'module',
  'module' => 
  array (
    0 => 'backend',
    1 => 'goods',
    2 => 'getpaid',
  ),
)
[ info ] [ HEADER ] array (
  'host' => 'localhost:8000',
  'connection' => 'keep-alive',
  'accept' => 'application/json, text/javascript, */*; q=0.01',
  'x-requested-with' => 'XMLHttpRequest',
  'user-agent' => 'Mozilla/5.0 (Windows NT 10.0; WOW64) AppleWebKit/537.36 (KHTML, like Gecko) Chrome/64.0.3282.186 Safari/537.36',
  'referer' => 'http://localhost:8000/hf171029-stage4/hf1710-justgo/public/backend/index/boughtPage.html',
  'accept-encoding' => 'gzip, deflate, br',
  'accept-language' => 'zh-CN,zh;q=0.9',
)
[ info ] [ PARAM ] array (
  'page' => '1',
  'limit' => '10',
)
[ info ] [ RUN ] app\backend\controller\Goods->getpaid[ C:\AppServ\www\hf171029-stage4\hf1710-justgo\application\backend\controller\Goods.php ]
[ info ] [ DB ] INIT mysql
[ info ] [ DB ] INIT mysql
[ info ] [ LOG ] INIT File
[ sql ] [ DB ] CONNECT:[ UseTime:0.002547s ] mysql:dbname=justgo;host=127.0.0.1;port=3306;charset=utf8
[ sql ] [ SQL ] SHOW COLUMNS FROM `t_orders` [ RunTime:0.002041s ]
[ sql ] [ SQL ] SELECT * FROM `t_orders` [ RunTime:0.001097s ]
[ sql ] [ DB ] CONNECT:[ UseTime:0.003037s ] mysql:dbname=justgo;host=127.0.0.1;port=3306;charset=utf8
[ sql ] [ SQL ] SELECT * FROM `t_orders` INNER JOIN `t_orderStatus` `t_orderStatus` ON `t_orderStatus`.`orderStatus`=`t_orders`.`orderStatus` INNER JOIN `t_goods` `t_goods` ON `t_goods`.`goodsid`=`t_orders`.`goodsid` WHERE  `t_orderStatus`.`orderStatus` = 2 LIMIT 0,10 [ RunTime:0.001651s ]

---------------------------------------------------------------
[ 2018-05-08T23:55:35+08:00 ] ::1 ::1 GET /hf171029-stage4/hf1710-justgo/public/backend/index/pendingPage.html
[ log ] localhost:8000/hf171029-stage4/hf1710-justgo/public/backend/index/pendingPage.html [运行时间：0.038360s][吞吐率：26.07req/s] [内存消耗：1,673.32kb] [文件加载：45]
[ info ] [ LANG ] C:\AppServ\www\hf171029-stage4\hf1710-justgo\thinkphp\lang\zh-cn.php
[ info ] [ ROUTE ] array (
  'type' => 'module',
  'module' => 
  array (
    0 => 'backend',
    1 => 'index',
    2 => 'pendingPage',
  ),
)
[ info ] [ HEADER ] array (
  'host' => 'localhost:8000',
  'connection' => 'keep-alive',
  'upgrade-insecure-requests' => '1',
  'user-agent' => 'Mozilla/5.0 (Windows NT 10.0; WOW64) AppleWebKit/537.36 (KHTML, like Gecko) Chrome/64.0.3282.186 Safari/537.36',
  'accept' => 'text/html,application/xhtml+xml,application/xml;q=0.9,image/webp,image/apng,*/*;q=0.8',
  'referer' => 'http://localhost:8000/hf171029-stage4/hf1710-justgo/public/backend/index/index',
  'accept-encoding' => 'gzip, deflate, br',
  'accept-language' => 'zh-CN,zh;q=0.9',
)
[ info ] [ PARAM ] array (
)
[ info ] [ RUN ] app\backend\controller\Index->pendingPage[ C:\AppServ\www\hf171029-stage4\hf1710-justgo\application\backend\controller\Index.php ]
[ info ] [ VIEW ] C:\AppServ\www\hf171029-stage4\hf1710-justgo\public/../application/backend\view\pending.html [ array (
) ]
[ info ] [ LOG ] INIT File

---------------------------------------------------------------
[ 2018-05-08T23:55:36+08:00 ] ::1 ::1 GET /hf171029-stage4/hf1710-justgo/public/backend/goods/getpending?page=1&limit=10
[ log ] localhost:8000/hf171029-stage4/hf1710-justgo/public/backend/goods/getpending?page=1&limit=10 [运行时间：0.128808s][吞吐率：7.76req/s] [内存消耗：2,442.68kb] [文件加载：51]
[ info ] [ LANG ] C:\AppServ\www\hf171029-stage4\hf1710-justgo\thinkphp\lang\zh-cn.php
[ info ] [ ROUTE ] array (
  'type' => 'module',
  'module' => 
  array (
    0 => 'backend',
    1 => 'goods',
    2 => 'getpending',
  ),
)
[ info ] [ HEADER ] array (
  'host' => 'localhost:8000',
  'connection' => 'keep-alive',
  'accept' => 'application/json, text/javascript, */*; q=0.01',
  'x-requested-with' => 'XMLHttpRequest',
  'user-agent' => 'Mozilla/5.0 (Windows NT 10.0; WOW64) AppleWebKit/537.36 (KHTML, like Gecko) Chrome/64.0.3282.186 Safari/537.36',
  'referer' => 'http://localhost:8000/hf171029-stage4/hf1710-justgo/public/backend/index/pendingPage.html',
  'accept-encoding' => 'gzip, deflate, br',
  'accept-language' => 'zh-CN,zh;q=0.9',
)
[ info ] [ PARAM ] array (
  'page' => '1',
  'limit' => '10',
)
[ info ] [ RUN ] app\backend\controller\Goods->getpending[ C:\AppServ\www\hf171029-stage4\hf1710-justgo\application\backend\controller\Goods.php ]
[ info ] [ DB ] INIT mysql
[ info ] [ DB ] INIT mysql
[ info ] [ LOG ] INIT File
[ sql ] [ DB ] CONNECT:[ UseTime:0.018979s ] mysql:dbname=justgo;host=127.0.0.1;port=3306;charset=utf8
[ sql ] [ SQL ] SHOW COLUMNS FROM `t_orders` [ RunTime:0.001747s ]
[ sql ] [ SQL ] SELECT * FROM `t_orders` [ RunTime:0.001066s ]
[ sql ] [ DB ] CONNECT:[ UseTime:0.014801s ] mysql:dbname=justgo;host=127.0.0.1;port=3306;charset=utf8
[ sql ] [ SQL ] SELECT * FROM `t_orders` INNER JOIN `t_orderStatus` `t_orderStatus` ON `t_orderStatus`.`orderStatus`=`t_orders`.`orderStatus` INNER JOIN `t_goods` `t_goods` ON `t_goods`.`goodsid`=`t_orders`.`goodsid` WHERE  `t_orderStatus`.`orderStatus` = 1 LIMIT 0,10 [ RunTime:0.002136s ]

---------------------------------------------------------------
[ 2018-05-08T23:55:48+08:00 ] ::1 ::1 GET /hf171029-stage4/hf1710-justgo/public/backend/index/goodsInfo.html
[ log ] localhost:8000/hf171029-stage4/hf1710-justgo/public/backend/index/goodsInfo.html [运行时间：0.041932s][吞吐率：23.85req/s] [内存消耗：1,673.29kb] [文件加载：45]
[ info ] [ LANG ] C:\AppServ\www\hf171029-stage4\hf1710-justgo\thinkphp\lang\zh-cn.php
[ info ] [ ROUTE ] array (
  'type' => 'module',
  'module' => 
  array (
    0 => 'backend',
    1 => 'index',
    2 => 'goodsInfo',
  ),
)
[ info ] [ HEADER ] array (
  'host' => 'localhost:8000',
  'connection' => 'keep-alive',
  'upgrade-insecure-requests' => '1',
  'user-agent' => 'Mozilla/5.0 (Windows NT 10.0; WOW64) AppleWebKit/537.36 (KHTML, like Gecko) Chrome/64.0.3282.186 Safari/537.36',
  'accept' => 'text/html,application/xhtml+xml,application/xml;q=0.9,image/webp,image/apng,*/*;q=0.8',
  'referer' => 'http://localhost:8000/hf171029-stage4/hf1710-justgo/public/backend/index/index',
  'accept-encoding' => 'gzip, deflate, br',
  'accept-language' => 'zh-CN,zh;q=0.9',
)
[ info ] [ PARAM ] array (
)
[ info ] [ RUN ] app\backend\controller\Index->goodsInfo[ C:\AppServ\www\hf171029-stage4\hf1710-justgo\application\backend\controller\Index.php ]
[ info ] [ VIEW ] C:\AppServ\www\hf171029-stage4\hf1710-justgo\public/../application/backend\view\goodsInfo.html [ array (
) ]
[ info ] [ LOG ] INIT File

---------------------------------------------------------------
[ 2018-05-08T23:55:49+08:00 ] ::1 ::1 GET /hf171029-stage4/hf1710-justgo/public/backend/goods/getgoods?page=1&limit=10
[ log ] localhost:8000/hf171029-stage4/hf1710-justgo/public/backend/goods/getgoods?page=1&limit=10 [运行时间：0.119635s][吞吐率：8.36req/s] [内存消耗：2,475.88kb] [文件加载：51]
[ info ] [ LANG ] C:\AppServ\www\hf171029-stage4\hf1710-justgo\thinkphp\lang\zh-cn.php
[ info ] [ ROUTE ] array (
  'type' => 'module',
  'module' => 
  array (
    0 => 'backend',
    1 => 'goods',
    2 => 'getgoods',
  ),
)
[ info ] [ HEADER ] array (
  'host' => 'localhost:8000',
  'connection' => 'keep-alive',
  'accept' => 'application/json, text/javascript, */*; q=0.01',
  'x-requested-with' => 'XMLHttpRequest',
  'user-agent' => 'Mozilla/5.0 (Windows NT 10.0; WOW64) AppleWebKit/537.36 (KHTML, like Gecko) Chrome/64.0.3282.186 Safari/537.36',
  'referer' => 'http://localhost:8000/hf171029-stage4/hf1710-justgo/public/backend/index/goodsInfo.html',
  'accept-encoding' => 'gzip, deflate, br',
  'accept-language' => 'zh-CN,zh;q=0.9',
)
[ info ] [ PARAM ] array (
  'page' => '1',
  'limit' => '10',
)
[ info ] [ RUN ] app\backend\controller\Goods->getgoods[ C:\AppServ\www\hf171029-stage4\hf1710-justgo\application\backend\controller\Goods.php ]
[ info ] [ DB ] INIT mysql
[ info ] [ DB ] INIT mysql
[ info ] [ LOG ] INIT File
[ sql ] [ DB ] CONNECT:[ UseTime:0.036208s ] mysql:dbname=justgo;host=127.0.0.1;port=3306;charset=utf8
[ sql ] [ SQL ] SHOW COLUMNS FROM `t_goods` [ RunTime:0.002761s ]
[ sql ] [ SQL ] SELECT * FROM `t_goods` [ RunTime:0.001734s ]
[ sql ] [ DB ] CONNECT:[ UseTime:0.003295s ] mysql:dbname=justgo;host=127.0.0.1;port=3306;charset=utf8
[ sql ] [ SQL ] SELECT * FROM `t_goods` INNER JOIN `t_location` `t_location` ON `t_location`.`locateid`=`t_goods`.`locateid` LIMIT 0,10 [ RunTime:0.001750s ]

---------------------------------------------------------------
[ 2018-05-08T23:55:56+08:00 ] ::1 ::1 GET /hf171029-stage4/hf1710-justgo/public/backend/index/fabu.html
[ log ] localhost:8000/hf171029-stage4/hf1710-justgo/public/backend/index/fabu.html [运行时间：0.055226s][吞吐率：18.11req/s] [内存消耗：2,452.66kb] [文件加载：53]
[ info ] [ LANG ] C:\AppServ\www\hf171029-stage4\hf1710-justgo\thinkphp\lang\zh-cn.php
[ info ] [ ROUTE ] array (
  'type' => 'module',
  'module' => 
  array (
    0 => 'backend',
    1 => 'index',
    2 => 'fabu',
  ),
)
[ info ] [ HEADER ] array (
  'host' => 'localhost:8000',
  'connection' => 'keep-alive',
  'upgrade-insecure-requests' => '1',
  'user-agent' => 'Mozilla/5.0 (Windows NT 10.0; WOW64) AppleWebKit/537.36 (KHTML, like Gecko) Chrome/64.0.3282.186 Safari/537.36',
  'accept' => 'text/html,application/xhtml+xml,application/xml;q=0.9,image/webp,image/apng,*/*;q=0.8',
  'referer' => 'http://localhost:8000/hf171029-stage4/hf1710-justgo/public/backend/index/index',
  'accept-encoding' => 'gzip, deflate, br',
  'accept-language' => 'zh-CN,zh;q=0.9',
)
[ info ] [ PARAM ] array (
)
[ info ] [ RUN ] app\backend\controller\Index->fabu[ C:\AppServ\www\hf171029-stage4\hf1710-justgo\application\backend\controller\Index.php ]
[ info ] [ DB ] INIT mysql
[ info ] [ VIEW ] C:\AppServ\www\hf171029-stage4\hf1710-justgo\public/../application/backend\view\fabu.html [ array (
  0 => 'location',
) ]
[ info ] [ LOG ] INIT File
[ sql ] [ DB ] CONNECT:[ UseTime:0.002015s ] mysql:dbname=justgo;host=127.0.0.1;port=3306;charset=utf8
[ sql ] [ SQL ] SHOW COLUMNS FROM `t_location` [ RunTime:0.001027s ]
[ sql ] [ SQL ] SELECT * FROM `t_location` WHERE  `fid` = 0 [ RunTime:0.000738s ]

---------------------------------------------------------------
[ 2018-05-08T23:57:41+08:00 ] ::1 ::1 GET /hf171029-stage4/hf1710-justgo/public/backend/index/goodsInfo.html
[ log ] localhost:8000/hf171029-stage4/hf1710-justgo/public/backend/index/goodsInfo.html [运行时间：0.053297s][吞吐率：18.76req/s] [内存消耗：1,822.28kb] [文件加载：47]
[ info ] [ LANG ] C:\AppServ\www\hf171029-stage4\hf1710-justgo\thinkphp\lang\zh-cn.php
[ info ] [ ROUTE ] array (
  'type' => 'module',
  'module' => 
  array (
    0 => 'backend',
    1 => 'index',
    2 => 'goodsInfo',
  ),
)
[ info ] [ HEADER ] array (
  'host' => 'localhost:8000',
  'connection' => 'keep-alive',
  'upgrade-insecure-requests' => '1',
  'user-agent' => 'Mozilla/5.0 (Windows NT 10.0; WOW64) AppleWebKit/537.36 (KHTML, like Gecko) Chrome/64.0.3282.186 Safari/537.36',
  'accept' => 'text/html,application/xhtml+xml,application/xml;q=0.9,image/webp,image/apng,*/*;q=0.8',
  'referer' => 'http://localhost:8000/hf171029-stage4/hf1710-justgo/public/backend/index/index',
  'accept-encoding' => 'gzip, deflate, br',
  'accept-language' => 'zh-CN,zh;q=0.9',
)
[ info ] [ PARAM ] array (
)
[ info ] [ RUN ] app\backend\controller\Index->goodsInfo[ C:\AppServ\www\hf171029-stage4\hf1710-justgo\application\backend\controller\Index.php ]
[ info ] [ VIEW ] C:\AppServ\www\hf171029-stage4\hf1710-justgo\public/../application/backend\view\goodsInfo.html [ array (
) ]
[ info ] [ LOG ] INIT File

---------------------------------------------------------------
[ 2018-05-08T23:57:41+08:00 ] ::1 ::1 GET /hf171029-stage4/hf1710-justgo/public/backend/goods/getgoods?page=1&limit=10
[ log ] localhost:8000/hf171029-stage4/hf1710-justgo/public/backend/goods/getgoods?page=1&limit=10 [运行时间：0.061379s][吞吐率：16.29req/s] [内存消耗：2,475.88kb] [文件加载：51]
[ info ] [ LANG ] C:\AppServ\www\hf171029-stage4\hf1710-justgo\thinkphp\lang\zh-cn.php
[ info ] [ ROUTE ] array (
  'type' => 'module',
  'module' => 
  array (
    0 => 'backend',
    1 => 'goods',
    2 => 'getgoods',
  ),
)
[ info ] [ HEADER ] array (
  'host' => 'localhost:8000',
  'connection' => 'keep-alive',
  'accept' => 'application/json, text/javascript, */*; q=0.01',
  'x-requested-with' => 'XMLHttpRequest',
  'user-agent' => 'Mozilla/5.0 (Windows NT 10.0; WOW64) AppleWebKit/537.36 (KHTML, like Gecko) Chrome/64.0.3282.186 Safari/537.36',
  'referer' => 'http://localhost:8000/hf171029-stage4/hf1710-justgo/public/backend/index/goodsInfo.html',
  'accept-encoding' => 'gzip, deflate, br',
  'accept-language' => 'zh-CN,zh;q=0.9',
)
[ info ] [ PARAM ] array (
  'page' => '1',
  'limit' => '10',
)
[ info ] [ RUN ] app\backend\controller\Goods->getgoods[ C:\AppServ\www\hf171029-stage4\hf1710-justgo\application\backend\controller\Goods.php ]
[ info ] [ DB ] INIT mysql
[ info ] [ DB ] INIT mysql
[ info ] [ LOG ] INIT File
[ sql ] [ DB ] CONNECT:[ UseTime:0.001571s ] mysql:dbname=justgo;host=127.0.0.1;port=3306;charset=utf8
[ sql ] [ SQL ] SHOW COLUMNS FROM `t_goods` [ RunTime:0.001967s ]
[ sql ] [ SQL ] SELECT * FROM `t_goods` [ RunTime:0.000861s ]
[ sql ] [ DB ] CONNECT:[ UseTime:0.001443s ] mysql:dbname=justgo;host=127.0.0.1;port=3306;charset=utf8
[ sql ] [ SQL ] SELECT * FROM `t_goods` INNER JOIN `t_location` `t_location` ON `t_location`.`locateid`=`t_goods`.`locateid` LIMIT 0,10 [ RunTime:0.001025s ]

---------------------------------------------------------------
[ 2018-05-08T23:58:50+08:00 ] ::1 ::1 GET /hf171029-stage4/hf1710-justgo/public/backend/index/goodsInfo.html
[ log ] localhost:8000/hf171029-stage4/hf1710-justgo/public/backend/index/goodsInfo.html [运行时间：0.037206s][吞吐率：26.88req/s] [内存消耗：1,673.32kb] [文件加载：45]
[ info ] [ LANG ] C:\AppServ\www\hf171029-stage4\hf1710-justgo\thinkphp\lang\zh-cn.php
[ info ] [ ROUTE ] array (
  'type' => 'module',
  'module' => 
  array (
    0 => 'backend',
    1 => 'index',
    2 => 'goodsInfo',
  ),
)
[ info ] [ HEADER ] array (
  'host' => 'localhost:8000',
  'connection' => 'keep-alive',
  'upgrade-insecure-requests' => '1',
  'user-agent' => 'Mozilla/5.0 (Windows NT 10.0; WOW64) AppleWebKit/537.36 (KHTML, like Gecko) Chrome/64.0.3282.186 Safari/537.36',
  'accept' => 'text/html,application/xhtml+xml,application/xml;q=0.9,image/webp,image/apng,*/*;q=0.8',
  'referer' => 'http://localhost:8000/hf171029-stage4/hf1710-justgo/public/backend/index/index',
  'accept-encoding' => 'gzip, deflate, br',
  'accept-language' => 'zh-CN,zh;q=0.9',
)
[ info ] [ PARAM ] array (
)
[ info ] [ RUN ] app\backend\controller\Index->goodsInfo[ C:\AppServ\www\hf171029-stage4\hf1710-justgo\application\backend\controller\Index.php ]
[ info ] [ VIEW ] C:\AppServ\www\hf171029-stage4\hf1710-justgo\public/../application/backend\view\goodsInfo.html [ array (
) ]
[ info ] [ LOG ] INIT File

---------------------------------------------------------------
[ 2018-05-08T23:58:50+08:00 ] ::1 ::1 GET /hf171029-stage4/hf1710-justgo/public/backend/goods/getgoods?page=1&limit=10
[ log ] localhost:8000/hf171029-stage4/hf1710-justgo/public/backend/goods/getgoods?page=1&limit=10 [运行时间：0.070947s][吞吐率：14.09req/s] [内存消耗：2,475.88kb] [文件加载：51]
[ info ] [ LANG ] C:\AppServ\www\hf171029-stage4\hf1710-justgo\thinkphp\lang\zh-cn.php
[ info ] [ ROUTE ] array (
  'type' => 'module',
  'module' => 
  array (
    0 => 'backend',
    1 => 'goods',
    2 => 'getgoods',
  ),
)
[ info ] [ HEADER ] array (
  'host' => 'localhost:8000',
  'connection' => 'keep-alive',
  'accept' => 'application/json, text/javascript, */*; q=0.01',
  'x-requested-with' => 'XMLHttpRequest',
  'user-agent' => 'Mozilla/5.0 (Windows NT 10.0; WOW64) AppleWebKit/537.36 (KHTML, like Gecko) Chrome/64.0.3282.186 Safari/537.36',
  'referer' => 'http://localhost:8000/hf171029-stage4/hf1710-justgo/public/backend/index/goodsInfo.html',
  'accept-encoding' => 'gzip, deflate, br',
  'accept-language' => 'zh-CN,zh;q=0.9',
)
[ info ] [ PARAM ] array (
  'page' => '1',
  'limit' => '10',
)
[ info ] [ RUN ] app\backend\controller\Goods->getgoods[ C:\AppServ\www\hf171029-stage4\hf1710-justgo\application\backend\controller\Goods.php ]
[ info ] [ DB ] INIT mysql
[ info ] [ DB ] INIT mysql
[ info ] [ LOG ] INIT File
[ sql ] [ DB ] CONNECT:[ UseTime:0.002446s ] mysql:dbname=justgo;host=127.0.0.1;port=3306;charset=utf8
[ sql ] [ SQL ] SHOW COLUMNS FROM `t_goods` [ RunTime:0.001616s ]
[ sql ] [ SQL ] SELECT * FROM `t_goods` [ RunTime:0.001058s ]
[ sql ] [ DB ] CONNECT:[ UseTime:0.002220s ] mysql:dbname=justgo;host=127.0.0.1;port=3306;charset=utf8
[ sql ] [ SQL ] SELECT * FROM `t_goods` INNER JOIN `t_location` `t_location` ON `t_location`.`locateid`=`t_goods`.`locateid` LIMIT 0,10 [ RunTime:0.001260s ]

---------------------------------------------------------------
[ 2018-05-08T23:58:54+08:00 ] ::1 ::1 GET /hf171029-stage4/hf1710-justgo/public/backend/index/pendingPage.html
[ log ] localhost:8000/hf171029-stage4/hf1710-justgo/public/backend/index/pendingPage.html [运行时间：0.045821s][吞吐率：21.82req/s] [内存消耗：1,818.93kb] [文件加载：47]
[ info ] [ LANG ] C:\AppServ\www\hf171029-stage4\hf1710-justgo\thinkphp\lang\zh-cn.php
[ info ] [ ROUTE ] array (
  'type' => 'module',
  'module' => 
  array (
    0 => 'backend',
    1 => 'index',
    2 => 'pendingPage',
  ),
)
[ info ] [ HEADER ] array (
  'host' => 'localhost:8000',
  'connection' => 'keep-alive',
  'upgrade-insecure-requests' => '1',
  'user-agent' => 'Mozilla/5.0 (Windows NT 10.0; WOW64) AppleWebKit/537.36 (KHTML, like Gecko) Chrome/64.0.3282.186 Safari/537.36',
  'accept' => 'text/html,application/xhtml+xml,application/xml;q=0.9,image/webp,image/apng,*/*;q=0.8',
  'referer' => 'http://localhost:8000/hf171029-stage4/hf1710-justgo/public/backend/index/index',
  'accept-encoding' => 'gzip, deflate, br',
  'accept-language' => 'zh-CN,zh;q=0.9',
)
[ info ] [ PARAM ] array (
)
[ info ] [ RUN ] app\backend\controller\Index->pendingPage[ C:\AppServ\www\hf171029-stage4\hf1710-justgo\application\backend\controller\Index.php ]
[ info ] [ VIEW ] C:\AppServ\www\hf171029-stage4\hf1710-justgo\public/../application/backend\view\pending.html [ array (
) ]
[ info ] [ LOG ] INIT File

---------------------------------------------------------------
[ 2018-05-08T23:58:55+08:00 ] ::1 ::1 GET /hf171029-stage4/hf1710-justgo/public/backend/goods/getpending?page=1&limit=10
[ log ] localhost:8000/hf171029-stage4/hf1710-justgo/public/backend/goods/getpending?page=1&limit=10 [运行时间：0.091945s][吞吐率：10.88req/s] [内存消耗：2,442.68kb] [文件加载：51]
[ info ] [ LANG ] C:\AppServ\www\hf171029-stage4\hf1710-justgo\thinkphp\lang\zh-cn.php
[ info ] [ ROUTE ] array (
  'type' => 'module',
  'module' => 
  array (
    0 => 'backend',
    1 => 'goods',
    2 => 'getpending',
  ),
)
[ info ] [ HEADER ] array (
  'host' => 'localhost:8000',
  'connection' => 'keep-alive',
  'accept' => 'application/json, text/javascript, */*; q=0.01',
  'x-requested-with' => 'XMLHttpRequest',
  'user-agent' => 'Mozilla/5.0 (Windows NT 10.0; WOW64) AppleWebKit/537.36 (KHTML, like Gecko) Chrome/64.0.3282.186 Safari/537.36',
  'referer' => 'http://localhost:8000/hf171029-stage4/hf1710-justgo/public/backend/index/pendingPage.html',
  'accept-encoding' => 'gzip, deflate, br',
  'accept-language' => 'zh-CN,zh;q=0.9',
)
[ info ] [ PARAM ] array (
  'page' => '1',
  'limit' => '10',
)
[ info ] [ RUN ] app\backend\controller\Goods->getpending[ C:\AppServ\www\hf171029-stage4\hf1710-justgo\application\backend\controller\Goods.php ]
[ info ] [ DB ] INIT mysql
[ info ] [ DB ] INIT mysql
[ info ] [ LOG ] INIT File
[ sql ] [ DB ] CONNECT:[ UseTime:0.025199s ] mysql:dbname=justgo;host=127.0.0.1;port=3306;charset=utf8
[ sql ] [ SQL ] SHOW COLUMNS FROM `t_orders` [ RunTime:0.001763s ]
[ sql ] [ SQL ] SELECT * FROM `t_orders` [ RunTime:0.000462s ]
[ sql ] [ DB ] CONNECT:[ UseTime:0.001326s ] mysql:dbname=justgo;host=127.0.0.1;port=3306;charset=utf8
[ sql ] [ SQL ] SELECT * FROM `t_orders` INNER JOIN `t_orderStatus` `t_orderStatus` ON `t_orderStatus`.`orderStatus`=`t_orders`.`orderStatus` INNER JOIN `t_goods` `t_goods` ON `t_goods`.`goodsid`=`t_orders`.`goodsid` WHERE  `t_orderStatus`.`orderStatus` = 1 LIMIT 0,10 [ RunTime:0.001893s ]

---------------------------------------------------------------
[ 2018-05-08T23:58:56+08:00 ] ::1 ::1 GET /hf171029-stage4/hf1710-justgo/public/backend/index/boughtPage.html
[ log ] localhost:8000/hf171029-stage4/hf1710-justgo/public/backend/index/boughtPage.html [运行时间：0.043437s][吞吐率：23.02req/s] [内存消耗：1,818.91kb] [文件加载：47]
[ info ] [ LANG ] C:\AppServ\www\hf171029-stage4\hf1710-justgo\thinkphp\lang\zh-cn.php
[ info ] [ ROUTE ] array (
  'type' => 'module',
  'module' => 
  array (
    0 => 'backend',
    1 => 'index',
    2 => 'boughtPage',
  ),
)
[ info ] [ HEADER ] array (
  'host' => 'localhost:8000',
  'connection' => 'keep-alive',
  'upgrade-insecure-requests' => '1',
  'user-agent' => 'Mozilla/5.0 (Windows NT 10.0; WOW64) AppleWebKit/537.36 (KHTML, like Gecko) Chrome/64.0.3282.186 Safari/537.36',
  'accept' => 'text/html,application/xhtml+xml,application/xml;q=0.9,image/webp,image/apng,*/*;q=0.8',
  'referer' => 'http://localhost:8000/hf171029-stage4/hf1710-justgo/public/backend/index/index',
  'accept-encoding' => 'gzip, deflate, br',
  'accept-language' => 'zh-CN,zh;q=0.9',
)
[ info ] [ PARAM ] array (
)
[ info ] [ RUN ] app\backend\controller\Index->boughtPage[ C:\AppServ\www\hf171029-stage4\hf1710-justgo\application\backend\controller\Index.php ]
[ info ] [ VIEW ] C:\AppServ\www\hf171029-stage4\hf1710-justgo\public/../application/backend\view\paid.html [ array (
) ]
[ info ] [ LOG ] INIT File

---------------------------------------------------------------
[ 2018-05-08T23:58:56+08:00 ] ::1 ::1 GET /hf171029-stage4/hf1710-justgo/public/backend/goods/getpaid?page=1&limit=10
[ log ] localhost:8000/hf171029-stage4/hf1710-justgo/public/backend/goods/getpaid?page=1&limit=10 [运行时间：0.078415s][吞吐率：12.75req/s] [内存消耗：2,437.26kb] [文件加载：51]
[ info ] [ LANG ] C:\AppServ\www\hf171029-stage4\hf1710-justgo\thinkphp\lang\zh-cn.php
[ info ] [ ROUTE ] array (
  'type' => 'module',
  'module' => 
  array (
    0 => 'backend',
    1 => 'goods',
    2 => 'getpaid',
  ),
)
[ info ] [ HEADER ] array (
  'host' => 'localhost:8000',
  'connection' => 'keep-alive',
  'accept' => 'application/json, text/javascript, */*; q=0.01',
  'x-requested-with' => 'XMLHttpRequest',
  'user-agent' => 'Mozilla/5.0 (Windows NT 10.0; WOW64) AppleWebKit/537.36 (KHTML, like Gecko) Chrome/64.0.3282.186 Safari/537.36',
  'referer' => 'http://localhost:8000/hf171029-stage4/hf1710-justgo/public/backend/index/boughtPage.html',
  'accept-encoding' => 'gzip, deflate, br',
  'accept-language' => 'zh-CN,zh;q=0.9',
)
[ info ] [ PARAM ] array (
  'page' => '1',
  'limit' => '10',
)
[ info ] [ RUN ] app\backend\controller\Goods->getpaid[ C:\AppServ\www\hf171029-stage4\hf1710-justgo\application\backend\controller\Goods.php ]
[ info ] [ DB ] INIT mysql
[ info ] [ DB ] INIT mysql
[ info ] [ LOG ] INIT File
[ sql ] [ DB ] CONNECT:[ UseTime:0.013008s ] mysql:dbname=justgo;host=127.0.0.1;port=3306;charset=utf8
[ sql ] [ SQL ] SHOW COLUMNS FROM `t_orders` [ RunTime:0.001096s ]
[ sql ] [ SQL ] SELECT * FROM `t_orders` [ RunTime:0.000567s ]
[ sql ] [ DB ] CONNECT:[ UseTime:0.001702s ] mysql:dbname=justgo;host=127.0.0.1;port=3306;charset=utf8
[ sql ] [ SQL ] SELECT * FROM `t_orders` INNER JOIN `t_orderStatus` `t_orderStatus` ON `t_orderStatus`.`orderStatus`=`t_orders`.`orderStatus` INNER JOIN `t_goods` `t_goods` ON `t_goods`.`goodsid`=`t_orders`.`goodsid` WHERE  `t_orderStatus`.`orderStatus` = 2 LIMIT 0,10 [ RunTime:0.001598s ]

---------------------------------------------------------------
