[ 2018-05-09T23:16:02+08:00 ] ::1 ::1 GET /hf171029-stage4/hf1710-justgo/public/backend/goods/getgoods?page=1&limit=10&keyword=%E4%B8%89
[ log ] localhost:8000/hf171029-stage4/hf1710-justgo/public/backend/goods/getgoods?page=1&limit=10&keyword=%E4%B8%89 [运行时间：0.106764s][吞吐率：9.37req/s] [内存消耗：2,470.63kb] [文件加载：51]
[ info ] [ LANG ] C:\AppServ\www\hf171029-stage4\hf1710-justgo\thinkphp\lang\zh-cn.php
[ info ] [ ROUTE ] array (
  'type' => 'module',
  'module' => 
  array (
    0 => 'backend',
    1 => 'goods',
    2 => 'getgoods',
  ),
)
[ info ] [ HEADER ] array (
  'host' => 'localhost:8000',
  'connection' => 'keep-alive',
  'accept' => 'application/json, text/javascript, */*; q=0.01',
  'x-requested-with' => 'XMLHttpRequest',
  'user-agent' => 'Mozilla/5.0 (Windows NT 10.0; WOW64) AppleWebKit/537.36 (KHTML, like Gecko) Chrome/64.0.3282.186 Safari/537.36',
  'referer' => 'http://localhost:8000/hf171029-stage4/hf1710-justgo/public/backend/index/goodsInfo.html',
  'accept-encoding' => 'gzip, deflate, br',
  'accept-language' => 'zh-CN,zh;q=0.9',
)
[ info ] [ PARAM ] array (
  'page' => '1',
  'limit' => '10',
  'keyword' => '三',
)
[ info ] [ RUN ] app\backend\controller\Goods->getgoods[ C:\AppServ\www\hf171029-stage4\hf1710-justgo\application\backend\controller\Goods.php ]
[ info ] [ DB ] INIT mysql
[ info ] [ DB ] INIT mysql
[ info ] [ LOG ] INIT File
[ sql ] [ DB ] CONNECT:[ UseTime:0.010939s ] mysql:dbname=justgo;host=127.0.0.1;port=3306;charset=utf8
[ sql ] [ SQL ] SHOW COLUMNS FROM `t_goods` [ RunTime:0.003367s ]
[ sql ] [ SQL ] SELECT * FROM `t_goods` WHERE  `t_goods`.`name` LIKE '三%' [ RunTime:0.002957s ]
[ sql ] [ DB ] CONNECT:[ UseTime:0.003993s ] mysql:dbname=justgo;host=127.0.0.1;port=3306;charset=utf8
[ sql ] [ SQL ] SELECT * FROM `t_goods` INNER JOIN `t_location` `t_location` ON `t_location`.`locateid`=`t_goods`.`locateid` WHERE  `name` LIKE '三%' LIMIT 0,10 [ RunTime:0.016831s ]

---------------------------------------------------------------
[ 2018-05-09T23:16:26+08:00 ] ::1 ::1 GET /hf171029-stage4/hf1710-justgo/public/backend/goods/getgoods?page=1&limit=10&keyword=%E6%B1%9F
[ log ] localhost:8000/hf171029-stage4/hf1710-justgo/public/backend/goods/getgoods?page=1&limit=10&keyword=%E6%B1%9F [运行时间：0.077677s][吞吐率：12.87req/s] [内存消耗：2,468.05kb] [文件加载：51]
[ info ] [ LANG ] C:\AppServ\www\hf171029-stage4\hf1710-justgo\thinkphp\lang\zh-cn.php
[ info ] [ ROUTE ] array (
  'type' => 'module',
  'module' => 
  array (
    0 => 'backend',
    1 => 'goods',
    2 => 'getgoods',
  ),
)
[ info ] [ HEADER ] array (
  'host' => 'localhost:8000',
  'connection' => 'keep-alive',
  'accept' => 'application/json, text/javascript, */*; q=0.01',
  'x-requested-with' => 'XMLHttpRequest',
  'user-agent' => 'Mozilla/5.0 (Windows NT 10.0; WOW64) AppleWebKit/537.36 (KHTML, like Gecko) Chrome/64.0.3282.186 Safari/537.36',
  'referer' => 'http://localhost:8000/hf171029-stage4/hf1710-justgo/public/backend/index/goodsInfo.html',
  'accept-encoding' => 'gzip, deflate, br',
  'accept-language' => 'zh-CN,zh;q=0.9',
)
[ info ] [ PARAM ] array (
  'page' => '1',
  'limit' => '10',
  'keyword' => '江',
)
[ info ] [ RUN ] app\backend\controller\Goods->getgoods[ C:\AppServ\www\hf171029-stage4\hf1710-justgo\application\backend\controller\Goods.php ]
[ info ] [ DB ] INIT mysql
[ info ] [ DB ] INIT mysql
[ info ] [ LOG ] INIT File
[ sql ] [ DB ] CONNECT:[ UseTime:0.001512s ] mysql:dbname=justgo;host=127.0.0.1;port=3306;charset=utf8
[ sql ] [ SQL ] SHOW COLUMNS FROM `t_goods` [ RunTime:0.003566s ]
[ sql ] [ SQL ] SELECT * FROM `t_goods` WHERE  `t_goods`.`name` LIKE '江%' [ RunTime:0.001877s ]
[ sql ] [ DB ] CONNECT:[ UseTime:0.002340s ] mysql:dbname=justgo;host=127.0.0.1;port=3306;charset=utf8
[ sql ] [ SQL ] SELECT * FROM `t_goods` INNER JOIN `t_location` `t_location` ON `t_location`.`locateid`=`t_goods`.`locateid` WHERE  `name` LIKE '江%' LIMIT 0,10 [ RunTime:0.001160s ]

---------------------------------------------------------------
[ 2018-05-09T23:19:37+08:00 ] ::1 ::1 GET /hf171029-stage4/hf1710-justgo/public/backend/index/goodsInfo.html
[ log ] localhost:8000/hf171029-stage4/hf1710-justgo/public/backend/index/goodsInfo.html [运行时间：0.044030s][吞吐率：22.71req/s] [内存消耗：1,673.84kb] [文件加载：45]
[ info ] [ LANG ] C:\AppServ\www\hf171029-stage4\hf1710-justgo\thinkphp\lang\zh-cn.php
[ info ] [ ROUTE ] array (
  'type' => 'module',
  'module' => 
  array (
    0 => 'backend',
    1 => 'index',
    2 => 'goodsInfo',
  ),
)
[ info ] [ HEADER ] array (
  'host' => 'localhost:8000',
  'connection' => 'keep-alive',
  'upgrade-insecure-requests' => '1',
  'user-agent' => 'Mozilla/5.0 (Windows NT 10.0; WOW64) AppleWebKit/537.36 (KHTML, like Gecko) Chrome/64.0.3282.186 Safari/537.36',
  'accept' => 'text/html,application/xhtml+xml,application/xml;q=0.9,image/webp,image/apng,*/*;q=0.8',
  'referer' => 'http://localhost:8000/hf171029-stage4/hf1710-justgo/public/backend/index/index',
  'accept-encoding' => 'gzip, deflate, br',
  'accept-language' => 'zh-CN,zh;q=0.9',
)
[ info ] [ PARAM ] array (
)
[ info ] [ RUN ] app\backend\controller\Index->goodsInfo[ C:\AppServ\www\hf171029-stage4\hf1710-justgo\application\backend\controller\Index.php ]
[ info ] [ VIEW ] C:\AppServ\www\hf171029-stage4\hf1710-justgo\public/../application/backend\view\goodsInfo.html [ array (
) ]
[ info ] [ LOG ] INIT File

---------------------------------------------------------------
[ 2018-05-09T23:19:38+08:00 ] ::1 ::1 GET /hf171029-stage4/hf1710-justgo/public/backend/goods/getgoods?page=1&limit=10
[ log ] localhost:8000/hf171029-stage4/hf1710-justgo/public/backend/goods/getgoods?page=1&limit=10 [运行时间：0.068955s][吞吐率：14.50req/s] [内存消耗：2,505.24kb] [文件加载：51]
[ info ] [ LANG ] C:\AppServ\www\hf171029-stage4\hf1710-justgo\thinkphp\lang\zh-cn.php
[ info ] [ ROUTE ] array (
  'type' => 'module',
  'module' => 
  array (
    0 => 'backend',
    1 => 'goods',
    2 => 'getgoods',
  ),
)
[ info ] [ HEADER ] array (
  'host' => 'localhost:8000',
  'connection' => 'keep-alive',
  'accept' => 'application/json, text/javascript, */*; q=0.01',
  'x-requested-with' => 'XMLHttpRequest',
  'user-agent' => 'Mozilla/5.0 (Windows NT 10.0; WOW64) AppleWebKit/537.36 (KHTML, like Gecko) Chrome/64.0.3282.186 Safari/537.36',
  'referer' => 'http://localhost:8000/hf171029-stage4/hf1710-justgo/public/backend/index/goodsInfo.html',
  'accept-encoding' => 'gzip, deflate, br',
  'accept-language' => 'zh-CN,zh;q=0.9',
)
[ info ] [ PARAM ] array (
  'page' => '1',
  'limit' => '10',
)
[ info ] [ RUN ] app\backend\controller\Goods->getgoods[ C:\AppServ\www\hf171029-stage4\hf1710-justgo\application\backend\controller\Goods.php ]
[ info ] [ DB ] INIT mysql
[ info ] [ DB ] INIT mysql
[ info ] [ LOG ] INIT File
[ sql ] [ DB ] CONNECT:[ UseTime:0.001384s ] mysql:dbname=justgo;host=127.0.0.1;port=3306;charset=utf8
[ sql ] [ SQL ] SHOW COLUMNS FROM `t_goods` [ RunTime:0.001137s ]
[ sql ] [ SQL ] SELECT * FROM `t_goods` [ RunTime:0.000678s ]
[ sql ] [ DB ] CONNECT:[ UseTime:0.001966s ] mysql:dbname=justgo;host=127.0.0.1;port=3306;charset=utf8
[ sql ] [ SQL ] SELECT * FROM `t_goods` INNER JOIN `t_location` `t_location` ON `t_location`.`locateid`=`t_goods`.`locateid` LIMIT 0,10 [ RunTime:0.001637s ]

---------------------------------------------------------------
[ 2018-05-09T23:19:54+08:00 ] ::1 ::1 GET /hf171029-stage4/hf1710-justgo/public/backend/goods/getgoods?page=1&limit=10&keyword=%E4%B9%9D
[ log ] localhost:8000/hf171029-stage4/hf1710-justgo/public/backend/goods/getgoods?page=1&limit=10&keyword=%E4%B9%9D [运行时间：0.076812s][吞吐率：13.02req/s] [内存消耗：2,472.56kb] [文件加载：51]
[ info ] [ LANG ] C:\AppServ\www\hf171029-stage4\hf1710-justgo\thinkphp\lang\zh-cn.php
[ info ] [ ROUTE ] array (
  'type' => 'module',
  'module' => 
  array (
    0 => 'backend',
    1 => 'goods',
    2 => 'getgoods',
  ),
)
[ info ] [ HEADER ] array (
  'host' => 'localhost:8000',
  'connection' => 'keep-alive',
  'accept' => 'application/json, text/javascript, */*; q=0.01',
  'x-requested-with' => 'XMLHttpRequest',
  'user-agent' => 'Mozilla/5.0 (Windows NT 10.0; WOW64) AppleWebKit/537.36 (KHTML, like Gecko) Chrome/64.0.3282.186 Safari/537.36',
  'referer' => 'http://localhost:8000/hf171029-stage4/hf1710-justgo/public/backend/index/goodsInfo.html',
  'accept-encoding' => 'gzip, deflate, br',
  'accept-language' => 'zh-CN,zh;q=0.9',
)
[ info ] [ PARAM ] array (
  'page' => '1',
  'limit' => '10',
  'keyword' => '九',
)
[ info ] [ RUN ] app\backend\controller\Goods->getgoods[ C:\AppServ\www\hf171029-stage4\hf1710-justgo\application\backend\controller\Goods.php ]
[ info ] [ DB ] INIT mysql
[ info ] [ DB ] INIT mysql
[ info ] [ LOG ] INIT File
[ sql ] [ DB ] CONNECT:[ UseTime:0.001696s ] mysql:dbname=justgo;host=127.0.0.1;port=3306;charset=utf8
[ sql ] [ SQL ] SHOW COLUMNS FROM `t_goods` [ RunTime:0.001541s ]
[ sql ] [ SQL ] SELECT * FROM `t_goods` WHERE  `t_goods`.`name` LIKE '九%' [ RunTime:0.000869s ]
[ sql ] [ DB ] CONNECT:[ UseTime:0.001562s ] mysql:dbname=justgo;host=127.0.0.1;port=3306;charset=utf8
[ sql ] [ SQL ] SELECT * FROM `t_goods` INNER JOIN `t_location` `t_location` ON `t_location`.`locateid`=`t_goods`.`locateid` WHERE  `name` LIKE '九%' LIMIT 0,10 [ RunTime:0.001065s ]

---------------------------------------------------------------
[ 2018-05-09T23:20:04+08:00 ] ::1 ::1 GET /hf171029-stage4/hf1710-justgo/public/backend/goods/getgoods?page=1&limit=10&keyword=%E4%B8%89
[ log ] localhost:8000/hf171029-stage4/hf1710-justgo/public/backend/goods/getgoods?page=1&limit=10&keyword=%E4%B8%89 [运行时间：0.102533s][吞吐率：9.75req/s] [内存消耗：2,470.63kb] [文件加载：51]
[ info ] [ LANG ] C:\AppServ\www\hf171029-stage4\hf1710-justgo\thinkphp\lang\zh-cn.php
[ info ] [ ROUTE ] array (
  'type' => 'module',
  'module' => 
  array (
    0 => 'backend',
    1 => 'goods',
    2 => 'getgoods',
  ),
)
[ info ] [ HEADER ] array (
  'host' => 'localhost:8000',
  'connection' => 'keep-alive',
  'accept' => 'application/json, text/javascript, */*; q=0.01',
  'x-requested-with' => 'XMLHttpRequest',
  'user-agent' => 'Mozilla/5.0 (Windows NT 10.0; WOW64) AppleWebKit/537.36 (KHTML, like Gecko) Chrome/64.0.3282.186 Safari/537.36',
  'referer' => 'http://localhost:8000/hf171029-stage4/hf1710-justgo/public/backend/index/goodsInfo.html',
  'accept-encoding' => 'gzip, deflate, br',
  'accept-language' => 'zh-CN,zh;q=0.9',
)
[ info ] [ PARAM ] array (
  'page' => '1',
  'limit' => '10',
  'keyword' => '三',
)
[ info ] [ RUN ] app\backend\controller\Goods->getgoods[ C:\AppServ\www\hf171029-stage4\hf1710-justgo\application\backend\controller\Goods.php ]
[ info ] [ DB ] INIT mysql
[ info ] [ DB ] INIT mysql
[ info ] [ LOG ] INIT File
[ sql ] [ DB ] CONNECT:[ UseTime:0.010493s ] mysql:dbname=justgo;host=127.0.0.1;port=3306;charset=utf8
[ sql ] [ SQL ] SHOW COLUMNS FROM `t_goods` [ RunTime:0.001675s ]
[ sql ] [ SQL ] SELECT * FROM `t_goods` WHERE  `t_goods`.`name` LIKE '三%' [ RunTime:0.002098s ]
[ sql ] [ DB ] CONNECT:[ UseTime:0.010718s ] mysql:dbname=justgo;host=127.0.0.1;port=3306;charset=utf8
[ sql ] [ SQL ] SELECT * FROM `t_goods` INNER JOIN `t_location` `t_location` ON `t_location`.`locateid`=`t_goods`.`locateid` WHERE  `name` LIKE '三%' LIMIT 0,10 [ RunTime:0.001046s ]

---------------------------------------------------------------
[ 2018-05-09T23:20:11+08:00 ] ::1 ::1 GET /hf171029-stage4/hf1710-justgo/public/backend/goods/getgoods?page=1&limit=10&keyword=%E6%B1%9F
[ log ] localhost:8000/hf171029-stage4/hf1710-justgo/public/backend/goods/getgoods?page=1&limit=10&keyword=%E6%B1%9F [运行时间：0.088723s][吞吐率：11.27req/s] [内存消耗：2,468.05kb] [文件加载：51]
[ info ] [ LANG ] C:\AppServ\www\hf171029-stage4\hf1710-justgo\thinkphp\lang\zh-cn.php
[ info ] [ ROUTE ] array (
  'type' => 'module',
  'module' => 
  array (
    0 => 'backend',
    1 => 'goods',
    2 => 'getgoods',
  ),
)
[ info ] [ HEADER ] array (
  'host' => 'localhost:8000',
  'connection' => 'keep-alive',
  'accept' => 'application/json, text/javascript, */*; q=0.01',
  'x-requested-with' => 'XMLHttpRequest',
  'user-agent' => 'Mozilla/5.0 (Windows NT 10.0; WOW64) AppleWebKit/537.36 (KHTML, like Gecko) Chrome/64.0.3282.186 Safari/537.36',
  'referer' => 'http://localhost:8000/hf171029-stage4/hf1710-justgo/public/backend/index/goodsInfo.html',
  'accept-encoding' => 'gzip, deflate, br',
  'accept-language' => 'zh-CN,zh;q=0.9',
)
[ info ] [ PARAM ] array (
  'page' => '1',
  'limit' => '10',
  'keyword' => '江',
)
[ info ] [ RUN ] app\backend\controller\Goods->getgoods[ C:\AppServ\www\hf171029-stage4\hf1710-justgo\application\backend\controller\Goods.php ]
[ info ] [ DB ] INIT mysql
[ info ] [ DB ] INIT mysql
[ info ] [ LOG ] INIT File
[ sql ] [ DB ] CONNECT:[ UseTime:0.001622s ] mysql:dbname=justgo;host=127.0.0.1;port=3306;charset=utf8
[ sql ] [ SQL ] SHOW COLUMNS FROM `t_goods` [ RunTime:0.001355s ]
[ sql ] [ SQL ] SELECT * FROM `t_goods` WHERE  `t_goods`.`name` LIKE '江%' [ RunTime:0.000995s ]
[ sql ] [ DB ] CONNECT:[ UseTime:0.011195s ] mysql:dbname=justgo;host=127.0.0.1;port=3306;charset=utf8
[ sql ] [ SQL ] SELECT * FROM `t_goods` INNER JOIN `t_location` `t_location` ON `t_location`.`locateid`=`t_goods`.`locateid` WHERE  `name` LIKE '江%' LIMIT 0,10 [ RunTime:0.000804s ]

---------------------------------------------------------------
[ 2018-05-09T23:20:23+08:00 ] ::1 ::1 GET /hf171029-stage4/hf1710-justgo/public/backend/goods/getgoods?page=1&limit=10&keyword=%E9%BE%99
[ log ] localhost:8000/hf171029-stage4/hf1710-justgo/public/backend/goods/getgoods?page=1&limit=10&keyword=%E9%BE%99 [运行时间：0.100231s][吞吐率：9.98req/s] [内存消耗：2,468.05kb] [文件加载：51]
[ info ] [ LANG ] C:\AppServ\www\hf171029-stage4\hf1710-justgo\thinkphp\lang\zh-cn.php
[ info ] [ ROUTE ] array (
  'type' => 'module',
  'module' => 
  array (
    0 => 'backend',
    1 => 'goods',
    2 => 'getgoods',
  ),
)
[ info ] [ HEADER ] array (
  'host' => 'localhost:8000',
  'connection' => 'keep-alive',
  'accept' => 'application/json, text/javascript, */*; q=0.01',
  'x-requested-with' => 'XMLHttpRequest',
  'user-agent' => 'Mozilla/5.0 (Windows NT 10.0; WOW64) AppleWebKit/537.36 (KHTML, like Gecko) Chrome/64.0.3282.186 Safari/537.36',
  'referer' => 'http://localhost:8000/hf171029-stage4/hf1710-justgo/public/backend/index/goodsInfo.html',
  'accept-encoding' => 'gzip, deflate, br',
  'accept-language' => 'zh-CN,zh;q=0.9',
)
[ info ] [ PARAM ] array (
  'page' => '1',
  'limit' => '10',
  'keyword' => '龙',
)
[ info ] [ RUN ] app\backend\controller\Goods->getgoods[ C:\AppServ\www\hf171029-stage4\hf1710-justgo\application\backend\controller\Goods.php ]
[ info ] [ DB ] INIT mysql
[ info ] [ DB ] INIT mysql
[ info ] [ LOG ] INIT File
[ sql ] [ DB ] CONNECT:[ UseTime:0.010336s ] mysql:dbname=justgo;host=127.0.0.1;port=3306;charset=utf8
[ sql ] [ SQL ] SHOW COLUMNS FROM `t_goods` [ RunTime:0.001149s ]
[ sql ] [ SQL ] SELECT * FROM `t_goods` WHERE  `t_goods`.`name` LIKE '龙%' [ RunTime:0.000845s ]
[ sql ] [ DB ] CONNECT:[ UseTime:0.013082s ] mysql:dbname=justgo;host=127.0.0.1;port=3306;charset=utf8
[ sql ] [ SQL ] SELECT * FROM `t_goods` INNER JOIN `t_location` `t_location` ON `t_location`.`locateid`=`t_goods`.`locateid` WHERE  `name` LIKE '龙%' LIMIT 0,10 [ RunTime:0.003303s ]

---------------------------------------------------------------
[ 2018-05-09T23:20:25+08:00 ] ::1 ::1 GET /hf171029-stage4/hf1710-justgo/public/backend/index/goodsInfo.html
[ log ] localhost:8000/hf171029-stage4/hf1710-justgo/public/backend/index/goodsInfo.html [运行时间：0.035482s][吞吐率：28.18req/s] [内存消耗：1,673.84kb] [文件加载：45]
[ info ] [ LANG ] C:\AppServ\www\hf171029-stage4\hf1710-justgo\thinkphp\lang\zh-cn.php
[ info ] [ ROUTE ] array (
  'type' => 'module',
  'module' => 
  array (
    0 => 'backend',
    1 => 'index',
    2 => 'goodsInfo',
  ),
)
[ info ] [ HEADER ] array (
  'host' => 'localhost:8000',
  'connection' => 'keep-alive',
  'upgrade-insecure-requests' => '1',
  'user-agent' => 'Mozilla/5.0 (Windows NT 10.0; WOW64) AppleWebKit/537.36 (KHTML, like Gecko) Chrome/64.0.3282.186 Safari/537.36',
  'accept' => 'text/html,application/xhtml+xml,application/xml;q=0.9,image/webp,image/apng,*/*;q=0.8',
  'referer' => 'http://localhost:8000/hf171029-stage4/hf1710-justgo/public/backend/index/index',
  'accept-encoding' => 'gzip, deflate, br',
  'accept-language' => 'zh-CN,zh;q=0.9',
)
[ info ] [ PARAM ] array (
)
[ info ] [ RUN ] app\backend\controller\Index->goodsInfo[ C:\AppServ\www\hf171029-stage4\hf1710-justgo\application\backend\controller\Index.php ]
[ info ] [ VIEW ] C:\AppServ\www\hf171029-stage4\hf1710-justgo\public/../application/backend\view\goodsInfo.html [ array (
) ]
[ info ] [ LOG ] INIT File

---------------------------------------------------------------
[ 2018-05-09T23:20:25+08:00 ] ::1 ::1 GET /hf171029-stage4/hf1710-justgo/public/backend/goods/getgoods?page=1&limit=10
[ log ] localhost:8000/hf171029-stage4/hf1710-justgo/public/backend/goods/getgoods?page=1&limit=10 [运行时间：0.092281s][吞吐率：10.84req/s] [内存消耗：2,505.24kb] [文件加载：51]
[ info ] [ LANG ] C:\AppServ\www\hf171029-stage4\hf1710-justgo\thinkphp\lang\zh-cn.php
[ info ] [ ROUTE ] array (
  'type' => 'module',
  'module' => 
  array (
    0 => 'backend',
    1 => 'goods',
    2 => 'getgoods',
  ),
)
[ info ] [ HEADER ] array (
  'host' => 'localhost:8000',
  'connection' => 'keep-alive',
  'accept' => 'application/json, text/javascript, */*; q=0.01',
  'x-requested-with' => 'XMLHttpRequest',
  'user-agent' => 'Mozilla/5.0 (Windows NT 10.0; WOW64) AppleWebKit/537.36 (KHTML, like Gecko) Chrome/64.0.3282.186 Safari/537.36',
  'referer' => 'http://localhost:8000/hf171029-stage4/hf1710-justgo/public/backend/index/goodsInfo.html',
  'accept-encoding' => 'gzip, deflate, br',
  'accept-language' => 'zh-CN,zh;q=0.9',
)
[ info ] [ PARAM ] array (
  'page' => '1',
  'limit' => '10',
)
[ info ] [ RUN ] app\backend\controller\Goods->getgoods[ C:\AppServ\www\hf171029-stage4\hf1710-justgo\application\backend\controller\Goods.php ]
[ info ] [ DB ] INIT mysql
[ info ] [ DB ] INIT mysql
[ info ] [ LOG ] INIT File
[ sql ] [ DB ] CONNECT:[ UseTime:0.010372s ] mysql:dbname=justgo;host=127.0.0.1;port=3306;charset=utf8
[ sql ] [ SQL ] SHOW COLUMNS FROM `t_goods` [ RunTime:0.001096s ]
[ sql ] [ SQL ] SELECT * FROM `t_goods` [ RunTime:0.000756s ]
[ sql ] [ DB ] CONNECT:[ UseTime:0.019466s ] mysql:dbname=justgo;host=127.0.0.1;port=3306;charset=utf8
[ sql ] [ SQL ] SELECT * FROM `t_goods` INNER JOIN `t_location` `t_location` ON `t_location`.`locateid`=`t_goods`.`locateid` LIMIT 0,10 [ RunTime:0.000919s ]

---------------------------------------------------------------
[ 2018-05-09T23:20:34+08:00 ] ::1 ::1 GET /hf171029-stage4/hf1710-justgo/public/backend/goods/getgoods?page=1&limit=10&keyword=%E5%B8%83
[ log ] localhost:8000/hf171029-stage4/hf1710-justgo/public/backend/goods/getgoods?page=1&limit=10&keyword=%E5%B8%83 [运行时间：0.078333s][吞吐率：12.77req/s] [内存消耗：2,470.60kb] [文件加载：51]
[ info ] [ LANG ] C:\AppServ\www\hf171029-stage4\hf1710-justgo\thinkphp\lang\zh-cn.php
[ info ] [ ROUTE ] array (
  'type' => 'module',
  'module' => 
  array (
    0 => 'backend',
    1 => 'goods',
    2 => 'getgoods',
  ),
)
[ info ] [ HEADER ] array (
  'host' => 'localhost:8000',
  'connection' => 'keep-alive',
  'accept' => 'application/json, text/javascript, */*; q=0.01',
  'x-requested-with' => 'XMLHttpRequest',
  'user-agent' => 'Mozilla/5.0 (Windows NT 10.0; WOW64) AppleWebKit/537.36 (KHTML, like Gecko) Chrome/64.0.3282.186 Safari/537.36',
  'referer' => 'http://localhost:8000/hf171029-stage4/hf1710-justgo/public/backend/index/goodsInfo.html',
  'accept-encoding' => 'gzip, deflate, br',
  'accept-language' => 'zh-CN,zh;q=0.9',
)
[ info ] [ PARAM ] array (
  'page' => '1',
  'limit' => '10',
  'keyword' => '布',
)
[ info ] [ RUN ] app\backend\controller\Goods->getgoods[ C:\AppServ\www\hf171029-stage4\hf1710-justgo\application\backend\controller\Goods.php ]
[ info ] [ DB ] INIT mysql
[ info ] [ DB ] INIT mysql
[ info ] [ LOG ] INIT File
[ sql ] [ DB ] CONNECT:[ UseTime:0.001946s ] mysql:dbname=justgo;host=127.0.0.1;port=3306;charset=utf8
[ sql ] [ SQL ] SHOW COLUMNS FROM `t_goods` [ RunTime:0.002167s ]
[ sql ] [ SQL ] SELECT * FROM `t_goods` WHERE  `t_goods`.`name` LIKE '布%' [ RunTime:0.000815s ]
[ sql ] [ DB ] CONNECT:[ UseTime:0.001433s ] mysql:dbname=justgo;host=127.0.0.1;port=3306;charset=utf8
[ sql ] [ SQL ] SELECT * FROM `t_goods` INNER JOIN `t_location` `t_location` ON `t_location`.`locateid`=`t_goods`.`locateid` WHERE  `name` LIKE '布%' LIMIT 0,10 [ RunTime:0.000935s ]

---------------------------------------------------------------
[ 2018-05-09T23:20:40+08:00 ] ::1 ::1 GET /hf171029-stage4/hf1710-justgo/public/backend/goods/getgoods?page=1&limit=10&keyword=%E5%85%B3
[ log ] localhost:8000/hf171029-stage4/hf1710-justgo/public/backend/goods/getgoods?page=1&limit=10&keyword=%E5%85%B3 [运行时间：0.087045s][吞吐率：11.49req/s] [内存消耗：2,470.63kb] [文件加载：51]
[ info ] [ LANG ] C:\AppServ\www\hf171029-stage4\hf1710-justgo\thinkphp\lang\zh-cn.php
[ info ] [ ROUTE ] array (
  'type' => 'module',
  'module' => 
  array (
    0 => 'backend',
    1 => 'goods',
    2 => 'getgoods',
  ),
)
[ info ] [ HEADER ] array (
  'host' => 'localhost:8000',
  'connection' => 'keep-alive',
  'accept' => 'application/json, text/javascript, */*; q=0.01',
  'x-requested-with' => 'XMLHttpRequest',
  'user-agent' => 'Mozilla/5.0 (Windows NT 10.0; WOW64) AppleWebKit/537.36 (KHTML, like Gecko) Chrome/64.0.3282.186 Safari/537.36',
  'referer' => 'http://localhost:8000/hf171029-stage4/hf1710-justgo/public/backend/index/goodsInfo.html',
  'accept-encoding' => 'gzip, deflate, br',
  'accept-language' => 'zh-CN,zh;q=0.9',
)
[ info ] [ PARAM ] array (
  'page' => '1',
  'limit' => '10',
  'keyword' => '关',
)
[ info ] [ RUN ] app\backend\controller\Goods->getgoods[ C:\AppServ\www\hf171029-stage4\hf1710-justgo\application\backend\controller\Goods.php ]
[ info ] [ DB ] INIT mysql
[ info ] [ DB ] INIT mysql
[ info ] [ LOG ] INIT File
[ sql ] [ DB ] CONNECT:[ UseTime:0.001923s ] mysql:dbname=justgo;host=127.0.0.1;port=3306;charset=utf8
[ sql ] [ SQL ] SHOW COLUMNS FROM `t_goods` [ RunTime:0.001223s ]
[ sql ] [ SQL ] SELECT * FROM `t_goods` WHERE  `t_goods`.`name` LIKE '关%' [ RunTime:0.000664s ]
[ sql ] [ DB ] CONNECT:[ UseTime:0.010952s ] mysql:dbname=justgo;host=127.0.0.1;port=3306;charset=utf8
[ sql ] [ SQL ] SELECT * FROM `t_goods` INNER JOIN `t_location` `t_location` ON `t_location`.`locateid`=`t_goods`.`locateid` WHERE  `name` LIKE '关%' LIMIT 0,10 [ RunTime:0.001021s ]

---------------------------------------------------------------
[ 2018-05-09T23:20:46+08:00 ] ::1 ::1 GET /hf171029-stage4/hf1710-justgo/public/backend/goods/getgoods?page=1&limit=10&keyword=%E6%8B%89
[ log ] localhost:8000/hf171029-stage4/hf1710-justgo/public/backend/goods/getgoods?page=1&limit=10&keyword=%E6%8B%89 [运行时间：0.082436s][吞吐率：12.13req/s] [内存消耗：2,468.05kb] [文件加载：51]
[ info ] [ LANG ] C:\AppServ\www\hf171029-stage4\hf1710-justgo\thinkphp\lang\zh-cn.php
[ info ] [ ROUTE ] array (
  'type' => 'module',
  'module' => 
  array (
    0 => 'backend',
    1 => 'goods',
    2 => 'getgoods',
  ),
)
[ info ] [ HEADER ] array (
  'host' => 'localhost:8000',
  'connection' => 'keep-alive',
  'accept' => 'application/json, text/javascript, */*; q=0.01',
  'x-requested-with' => 'XMLHttpRequest',
  'user-agent' => 'Mozilla/5.0 (Windows NT 10.0; WOW64) AppleWebKit/537.36 (KHTML, like Gecko) Chrome/64.0.3282.186 Safari/537.36',
  'referer' => 'http://localhost:8000/hf171029-stage4/hf1710-justgo/public/backend/index/goodsInfo.html',
  'accept-encoding' => 'gzip, deflate, br',
  'accept-language' => 'zh-CN,zh;q=0.9',
)
[ info ] [ PARAM ] array (
  'page' => '1',
  'limit' => '10',
  'keyword' => '拉',
)
[ info ] [ RUN ] app\backend\controller\Goods->getgoods[ C:\AppServ\www\hf171029-stage4\hf1710-justgo\application\backend\controller\Goods.php ]
[ info ] [ DB ] INIT mysql
[ info ] [ DB ] INIT mysql
[ info ] [ LOG ] INIT File
[ sql ] [ DB ] CONNECT:[ UseTime:0.002753s ] mysql:dbname=justgo;host=127.0.0.1;port=3306;charset=utf8
[ sql ] [ SQL ] SHOW COLUMNS FROM `t_goods` [ RunTime:0.001745s ]
[ sql ] [ SQL ] SELECT * FROM `t_goods` WHERE  `t_goods`.`name` LIKE '拉%' [ RunTime:0.003053s ]
[ sql ] [ DB ] CONNECT:[ UseTime:0.003017s ] mysql:dbname=justgo;host=127.0.0.1;port=3306;charset=utf8
[ sql ] [ SQL ] SELECT * FROM `t_goods` INNER JOIN `t_location` `t_location` ON `t_location`.`locateid`=`t_goods`.`locateid` WHERE  `name` LIKE '拉%' LIMIT 0,10 [ RunTime:0.001062s ]

---------------------------------------------------------------
[ 2018-05-09T23:21:24+08:00 ] ::1 ::1 GET /hf171029-stage4/hf1710-justgo/public/backend/index/goodsInfo.html
[ log ] localhost:8000/hf171029-stage4/hf1710-justgo/public/backend/index/goodsInfo.html [运行时间：0.039091s][吞吐率：25.58req/s] [内存消耗：1,673.84kb] [文件加载：45]
[ info ] [ LANG ] C:\AppServ\www\hf171029-stage4\hf1710-justgo\thinkphp\lang\zh-cn.php
[ info ] [ ROUTE ] array (
  'type' => 'module',
  'module' => 
  array (
    0 => 'backend',
    1 => 'index',
    2 => 'goodsInfo',
  ),
)
[ info ] [ HEADER ] array (
  'host' => 'localhost:8000',
  'connection' => 'keep-alive',
  'upgrade-insecure-requests' => '1',
  'user-agent' => 'Mozilla/5.0 (Windows NT 10.0; WOW64) AppleWebKit/537.36 (KHTML, like Gecko) Chrome/64.0.3282.186 Safari/537.36',
  'accept' => 'text/html,application/xhtml+xml,application/xml;q=0.9,image/webp,image/apng,*/*;q=0.8',
  'referer' => 'http://localhost:8000/hf171029-stage4/hf1710-justgo/public/backend/index/index',
  'accept-encoding' => 'gzip, deflate, br',
  'accept-language' => 'zh-CN,zh;q=0.9',
)
[ info ] [ PARAM ] array (
)
[ info ] [ RUN ] app\backend\controller\Index->goodsInfo[ C:\AppServ\www\hf171029-stage4\hf1710-justgo\application\backend\controller\Index.php ]
[ info ] [ VIEW ] C:\AppServ\www\hf171029-stage4\hf1710-justgo\public/../application/backend\view\goodsInfo.html [ array (
) ]
[ info ] [ LOG ] INIT File

---------------------------------------------------------------
[ 2018-05-09T23:21:24+08:00 ] ::1 ::1 GET /hf171029-stage4/hf1710-justgo/public/backend/goods/getgoods?page=1&limit=10
[ log ] localhost:8000/hf171029-stage4/hf1710-justgo/public/backend/goods/getgoods?page=1&limit=10 [运行时间：0.113247s][吞吐率：8.83req/s] [内存消耗：2,505.24kb] [文件加载：51]
[ info ] [ LANG ] C:\AppServ\www\hf171029-stage4\hf1710-justgo\thinkphp\lang\zh-cn.php
[ info ] [ ROUTE ] array (
  'type' => 'module',
  'module' => 
  array (
    0 => 'backend',
    1 => 'goods',
    2 => 'getgoods',
  ),
)
[ info ] [ HEADER ] array (
  'host' => 'localhost:8000',
  'connection' => 'keep-alive',
  'accept' => 'application/json, text/javascript, */*; q=0.01',
  'x-requested-with' => 'XMLHttpRequest',
  'user-agent' => 'Mozilla/5.0 (Windows NT 10.0; WOW64) AppleWebKit/537.36 (KHTML, like Gecko) Chrome/64.0.3282.186 Safari/537.36',
  'referer' => 'http://localhost:8000/hf171029-stage4/hf1710-justgo/public/backend/index/goodsInfo.html',
  'accept-encoding' => 'gzip, deflate, br',
  'accept-language' => 'zh-CN,zh;q=0.9',
)
[ info ] [ PARAM ] array (
  'page' => '1',
  'limit' => '10',
)
[ info ] [ RUN ] app\backend\controller\Goods->getgoods[ C:\AppServ\www\hf171029-stage4\hf1710-justgo\application\backend\controller\Goods.php ]
[ info ] [ DB ] INIT mysql
[ info ] [ DB ] INIT mysql
[ info ] [ LOG ] INIT File
[ sql ] [ DB ] CONNECT:[ UseTime:0.001586s ] mysql:dbname=justgo;host=127.0.0.1;port=3306;charset=utf8
[ sql ] [ SQL ] SHOW COLUMNS FROM `t_goods` [ RunTime:0.003394s ]
[ sql ] [ SQL ] SELECT * FROM `t_goods` [ RunTime:0.003391s ]
[ sql ] [ DB ] CONNECT:[ UseTime:0.012695s ] mysql:dbname=justgo;host=127.0.0.1;port=3306;charset=utf8
[ sql ] [ SQL ] SELECT * FROM `t_goods` INNER JOIN `t_location` `t_location` ON `t_location`.`locateid`=`t_goods`.`locateid` LIMIT 0,10 [ RunTime:0.006343s ]

---------------------------------------------------------------
[ 2018-05-09T23:21:25+08:00 ] ::1 ::1 GET /hf171029-stage4/hf1710-justgo/public/backend/index/pendingPage.html
[ log ] localhost:8000/hf171029-stage4/hf1710-justgo/public/backend/index/pendingPage.html [运行时间：0.055927s][吞吐率：17.88req/s] [内存消耗：1,673.81kb] [文件加载：45]
[ info ] [ LANG ] C:\AppServ\www\hf171029-stage4\hf1710-justgo\thinkphp\lang\zh-cn.php
[ info ] [ ROUTE ] array (
  'type' => 'module',
  'module' => 
  array (
    0 => 'backend',
    1 => 'index',
    2 => 'pendingPage',
  ),
)
[ info ] [ HEADER ] array (
  'host' => 'localhost:8000',
  'connection' => 'keep-alive',
  'upgrade-insecure-requests' => '1',
  'user-agent' => 'Mozilla/5.0 (Windows NT 10.0; WOW64) AppleWebKit/537.36 (KHTML, like Gecko) Chrome/64.0.3282.186 Safari/537.36',
  'accept' => 'text/html,application/xhtml+xml,application/xml;q=0.9,image/webp,image/apng,*/*;q=0.8',
  'referer' => 'http://localhost:8000/hf171029-stage4/hf1710-justgo/public/backend/index/index',
  'accept-encoding' => 'gzip, deflate, br',
  'accept-language' => 'zh-CN,zh;q=0.9',
)
[ info ] [ PARAM ] array (
)
[ info ] [ RUN ] app\backend\controller\Index->pendingPage[ C:\AppServ\www\hf171029-stage4\hf1710-justgo\application\backend\controller\Index.php ]
[ info ] [ VIEW ] C:\AppServ\www\hf171029-stage4\hf1710-justgo\public/../application/backend\view\pending.html [ array (
) ]
[ info ] [ LOG ] INIT File

---------------------------------------------------------------
[ 2018-05-09T23:21:25+08:00 ] ::1 ::1 GET /hf171029-stage4/hf1710-justgo/public/backend/goods/allunpaid?page=1&limit=10
[ log ] localhost:8000/hf171029-stage4/hf1710-justgo/public/backend/goods/allunpaid?page=1&limit=10 [运行时间：0.115184s][吞吐率：8.68req/s] [内存消耗：2,479.73kb] [文件加载：51]
[ info ] [ LANG ] C:\AppServ\www\hf171029-stage4\hf1710-justgo\thinkphp\lang\zh-cn.php
[ info ] [ ROUTE ] array (
  'type' => 'module',
  'module' => 
  array (
    0 => 'backend',
    1 => 'goods',
    2 => 'allunpaid',
  ),
)
[ info ] [ HEADER ] array (
  'host' => 'localhost:8000',
  'connection' => 'keep-alive',
  'accept' => 'application/json, text/javascript, */*; q=0.01',
  'x-requested-with' => 'XMLHttpRequest',
  'user-agent' => 'Mozilla/5.0 (Windows NT 10.0; WOW64) AppleWebKit/537.36 (KHTML, like Gecko) Chrome/64.0.3282.186 Safari/537.36',
  'referer' => 'http://localhost:8000/hf171029-stage4/hf1710-justgo/public/backend/index/pendingPage.html',
  'accept-encoding' => 'gzip, deflate, br',
  'accept-language' => 'zh-CN,zh;q=0.9',
)
[ info ] [ PARAM ] array (
  'page' => '1',
  'limit' => '10',
)
[ info ] [ RUN ] app\backend\controller\Goods->allunpaid[ C:\AppServ\www\hf171029-stage4\hf1710-justgo\application\backend\controller\Goods.php ]
[ info ] [ DB ] INIT mysql
[ info ] [ DB ] INIT mysql
[ info ] [ LOG ] INIT File
[ sql ] [ DB ] CONNECT:[ UseTime:0.012006s ] mysql:dbname=justgo;host=127.0.0.1;port=3306;charset=utf8
[ sql ] [ SQL ] SHOW COLUMNS FROM `t_orders` [ RunTime:0.023949s ]
[ sql ] [ SQL ] SELECT * FROM `t_orders` WHERE  (  orderStatus=1 OR orderStatus=5 ) [ RunTime:0.005437s ]
[ sql ] [ DB ] CONNECT:[ UseTime:0.004075s ] mysql:dbname=justgo;host=127.0.0.1;port=3306;charset=utf8
[ sql ] [ SQL ] SELECT * FROM `t_orders` INNER JOIN `t_orderStatus` `t_orderStatus` ON `t_orderStatus`.`orderStatus`=`t_orders`.`orderStatus` INNER JOIN `t_goods` `t_goods` ON `t_goods`.`goodsid`=`t_orders`.`goodsid` WHERE  (  t_orderStatus.orderStatus=1 OR t_orderStatus.orderStatus=5 ) LIMIT 0,10 [ RunTime:0.002401s ]

---------------------------------------------------------------
[ 2018-05-09T23:21:25+08:00 ] ::1 ::1 GET /hf171029-stage4/hf1710-justgo/public/backend/goods/getpending?page=1&limit=10
[ log ] localhost:8000/hf171029-stage4/hf1710-justgo/public/backend/goods/getpending?page=1&limit=10 [运行时间：0.165105s][吞吐率：6.06req/s] [内存消耗：2,477.55kb] [文件加载：51]
[ info ] [ LANG ] C:\AppServ\www\hf171029-stage4\hf1710-justgo\thinkphp\lang\zh-cn.php
[ info ] [ ROUTE ] array (
  'type' => 'module',
  'module' => 
  array (
    0 => 'backend',
    1 => 'goods',
    2 => 'getpending',
  ),
)
[ info ] [ HEADER ] array (
  'host' => 'localhost:8000',
  'connection' => 'keep-alive',
  'accept' => 'application/json, text/javascript, */*; q=0.01',
  'x-requested-with' => 'XMLHttpRequest',
  'user-agent' => 'Mozilla/5.0 (Windows NT 10.0; WOW64) AppleWebKit/537.36 (KHTML, like Gecko) Chrome/64.0.3282.186 Safari/537.36',
  'referer' => 'http://localhost:8000/hf171029-stage4/hf1710-justgo/public/backend/index/pendingPage.html',
  'accept-encoding' => 'gzip, deflate, br',
  'accept-language' => 'zh-CN,zh;q=0.9',
)
[ info ] [ PARAM ] array (
  'page' => '1',
  'limit' => '10',
)
[ info ] [ RUN ] app\backend\controller\Goods->getpending[ C:\AppServ\www\hf171029-stage4\hf1710-justgo\application\backend\controller\Goods.php ]
[ info ] [ DB ] INIT mysql
[ info ] [ DB ] INIT mysql
[ info ] [ LOG ] INIT File
[ sql ] [ DB ] CONNECT:[ UseTime:0.002243s ] mysql:dbname=justgo;host=127.0.0.1;port=3306;charset=utf8
[ sql ] [ SQL ] SHOW COLUMNS FROM `t_orders` [ RunTime:0.001951s ]
[ sql ] [ SQL ] SELECT * FROM `t_orders` WHERE  `orderStatus` = 2 [ RunTime:0.001028s ]
[ sql ] [ DB ] CONNECT:[ UseTime:0.003639s ] mysql:dbname=justgo;host=127.0.0.1;port=3306;charset=utf8
[ sql ] [ SQL ] SELECT * FROM `t_orders` INNER JOIN `t_orderStatus` `t_orderStatus` ON `t_orderStatus`.`orderStatus`=`t_orders`.`orderStatus` INNER JOIN `t_goods` `t_goods` ON `t_goods`.`goodsid`=`t_orders`.`goodsid` WHERE  `t_orderStatus`.`orderStatus` = 1 LIMIT 0,10 [ RunTime:0.001608s ]

---------------------------------------------------------------
[ 2018-05-09T23:21:25+08:00 ] ::1 ::1 GET /hf171029-stage4/hf1710-justgo/public/backend/index/__STATIC__/IMAGES/goods/g01.jpg
[ log ] localhost:8000/hf171029-stage4/hf1710-justgo/public/backend/index/__STATIC__/IMAGES/goods/g01.jpg [运行时间：0.060058s][吞吐率：16.65req/s] [内存消耗：1,707.95kb] [文件加载：47]
[ info ] [ LANG ] C:\AppServ\www\hf171029-stage4\hf1710-justgo\thinkphp\lang\zh-cn.php
[ info ] [ ROUTE ] array (
  'type' => 'module',
  'module' => 
  array (
    0 => 'backend',
    1 => 'index',
    2 => '__STATIC__',
  ),
)
[ info ] [ HEADER ] array (
  'host' => 'localhost:8000',
  'connection' => 'keep-alive',
  'user-agent' => 'Mozilla/5.0 (Windows NT 10.0; WOW64) AppleWebKit/537.36 (KHTML, like Gecko) Chrome/64.0.3282.186 Safari/537.36',
  'accept' => 'image/webp,image/apng,image/*,*/*;q=0.8',
  'referer' => 'http://localhost:8000/hf171029-stage4/hf1710-justgo/public/backend/index/pendingPage.html',
  'accept-encoding' => 'gzip, deflate, br',
  'accept-language' => 'zh-CN,zh;q=0.9',
)
[ info ] [ PARAM ] array (
  'IMAGES' => 'goods',
)
[ info ] [ LOG ] INIT File

---------------------------------------------------------------
[ 2018-05-09T23:21:25+08:00 ] ::1 ::1 GET /hf171029-stage4/hf1710-justgo/public/backend/index/view/img/g05.jpg
[ log ] localhost:8000/hf171029-stage4/hf1710-justgo/public/backend/index/view/img/g05.jpg [运行时间：0.065090s][吞吐率：15.36req/s] [内存消耗：1,707.94kb] [文件加载：47]
[ info ] [ LANG ] C:\AppServ\www\hf171029-stage4\hf1710-justgo\thinkphp\lang\zh-cn.php
[ info ] [ ROUTE ] array (
  'type' => 'module',
  'module' => 
  array (
    0 => 'backend',
    1 => 'index',
    2 => 'view',
  ),
)
[ info ] [ HEADER ] array (
  'host' => 'localhost:8000',
  'connection' => 'keep-alive',
  'user-agent' => 'Mozilla/5.0 (Windows NT 10.0; WOW64) AppleWebKit/537.36 (KHTML, like Gecko) Chrome/64.0.3282.186 Safari/537.36',
  'accept' => 'image/webp,image/apng,image/*,*/*;q=0.8',
  'referer' => 'http://localhost:8000/hf171029-stage4/hf1710-justgo/public/backend/index/pendingPage.html',
  'accept-encoding' => 'gzip, deflate, br',
  'accept-language' => 'zh-CN,zh;q=0.9',
)
[ info ] [ PARAM ] array (
  'img' => 'g05.jpg',
)
[ info ] [ LOG ] INIT File

---------------------------------------------------------------
[ 2018-05-09T23:21:59+08:00 ] ::1 ::1 GET /hf171029-stage4/hf1710-justgo/public/backend/index/pendingPage.html
[ log ] localhost:8000/hf171029-stage4/hf1710-justgo/public/backend/index/pendingPage.html [运行时间：0.039393s][吞吐率：25.39req/s] [内存消耗：1,673.81kb] [文件加载：45]
[ info ] [ LANG ] C:\AppServ\www\hf171029-stage4\hf1710-justgo\thinkphp\lang\zh-cn.php
[ info ] [ ROUTE ] array (
  'type' => 'module',
  'module' => 
  array (
    0 => 'backend',
    1 => 'index',
    2 => 'pendingPage',
  ),
)
[ info ] [ HEADER ] array (
  'host' => 'localhost:8000',
  'connection' => 'keep-alive',
  'upgrade-insecure-requests' => '1',
  'user-agent' => 'Mozilla/5.0 (Windows NT 10.0; WOW64) AppleWebKit/537.36 (KHTML, like Gecko) Chrome/64.0.3282.186 Safari/537.36',
  'accept' => 'text/html,application/xhtml+xml,application/xml;q=0.9,image/webp,image/apng,*/*;q=0.8',
  'referer' => 'http://localhost:8000/hf171029-stage4/hf1710-justgo/public/backend/index/index',
  'accept-encoding' => 'gzip, deflate, br',
  'accept-language' => 'zh-CN,zh;q=0.9',
)
[ info ] [ PARAM ] array (
)
[ info ] [ RUN ] app\backend\controller\Index->pendingPage[ C:\AppServ\www\hf171029-stage4\hf1710-justgo\application\backend\controller\Index.php ]
[ info ] [ VIEW ] C:\AppServ\www\hf171029-stage4\hf1710-justgo\public/../application/backend\view\pending.html [ array (
) ]
[ info ] [ LOG ] INIT File

---------------------------------------------------------------
[ 2018-05-09T23:22:00+08:00 ] ::1 ::1 GET /hf171029-stage4/hf1710-justgo/public/backend/goods/allunpaid?page=1&limit=10
[ log ] localhost:8000/hf171029-stage4/hf1710-justgo/public/backend/goods/allunpaid?page=1&limit=10 [运行时间：0.099549s][吞吐率：10.05req/s] [内存消耗：2,479.73kb] [文件加载：51]
[ info ] [ LANG ] C:\AppServ\www\hf171029-stage4\hf1710-justgo\thinkphp\lang\zh-cn.php
[ info ] [ ROUTE ] array (
  'type' => 'module',
  'module' => 
  array (
    0 => 'backend',
    1 => 'goods',
    2 => 'allunpaid',
  ),
)
[ info ] [ HEADER ] array (
  'host' => 'localhost:8000',
  'connection' => 'keep-alive',
  'accept' => 'application/json, text/javascript, */*; q=0.01',
  'x-requested-with' => 'XMLHttpRequest',
  'user-agent' => 'Mozilla/5.0 (Windows NT 10.0; WOW64) AppleWebKit/537.36 (KHTML, like Gecko) Chrome/64.0.3282.186 Safari/537.36',
  'referer' => 'http://localhost:8000/hf171029-stage4/hf1710-justgo/public/backend/index/pendingPage.html',
  'accept-encoding' => 'gzip, deflate, br',
  'accept-language' => 'zh-CN,zh;q=0.9',
)
[ info ] [ PARAM ] array (
  'page' => '1',
  'limit' => '10',
)
[ info ] [ RUN ] app\backend\controller\Goods->allunpaid[ C:\AppServ\www\hf171029-stage4\hf1710-justgo\application\backend\controller\Goods.php ]
[ info ] [ DB ] INIT mysql
[ info ] [ DB ] INIT mysql
[ info ] [ LOG ] INIT File
[ sql ] [ DB ] CONNECT:[ UseTime:0.001813s ] mysql:dbname=justgo;host=127.0.0.1;port=3306;charset=utf8
[ sql ] [ SQL ] SHOW COLUMNS FROM `t_orders` [ RunTime:0.006103s ]
[ sql ] [ SQL ] SELECT * FROM `t_orders` WHERE  (  orderStatus=1 OR orderStatus=5 ) [ RunTime:0.002720s ]
[ sql ] [ DB ] CONNECT:[ UseTime:0.001854s ] mysql:dbname=justgo;host=127.0.0.1;port=3306;charset=utf8
[ sql ] [ SQL ] SELECT * FROM `t_orders` INNER JOIN `t_orderStatus` `t_orderStatus` ON `t_orderStatus`.`orderStatus`=`t_orders`.`orderStatus` INNER JOIN `t_goods` `t_goods` ON `t_goods`.`goodsid`=`t_orders`.`goodsid` WHERE  (  t_orderStatus.orderStatus=1 OR t_orderStatus.orderStatus=5 ) LIMIT 0,10 [ RunTime:0.002142s ]

---------------------------------------------------------------
[ 2018-05-09T23:22:00+08:00 ] ::1 ::1 GET /hf171029-stage4/hf1710-justgo/public/backend/goods/getpending?page=1&limit=10
[ log ] localhost:8000/hf171029-stage4/hf1710-justgo/public/backend/goods/getpending?page=1&limit=10 [运行时间：0.113027s][吞吐率：8.85req/s] [内存消耗：2,477.55kb] [文件加载：51]
[ info ] [ LANG ] C:\AppServ\www\hf171029-stage4\hf1710-justgo\thinkphp\lang\zh-cn.php
[ info ] [ ROUTE ] array (
  'type' => 'module',
  'module' => 
  array (
    0 => 'backend',
    1 => 'goods',
    2 => 'getpending',
  ),
)
[ info ] [ HEADER ] array (
  'host' => 'localhost:8000',
  'connection' => 'keep-alive',
  'accept' => 'application/json, text/javascript, */*; q=0.01',
  'x-requested-with' => 'XMLHttpRequest',
  'user-agent' => 'Mozilla/5.0 (Windows NT 10.0; WOW64) AppleWebKit/537.36 (KHTML, like Gecko) Chrome/64.0.3282.186 Safari/537.36',
  'referer' => 'http://localhost:8000/hf171029-stage4/hf1710-justgo/public/backend/index/pendingPage.html',
  'accept-encoding' => 'gzip, deflate, br',
  'accept-language' => 'zh-CN,zh;q=0.9',
)
[ info ] [ PARAM ] array (
  'page' => '1',
  'limit' => '10',
)
[ info ] [ RUN ] app\backend\controller\Goods->getpending[ C:\AppServ\www\hf171029-stage4\hf1710-justgo\application\backend\controller\Goods.php ]
[ info ] [ DB ] INIT mysql
[ info ] [ DB ] INIT mysql
[ info ] [ LOG ] INIT File
[ sql ] [ DB ] CONNECT:[ UseTime:0.005767s ] mysql:dbname=justgo;host=127.0.0.1;port=3306;charset=utf8
[ sql ] [ SQL ] SHOW COLUMNS FROM `t_orders` [ RunTime:0.001784s ]
[ sql ] [ SQL ] SELECT * FROM `t_orders` WHERE  `orderStatus` = 2 [ RunTime:0.001070s ]
[ sql ] [ DB ] CONNECT:[ UseTime:0.011607s ] mysql:dbname=justgo;host=127.0.0.1;port=3306;charset=utf8
[ sql ] [ SQL ] SELECT * FROM `t_orders` INNER JOIN `t_orderStatus` `t_orderStatus` ON `t_orderStatus`.`orderStatus`=`t_orders`.`orderStatus` INNER JOIN `t_goods` `t_goods` ON `t_goods`.`goodsid`=`t_orders`.`goodsid` WHERE  `t_orderStatus`.`orderStatus` = 1 LIMIT 0,10 [ RunTime:0.001045s ]

---------------------------------------------------------------
[ 2018-05-09T23:22:00+08:00 ] ::1 ::1 GET /hf171029-stage4/hf1710-justgo/public/backend/index/__STATIC__/IMAGES/goods/g01.jpg
[ log ] localhost:8000/hf171029-stage4/hf1710-justgo/public/backend/index/__STATIC__/IMAGES/goods/g01.jpg [运行时间：0.059321s][吞吐率：16.86req/s] [内存消耗：1,707.95kb] [文件加载：47]
[ info ] [ LANG ] C:\AppServ\www\hf171029-stage4\hf1710-justgo\thinkphp\lang\zh-cn.php
[ info ] [ ROUTE ] array (
  'type' => 'module',
  'module' => 
  array (
    0 => 'backend',
    1 => 'index',
    2 => '__STATIC__',
  ),
)
[ info ] [ HEADER ] array (
  'host' => 'localhost:8000',
  'connection' => 'keep-alive',
  'user-agent' => 'Mozilla/5.0 (Windows NT 10.0; WOW64) AppleWebKit/537.36 (KHTML, like Gecko) Chrome/64.0.3282.186 Safari/537.36',
  'accept' => 'image/webp,image/apng,image/*,*/*;q=0.8',
  'referer' => 'http://localhost:8000/hf171029-stage4/hf1710-justgo/public/backend/index/pendingPage.html',
  'accept-encoding' => 'gzip, deflate, br',
  'accept-language' => 'zh-CN,zh;q=0.9',
)
[ info ] [ PARAM ] array (
  'IMAGES' => 'goods',
)
[ info ] [ LOG ] INIT File

---------------------------------------------------------------
[ 2018-05-09T23:22:00+08:00 ] ::1 ::1 GET /hf171029-stage4/hf1710-justgo/public/backend/index/view/img/g05.jpg
[ log ] localhost:8000/hf171029-stage4/hf1710-justgo/public/backend/index/view/img/g05.jpg [运行时间：0.069735s][吞吐率：14.34req/s] [内存消耗：1,707.94kb] [文件加载：47]
[ info ] [ LANG ] C:\AppServ\www\hf171029-stage4\hf1710-justgo\thinkphp\lang\zh-cn.php
[ info ] [ ROUTE ] array (
  'type' => 'module',
  'module' => 
  array (
    0 => 'backend',
    1 => 'index',
    2 => 'view',
  ),
)
[ info ] [ HEADER ] array (
  'host' => 'localhost:8000',
  'connection' => 'keep-alive',
  'user-agent' => 'Mozilla/5.0 (Windows NT 10.0; WOW64) AppleWebKit/537.36 (KHTML, like Gecko) Chrome/64.0.3282.186 Safari/537.36',
  'accept' => 'image/webp,image/apng,image/*,*/*;q=0.8',
  'referer' => 'http://localhost:8000/hf171029-stage4/hf1710-justgo/public/backend/index/pendingPage.html',
  'accept-encoding' => 'gzip, deflate, br',
  'accept-language' => 'zh-CN,zh;q=0.9',
)
[ info ] [ PARAM ] array (
  'img' => 'g05.jpg',
)
[ info ] [ LOG ] INIT File

---------------------------------------------------------------
[ 2018-05-09T23:22:02+08:00 ] ::1 ::1 GET /hf171029-stage4/hf1710-justgo/public/backend/index/boughtPage.html
[ log ] localhost:8000/hf171029-stage4/hf1710-justgo/public/backend/index/boughtPage.html [运行时间：0.043065s][吞吐率：23.22req/s] [内存消耗：1,673.81kb] [文件加载：45]
[ info ] [ LANG ] C:\AppServ\www\hf171029-stage4\hf1710-justgo\thinkphp\lang\zh-cn.php
[ info ] [ ROUTE ] array (
  'type' => 'module',
  'module' => 
  array (
    0 => 'backend',
    1 => 'index',
    2 => 'boughtPage',
  ),
)
[ info ] [ HEADER ] array (
  'host' => 'localhost:8000',
  'connection' => 'keep-alive',
  'upgrade-insecure-requests' => '1',
  'user-agent' => 'Mozilla/5.0 (Windows NT 10.0; WOW64) AppleWebKit/537.36 (KHTML, like Gecko) Chrome/64.0.3282.186 Safari/537.36',
  'accept' => 'text/html,application/xhtml+xml,application/xml;q=0.9,image/webp,image/apng,*/*;q=0.8',
  'referer' => 'http://localhost:8000/hf171029-stage4/hf1710-justgo/public/backend/index/index',
  'accept-encoding' => 'gzip, deflate, br',
  'accept-language' => 'zh-CN,zh;q=0.9',
)
[ info ] [ PARAM ] array (
)
[ info ] [ RUN ] app\backend\controller\Index->boughtPage[ C:\AppServ\www\hf171029-stage4\hf1710-justgo\application\backend\controller\Index.php ]
[ info ] [ VIEW ] C:\AppServ\www\hf171029-stage4\hf1710-justgo\public/../application/backend\view\paid.html [ array (
) ]
[ info ] [ LOG ] INIT File

---------------------------------------------------------------
[ 2018-05-09T23:22:02+08:00 ] ::1 ::1 GET /hf171029-stage4/hf1710-justgo/public/backend/goods/getpaid?page=1&limit=10
[ log ] localhost:8000/hf171029-stage4/hf1710-justgo/public/backend/goods/getpaid?page=1&limit=10 [运行时间：0.091140s][吞吐率：10.97req/s] [内存消耗：2,471.02kb] [文件加载：51]
[ info ] [ LANG ] C:\AppServ\www\hf171029-stage4\hf1710-justgo\thinkphp\lang\zh-cn.php
[ info ] [ ROUTE ] array (
  'type' => 'module',
  'module' => 
  array (
    0 => 'backend',
    1 => 'goods',
    2 => 'getpaid',
  ),
)
[ info ] [ HEADER ] array (
  'host' => 'localhost:8000',
  'connection' => 'keep-alive',
  'accept' => 'application/json, text/javascript, */*; q=0.01',
  'x-requested-with' => 'XMLHttpRequest',
  'user-agent' => 'Mozilla/5.0 (Windows NT 10.0; WOW64) AppleWebKit/537.36 (KHTML, like Gecko) Chrome/64.0.3282.186 Safari/537.36',
  'referer' => 'http://localhost:8000/hf171029-stage4/hf1710-justgo/public/backend/index/boughtPage.html',
  'accept-encoding' => 'gzip, deflate, br',
  'accept-language' => 'zh-CN,zh;q=0.9',
)
[ info ] [ PARAM ] array (
  'page' => '1',
  'limit' => '10',
)
[ info ] [ RUN ] app\backend\controller\Goods->getpaid[ C:\AppServ\www\hf171029-stage4\hf1710-justgo\application\backend\controller\Goods.php ]
[ info ] [ DB ] INIT mysql
[ info ] [ DB ] INIT mysql
[ info ] [ LOG ] INIT File
[ sql ] [ DB ] CONNECT:[ UseTime:0.003066s ] mysql:dbname=justgo;host=127.0.0.1;port=3306;charset=utf8
[ sql ] [ SQL ] SHOW COLUMNS FROM `t_orders` [ RunTime:0.001911s ]
[ sql ] [ SQL ] SELECT * FROM `t_orders` WHERE  `orderStatus` = 2 [ RunTime:0.002016s ]
[ sql ] [ DB ] CONNECT:[ UseTime:0.002855s ] mysql:dbname=justgo;host=127.0.0.1;port=3306;charset=utf8
[ sql ] [ SQL ] SELECT * FROM `t_orders` INNER JOIN `t_orderStatus` `t_orderStatus` ON `t_orderStatus`.`orderStatus`=`t_orders`.`orderStatus` INNER JOIN `t_goods` `t_goods` ON `t_goods`.`goodsid`=`t_orders`.`goodsid` WHERE  `t_orderStatus`.`orderStatus` = 2 LIMIT 0,10 [ RunTime:0.001284s ]

---------------------------------------------------------------
[ 2018-05-09T23:22:02+08:00 ] ::1 ::1 GET /hf171029-stage4/hf1710-justgo/public/backend/goods/getallpaid?page=1&limit=10
[ log ] localhost:8000/hf171029-stage4/hf1710-justgo/public/backend/goods/getallpaid?page=1&limit=10 [运行时间：0.141398s][吞吐率：7.07req/s] [内存消耗：2,481.53kb] [文件加载：51]
[ info ] [ LANG ] C:\AppServ\www\hf171029-stage4\hf1710-justgo\thinkphp\lang\zh-cn.php
[ info ] [ ROUTE ] array (
  'type' => 'module',
  'module' => 
  array (
    0 => 'backend',
    1 => 'goods',
    2 => 'getallpaid',
  ),
)
[ info ] [ HEADER ] array (
  'host' => 'localhost:8000',
  'connection' => 'keep-alive',
  'accept' => 'application/json, text/javascript, */*; q=0.01',
  'x-requested-with' => 'XMLHttpRequest',
  'user-agent' => 'Mozilla/5.0 (Windows NT 10.0; WOW64) AppleWebKit/537.36 (KHTML, like Gecko) Chrome/64.0.3282.186 Safari/537.36',
  'referer' => 'http://localhost:8000/hf171029-stage4/hf1710-justgo/public/backend/index/boughtPage.html',
  'accept-encoding' => 'gzip, deflate, br',
  'accept-language' => 'zh-CN,zh;q=0.9',
)
[ info ] [ PARAM ] array (
  'page' => '1',
  'limit' => '10',
)
[ info ] [ RUN ] app\backend\controller\Goods->getallpaid[ C:\AppServ\www\hf171029-stage4\hf1710-justgo\application\backend\controller\Goods.php ]
[ info ] [ DB ] INIT mysql
[ info ] [ DB ] INIT mysql
[ info ] [ LOG ] INIT File
[ sql ] [ DB ] CONNECT:[ UseTime:0.028376s ] mysql:dbname=justgo;host=127.0.0.1;port=3306;charset=utf8
[ sql ] [ SQL ] SHOW COLUMNS FROM `t_orders` [ RunTime:0.001811s ]
[ sql ] [ SQL ] SELECT * FROM `t_orders` WHERE  (  orderStatus=2 OR orderStatus=3 OR orderStatus=4 ) [ RunTime:0.000964s ]
[ sql ] [ DB ] CONNECT:[ UseTime:0.004100s ] mysql:dbname=justgo;host=127.0.0.1;port=3306;charset=utf8
[ sql ] [ SQL ] SELECT * FROM `t_orders` INNER JOIN `t_orderStatus` `t_orderStatus` ON `t_orderStatus`.`orderStatus`=`t_orders`.`orderStatus` INNER JOIN `t_goods` `t_goods` ON `t_goods`.`goodsid`=`t_orders`.`goodsid` WHERE  (  t_orderStatus.orderStatus=2 OR t_orderStatus.orderStatus=3 OR t_orderStatus.orderStatus=4 ) LIMIT 0,10 [ RunTime:0.004579s ]

---------------------------------------------------------------
[ 2018-05-09T23:22:02+08:00 ] ::1 ::1 GET /hf171029-stage4/hf1710-justgo/public/backend/index/__STATIC__/IMAGES/goods/g01.jpg
[ log ] localhost:8000/hf171029-stage4/hf1710-justgo/public/backend/index/__STATIC__/IMAGES/goods/g01.jpg [运行时间：0.059786s][吞吐率：16.73req/s] [内存消耗：1,707.95kb] [文件加载：47]
[ info ] [ LANG ] C:\AppServ\www\hf171029-stage4\hf1710-justgo\thinkphp\lang\zh-cn.php
[ info ] [ ROUTE ] array (
  'type' => 'module',
  'module' => 
  array (
    0 => 'backend',
    1 => 'index',
    2 => '__STATIC__',
  ),
)
[ info ] [ HEADER ] array (
  'host' => 'localhost:8000',
  'connection' => 'keep-alive',
  'user-agent' => 'Mozilla/5.0 (Windows NT 10.0; WOW64) AppleWebKit/537.36 (KHTML, like Gecko) Chrome/64.0.3282.186 Safari/537.36',
  'accept' => 'image/webp,image/apng,image/*,*/*;q=0.8',
  'referer' => 'http://localhost:8000/hf171029-stage4/hf1710-justgo/public/backend/index/boughtPage.html',
  'accept-encoding' => 'gzip, deflate, br',
  'accept-language' => 'zh-CN,zh;q=0.9',
)
[ info ] [ PARAM ] array (
  'IMAGES' => 'goods',
)
[ info ] [ LOG ] INIT File

---------------------------------------------------------------
[ 2018-05-09T23:22:02+08:00 ] ::1 ::1 GET /hf171029-stage4/hf1710-justgo/public/backend/index/view/img/g02.jpg
[ log ] localhost:8000/hf171029-stage4/hf1710-justgo/public/backend/index/view/img/g02.jpg [运行时间：0.070011s][吞吐率：14.28req/s] [内存消耗：1,707.90kb] [文件加载：47]
[ info ] [ LANG ] C:\AppServ\www\hf171029-stage4\hf1710-justgo\thinkphp\lang\zh-cn.php
[ info ] [ ROUTE ] array (
  'type' => 'module',
  'module' => 
  array (
    0 => 'backend',
    1 => 'index',
    2 => 'view',
  ),
)
[ info ] [ HEADER ] array (
  'host' => 'localhost:8000',
  'connection' => 'keep-alive',
  'user-agent' => 'Mozilla/5.0 (Windows NT 10.0; WOW64) AppleWebKit/537.36 (KHTML, like Gecko) Chrome/64.0.3282.186 Safari/537.36',
  'accept' => 'image/webp,image/apng,image/*,*/*;q=0.8',
  'referer' => 'http://localhost:8000/hf171029-stage4/hf1710-justgo/public/backend/index/boughtPage.html',
  'accept-encoding' => 'gzip, deflate, br',
  'accept-language' => 'zh-CN,zh;q=0.9',
)
[ info ] [ PARAM ] array (
  'img' => 'g02.jpg',
)
[ info ] [ LOG ] INIT File

---------------------------------------------------------------
[ 2018-05-09T23:22:06+08:00 ] ::1 ::1 GET /hf171029-stage4/hf1710-justgo/public/backend/index/goodsInfo.html
[ log ] localhost:8000/hf171029-stage4/hf1710-justgo/public/backend/index/goodsInfo.html [运行时间：0.040779s][吞吐率：24.52req/s] [内存消耗：1,673.84kb] [文件加载：45]
[ info ] [ LANG ] C:\AppServ\www\hf171029-stage4\hf1710-justgo\thinkphp\lang\zh-cn.php
[ info ] [ ROUTE ] array (
  'type' => 'module',
  'module' => 
  array (
    0 => 'backend',
    1 => 'index',
    2 => 'goodsInfo',
  ),
)
[ info ] [ HEADER ] array (
  'host' => 'localhost:8000',
  'connection' => 'keep-alive',
  'upgrade-insecure-requests' => '1',
  'user-agent' => 'Mozilla/5.0 (Windows NT 10.0; WOW64) AppleWebKit/537.36 (KHTML, like Gecko) Chrome/64.0.3282.186 Safari/537.36',
  'accept' => 'text/html,application/xhtml+xml,application/xml;q=0.9,image/webp,image/apng,*/*;q=0.8',
  'referer' => 'http://localhost:8000/hf171029-stage4/hf1710-justgo/public/backend/index/index',
  'accept-encoding' => 'gzip, deflate, br',
  'accept-language' => 'zh-CN,zh;q=0.9',
)
[ info ] [ PARAM ] array (
)
[ info ] [ RUN ] app\backend\controller\Index->goodsInfo[ C:\AppServ\www\hf171029-stage4\hf1710-justgo\application\backend\controller\Index.php ]
[ info ] [ VIEW ] C:\AppServ\www\hf171029-stage4\hf1710-justgo\public/../application/backend\view\goodsInfo.html [ array (
) ]
[ info ] [ LOG ] INIT File

---------------------------------------------------------------
[ 2018-05-09T23:22:06+08:00 ] ::1 ::1 GET /hf171029-stage4/hf1710-justgo/public/backend/goods/getgoods?page=1&limit=10
[ log ] localhost:8000/hf171029-stage4/hf1710-justgo/public/backend/goods/getgoods?page=1&limit=10 [运行时间：0.100654s][吞吐率：9.94req/s] [内存消耗：2,505.24kb] [文件加载：51]
[ info ] [ LANG ] C:\AppServ\www\hf171029-stage4\hf1710-justgo\thinkphp\lang\zh-cn.php
[ info ] [ ROUTE ] array (
  'type' => 'module',
  'module' => 
  array (
    0 => 'backend',
    1 => 'goods',
    2 => 'getgoods',
  ),
)
[ info ] [ HEADER ] array (
  'host' => 'localhost:8000',
  'connection' => 'keep-alive',
  'accept' => 'application/json, text/javascript, */*; q=0.01',
  'x-requested-with' => 'XMLHttpRequest',
  'user-agent' => 'Mozilla/5.0 (Windows NT 10.0; WOW64) AppleWebKit/537.36 (KHTML, like Gecko) Chrome/64.0.3282.186 Safari/537.36',
  'referer' => 'http://localhost:8000/hf171029-stage4/hf1710-justgo/public/backend/index/goodsInfo.html',
  'accept-encoding' => 'gzip, deflate, br',
  'accept-language' => 'zh-CN,zh;q=0.9',
)
[ info ] [ PARAM ] array (
  'page' => '1',
  'limit' => '10',
)
[ info ] [ RUN ] app\backend\controller\Goods->getgoods[ C:\AppServ\www\hf171029-stage4\hf1710-justgo\application\backend\controller\Goods.php ]
[ info ] [ DB ] INIT mysql
[ info ] [ DB ] INIT mysql
[ info ] [ LOG ] INIT File
[ sql ] [ DB ] CONNECT:[ UseTime:0.020810s ] mysql:dbname=justgo;host=127.0.0.1;port=3306;charset=utf8
[ sql ] [ SQL ] SHOW COLUMNS FROM `t_goods` [ RunTime:0.001487s ]
[ sql ] [ SQL ] SELECT * FROM `t_goods` [ RunTime:0.000946s ]
[ sql ] [ DB ] CONNECT:[ UseTime:0.010554s ] mysql:dbname=justgo;host=127.0.0.1;port=3306;charset=utf8
[ sql ] [ SQL ] SELECT * FROM `t_goods` INNER JOIN `t_location` `t_location` ON `t_location`.`locateid`=`t_goods`.`locateid` LIMIT 0,10 [ RunTime:0.001777s ]

---------------------------------------------------------------
[ 2018-05-09T23:29:31+08:00 ] ::1 ::1 GET /hf171029-stage4/hf1710-justgo/public/backend/index/index
[ log ] localhost:8000/hf171029-stage4/hf1710-justgo/public/backend/index/index [运行时间：0.066919s][吞吐率：14.94req/s] [内存消耗：2,445.22kb] [文件加载：53]
[ info ] [ LANG ] C:\AppServ\www\hf171029-stage4\hf1710-justgo\thinkphp\lang\zh-cn.php
[ info ] [ ROUTE ] array (
  'type' => 'module',
  'module' => 
  array (
    0 => 'backend',
    1 => 'index',
    2 => 'index',
  ),
)
[ info ] [ HEADER ] array (
  'host' => 'localhost:8000',
  'connection' => 'keep-alive',
  'cache-control' => 'max-age=0',
  'upgrade-insecure-requests' => '1',
  'user-agent' => 'Mozilla/5.0 (Windows NT 10.0; WOW64) AppleWebKit/537.36 (KHTML, like Gecko) Chrome/64.0.3282.186 Safari/537.36',
  'accept' => 'text/html,application/xhtml+xml,application/xml;q=0.9,image/webp,image/apng,*/*;q=0.8',
  'accept-encoding' => 'gzip, deflate, br',
  'accept-language' => 'zh-CN,zh;q=0.9',
)
[ info ] [ PARAM ] array (
)
[ info ] [ RUN ] app\backend\controller\Index->index[ C:\AppServ\www\hf171029-stage4\hf1710-justgo\application\backend\controller\Index.php ]
[ info ] [ DB ] INIT mysql
[ info ] [ VIEW ] C:\AppServ\www\hf171029-stage4\hf1710-justgo\public/../application/backend\view\index.html [ array (
  0 => 'menu',
) ]
[ info ] [ LOG ] INIT File
[ sql ] [ DB ] CONNECT:[ UseTime:0.001693s ] mysql:dbname=justgo;host=127.0.0.1;port=3306;charset=utf8
[ sql ] [ SQL ] SHOW COLUMNS FROM `t_menu` [ RunTime:0.004810s ]
[ sql ] [ SQL ] SELECT * FROM `t_menu` [ RunTime:0.000696s ]

---------------------------------------------------------------
[ 2018-05-09T23:29:31+08:00 ] ::1 ::1 GET /hf171029-stage4/hf1710-justgo/public/backend/index/travels.html
[ log ] localhost:8000/hf171029-stage4/hf1710-justgo/public/backend/index/travels.html [运行时间：0.062491s][吞吐率：16.00req/s] [内存消耗：1,673.78kb] [文件加载：45]
[ info ] [ LANG ] C:\AppServ\www\hf171029-stage4\hf1710-justgo\thinkphp\lang\zh-cn.php
[ info ] [ ROUTE ] array (
  'type' => 'module',
  'module' => 
  array (
    0 => 'backend',
    1 => 'index',
    2 => 'travels',
  ),
)
[ info ] [ HEADER ] array (
  'host' => 'localhost:8000',
  'connection' => 'keep-alive',
  'upgrade-insecure-requests' => '1',
  'user-agent' => 'Mozilla/5.0 (Windows NT 10.0; WOW64) AppleWebKit/537.36 (KHTML, like Gecko) Chrome/64.0.3282.186 Safari/537.36',
  'accept' => 'text/html,application/xhtml+xml,application/xml;q=0.9,image/webp,image/apng,*/*;q=0.8',
  'referer' => 'http://localhost:8000/hf171029-stage4/hf1710-justgo/public/backend/index/index',
  'accept-encoding' => 'gzip, deflate, br',
  'accept-language' => 'zh-CN,zh;q=0.9',
)
[ info ] [ PARAM ] array (
)
[ info ] [ RUN ] app\backend\controller\Index->travels[ C:\AppServ\www\hf171029-stage4\hf1710-justgo\application\backend\controller\Index.php ]
[ info ] [ VIEW ] C:\AppServ\www\hf171029-stage4\hf1710-justgo\public/../application/backend\view\travels.html [ array (
) ]
[ info ] [ LOG ] INIT File

---------------------------------------------------------------
[ 2018-05-09T23:29:34+08:00 ] ::1 ::1 GET /hf171029-stage4/hf1710-justgo/public/backend/index/goodsInfo.html
[ log ] localhost:8000/hf171029-stage4/hf1710-justgo/public/backend/index/goodsInfo.html [运行时间：0.040436s][吞吐率：24.73req/s] [内存消耗：1,673.84kb] [文件加载：45]
[ info ] [ LANG ] C:\AppServ\www\hf171029-stage4\hf1710-justgo\thinkphp\lang\zh-cn.php
[ info ] [ ROUTE ] array (
  'type' => 'module',
  'module' => 
  array (
    0 => 'backend',
    1 => 'index',
    2 => 'goodsInfo',
  ),
)
[ info ] [ HEADER ] array (
  'host' => 'localhost:8000',
  'connection' => 'keep-alive',
  'upgrade-insecure-requests' => '1',
  'user-agent' => 'Mozilla/5.0 (Windows NT 10.0; WOW64) AppleWebKit/537.36 (KHTML, like Gecko) Chrome/64.0.3282.186 Safari/537.36',
  'accept' => 'text/html,application/xhtml+xml,application/xml;q=0.9,image/webp,image/apng,*/*;q=0.8',
  'referer' => 'http://localhost:8000/hf171029-stage4/hf1710-justgo/public/backend/index/index',
  'accept-encoding' => 'gzip, deflate, br',
  'accept-language' => 'zh-CN,zh;q=0.9',
)
[ info ] [ PARAM ] array (
)
[ info ] [ RUN ] app\backend\controller\Index->goodsInfo[ C:\AppServ\www\hf171029-stage4\hf1710-justgo\application\backend\controller\Index.php ]
[ info ] [ VIEW ] C:\AppServ\www\hf171029-stage4\hf1710-justgo\public/../application/backend\view\goodsInfo.html [ array (
) ]
[ info ] [ LOG ] INIT File

---------------------------------------------------------------
[ 2018-05-09T23:29:34+08:00 ] ::1 ::1 GET /hf171029-stage4/hf1710-justgo/public/backend/goods/getgoods?page=1&limit=10
[ log ] localhost:8000/hf171029-stage4/hf1710-justgo/public/backend/goods/getgoods?page=1&limit=10 [运行时间：0.092988s][吞吐率：10.75req/s] [内存消耗：2,505.87kb] [文件加载：51]
[ info ] [ LANG ] C:\AppServ\www\hf171029-stage4\hf1710-justgo\thinkphp\lang\zh-cn.php
[ info ] [ ROUTE ] array (
  'type' => 'module',
  'module' => 
  array (
    0 => 'backend',
    1 => 'goods',
    2 => 'getgoods',
  ),
)
[ info ] [ HEADER ] array (
  'host' => 'localhost:8000',
  'connection' => 'keep-alive',
  'accept' => 'application/json, text/javascript, */*; q=0.01',
  'x-requested-with' => 'XMLHttpRequest',
  'user-agent' => 'Mozilla/5.0 (Windows NT 10.0; WOW64) AppleWebKit/537.36 (KHTML, like Gecko) Chrome/64.0.3282.186 Safari/537.36',
  'referer' => 'http://localhost:8000/hf171029-stage4/hf1710-justgo/public/backend/index/goodsInfo.html',
  'accept-encoding' => 'gzip, deflate, br',
  'accept-language' => 'zh-CN,zh;q=0.9',
)
[ info ] [ PARAM ] array (
  'page' => '1',
  'limit' => '10',
)
[ info ] [ RUN ] app\backend\controller\Goods->getgoods[ C:\AppServ\www\hf171029-stage4\hf1710-justgo\application\backend\controller\Goods.php ]
[ info ] [ DB ] INIT mysql
[ info ] [ DB ] INIT mysql
[ info ] [ LOG ] INIT File
[ sql ] [ DB ] CONNECT:[ UseTime:0.003145s ] mysql:dbname=justgo;host=127.0.0.1;port=3306;charset=utf8
[ sql ] [ SQL ] SHOW COLUMNS FROM `t_goods` [ RunTime:0.001148s ]
[ sql ] [ SQL ] SELECT * FROM `t_goods` [ RunTime:0.000818s ]
[ sql ] [ DB ] CONNECT:[ UseTime:0.024545s ] mysql:dbname=justgo;host=127.0.0.1;port=3306;charset=utf8
[ sql ] [ SQL ] SELECT * FROM `t_goods` INNER JOIN `t_location` `t_location` ON `t_location`.`locateid`=`t_goods`.`locateid` LIMIT 0,10 [ RunTime:0.001040s ]

---------------------------------------------------------------
[ 2018-05-09T23:29:52+08:00 ] ::1 ::1 GET /hf171029-stage4/hf1710-justgo/public/backend/goods/getgoods?page=1&limit=10&keyword=%E4%B8%89
[ log ] localhost:8000/hf171029-stage4/hf1710-justgo/public/backend/goods/getgoods?page=1&limit=10&keyword=%E4%B8%89 [运行时间：0.084160s][吞吐率：11.88req/s] [内存消耗：2,471.41kb] [文件加载：51]
[ info ] [ LANG ] C:\AppServ\www\hf171029-stage4\hf1710-justgo\thinkphp\lang\zh-cn.php
[ info ] [ ROUTE ] array (
  'type' => 'module',
  'module' => 
  array (
    0 => 'backend',
    1 => 'goods',
    2 => 'getgoods',
  ),
)
[ info ] [ HEADER ] array (
  'host' => 'localhost:8000',
  'connection' => 'keep-alive',
  'accept' => 'application/json, text/javascript, */*; q=0.01',
  'x-requested-with' => 'XMLHttpRequest',
  'user-agent' => 'Mozilla/5.0 (Windows NT 10.0; WOW64) AppleWebKit/537.36 (KHTML, like Gecko) Chrome/64.0.3282.186 Safari/537.36',
  'referer' => 'http://localhost:8000/hf171029-stage4/hf1710-justgo/public/backend/index/goodsInfo.html',
  'accept-encoding' => 'gzip, deflate, br',
  'accept-language' => 'zh-CN,zh;q=0.9',
)
[ info ] [ PARAM ] array (
  'page' => '1',
  'limit' => '10',
  'keyword' => '三',
)
[ info ] [ RUN ] app\backend\controller\Goods->getgoods[ C:\AppServ\www\hf171029-stage4\hf1710-justgo\application\backend\controller\Goods.php ]
[ info ] [ DB ] INIT mysql
[ info ] [ DB ] INIT mysql
[ info ] [ LOG ] INIT File
[ sql ] [ DB ] CONNECT:[ UseTime:0.002000s ] mysql:dbname=justgo;host=127.0.0.1;port=3306;charset=utf8
[ sql ] [ SQL ] SHOW COLUMNS FROM `t_goods` [ RunTime:0.003251s ]
[ sql ] [ SQL ] SELECT * FROM `t_goods` WHERE  `t_goods`.`name` LIKE '三%' [ RunTime:0.001619s ]
[ sql ] [ DB ] CONNECT:[ UseTime:0.001500s ] mysql:dbname=justgo;host=127.0.0.1;port=3306;charset=utf8
[ sql ] [ SQL ] SELECT * FROM `t_goods` INNER JOIN `t_location` `t_location` ON `t_location`.`locateid`=`t_goods`.`locateid` WHERE  `name` LIKE '%三%' OR `locate` LIKE '%三%' LIMIT 0,10 [ RunTime:0.001018s ]

---------------------------------------------------------------
[ 2018-05-09T23:30:00+08:00 ] ::1 ::1 GET /hf171029-stage4/hf1710-justgo/public/backend/goods/getgoods?page=1&limit=10&keyword=%E9%BE%99
[ log ] localhost:8000/hf171029-stage4/hf1710-justgo/public/backend/goods/getgoods?page=1&limit=10&keyword=%E9%BE%99 [运行时间：0.100286s][吞吐率：9.97req/s] [内存消耗：2,471.19kb] [文件加载：51]
[ info ] [ LANG ] C:\AppServ\www\hf171029-stage4\hf1710-justgo\thinkphp\lang\zh-cn.php
[ info ] [ ROUTE ] array (
  'type' => 'module',
  'module' => 
  array (
    0 => 'backend',
    1 => 'goods',
    2 => 'getgoods',
  ),
)
[ info ] [ HEADER ] array (
  'host' => 'localhost:8000',
  'connection' => 'keep-alive',
  'accept' => 'application/json, text/javascript, */*; q=0.01',
  'x-requested-with' => 'XMLHttpRequest',
  'user-agent' => 'Mozilla/5.0 (Windows NT 10.0; WOW64) AppleWebKit/537.36 (KHTML, like Gecko) Chrome/64.0.3282.186 Safari/537.36',
  'referer' => 'http://localhost:8000/hf171029-stage4/hf1710-justgo/public/backend/index/goodsInfo.html',
  'accept-encoding' => 'gzip, deflate, br',
  'accept-language' => 'zh-CN,zh;q=0.9',
)
[ info ] [ PARAM ] array (
  'page' => '1',
  'limit' => '10',
  'keyword' => '龙',
)
[ info ] [ RUN ] app\backend\controller\Goods->getgoods[ C:\AppServ\www\hf171029-stage4\hf1710-justgo\application\backend\controller\Goods.php ]
[ info ] [ DB ] INIT mysql
[ info ] [ DB ] INIT mysql
[ info ] [ LOG ] INIT File
[ sql ] [ DB ] CONNECT:[ UseTime:0.005353s ] mysql:dbname=justgo;host=127.0.0.1;port=3306;charset=utf8
[ sql ] [ SQL ] SHOW COLUMNS FROM `t_goods` [ RunTime:0.001733s ]
[ sql ] [ SQL ] SELECT * FROM `t_goods` WHERE  `t_goods`.`name` LIKE '龙%' [ RunTime:0.000709s ]
[ sql ] [ DB ] CONNECT:[ UseTime:0.011292s ] mysql:dbname=justgo;host=127.0.0.1;port=3306;charset=utf8
[ sql ] [ SQL ] SELECT * FROM `t_goods` INNER JOIN `t_location` `t_location` ON `t_location`.`locateid`=`t_goods`.`locateid` WHERE  `name` LIKE '%龙%' OR `locate` LIKE '%龙%' LIMIT 0,10 [ RunTime:0.002297s ]

---------------------------------------------------------------
[ 2018-05-09T23:30:24+08:00 ] ::1 ::1 GET /hf171029-stage4/hf1710-justgo/public/backend/goods/getgoods?page=1&limit=10&keyword=%E6%88%90
[ log ] localhost:8000/hf171029-stage4/hf1710-justgo/public/backend/goods/getgoods?page=1&limit=10&keyword=%E6%88%90 [运行时间：0.089992s][吞吐率：11.11req/s] [内存消耗：2,471.27kb] [文件加载：51]
[ info ] [ LANG ] C:\AppServ\www\hf171029-stage4\hf1710-justgo\thinkphp\lang\zh-cn.php
[ info ] [ ROUTE ] array (
  'type' => 'module',
  'module' => 
  array (
    0 => 'backend',
    1 => 'goods',
    2 => 'getgoods',
  ),
)
[ info ] [ HEADER ] array (
  'host' => 'localhost:8000',
  'connection' => 'keep-alive',
  'accept' => 'application/json, text/javascript, */*; q=0.01',
  'x-requested-with' => 'XMLHttpRequest',
  'user-agent' => 'Mozilla/5.0 (Windows NT 10.0; WOW64) AppleWebKit/537.36 (KHTML, like Gecko) Chrome/64.0.3282.186 Safari/537.36',
  'referer' => 'http://localhost:8000/hf171029-stage4/hf1710-justgo/public/backend/index/goodsInfo.html',
  'accept-encoding' => 'gzip, deflate, br',
  'accept-language' => 'zh-CN,zh;q=0.9',
)
[ info ] [ PARAM ] array (
  'page' => '1',
  'limit' => '10',
  'keyword' => '成',
)
[ info ] [ RUN ] app\backend\controller\Goods->getgoods[ C:\AppServ\www\hf171029-stage4\hf1710-justgo\application\backend\controller\Goods.php ]
[ info ] [ DB ] INIT mysql
[ info ] [ DB ] INIT mysql
[ info ] [ LOG ] INIT File
[ sql ] [ DB ] CONNECT:[ UseTime:0.003554s ] mysql:dbname=justgo;host=127.0.0.1;port=3306;charset=utf8
[ sql ] [ SQL ] SHOW COLUMNS FROM `t_goods` [ RunTime:0.001630s ]
[ sql ] [ SQL ] SELECT * FROM `t_goods` WHERE  `t_goods`.`name` LIKE '成%' [ RunTime:0.000695s ]
[ sql ] [ DB ] CONNECT:[ UseTime:0.001307s ] mysql:dbname=justgo;host=127.0.0.1;port=3306;charset=utf8
[ sql ] [ SQL ] SELECT * FROM `t_goods` INNER JOIN `t_location` `t_location` ON `t_location`.`locateid`=`t_goods`.`locateid` WHERE  `name` LIKE '%成%' OR `locate` LIKE '%成%' LIMIT 0,10 [ RunTime:0.001312s ]

---------------------------------------------------------------
[ 2018-05-09T23:30:34+08:00 ] ::1 ::1 GET /hf171029-stage4/hf1710-justgo/public/backend/goods/getgoods?page=1&limit=10&keyword=%E5%B7%9E
[ log ] localhost:8000/hf171029-stage4/hf1710-justgo/public/backend/goods/getgoods?page=1&limit=10&keyword=%E5%B7%9E [运行时间：0.105237s][吞吐率：9.50req/s] [内存消耗：2,476.47kb] [文件加载：51]
[ info ] [ LANG ] C:\AppServ\www\hf171029-stage4\hf1710-justgo\thinkphp\lang\zh-cn.php
[ info ] [ ROUTE ] array (
  'type' => 'module',
  'module' => 
  array (
    0 => 'backend',
    1 => 'goods',
    2 => 'getgoods',
  ),
)
[ info ] [ HEADER ] array (
  'host' => 'localhost:8000',
  'connection' => 'keep-alive',
  'accept' => 'application/json, text/javascript, */*; q=0.01',
  'x-requested-with' => 'XMLHttpRequest',
  'user-agent' => 'Mozilla/5.0 (Windows NT 10.0; WOW64) AppleWebKit/537.36 (KHTML, like Gecko) Chrome/64.0.3282.186 Safari/537.36',
  'referer' => 'http://localhost:8000/hf171029-stage4/hf1710-justgo/public/backend/index/goodsInfo.html',
  'accept-encoding' => 'gzip, deflate, br',
  'accept-language' => 'zh-CN,zh;q=0.9',
)
[ info ] [ PARAM ] array (
  'page' => '1',
  'limit' => '10',
  'keyword' => '州',
)
[ info ] [ RUN ] app\backend\controller\Goods->getgoods[ C:\AppServ\www\hf171029-stage4\hf1710-justgo\application\backend\controller\Goods.php ]
[ info ] [ DB ] INIT mysql
[ info ] [ DB ] INIT mysql
[ info ] [ LOG ] INIT File
[ sql ] [ DB ] CONNECT:[ UseTime:0.001434s ] mysql:dbname=justgo;host=127.0.0.1;port=3306;charset=utf8
[ sql ] [ SQL ] SHOW COLUMNS FROM `t_goods` [ RunTime:0.016851s ]
[ sql ] [ SQL ] SELECT * FROM `t_goods` WHERE  `t_goods`.`name` LIKE '州%' [ RunTime:0.001909s ]
[ sql ] [ DB ] CONNECT:[ UseTime:0.012031s ] mysql:dbname=justgo;host=127.0.0.1;port=3306;charset=utf8
[ sql ] [ SQL ] SELECT * FROM `t_goods` INNER JOIN `t_location` `t_location` ON `t_location`.`locateid`=`t_goods`.`locateid` WHERE  `name` LIKE '%州%' OR `locate` LIKE '%州%' LIMIT 0,10 [ RunTime:0.001160s ]

---------------------------------------------------------------
[ 2018-05-09T23:31:10+08:00 ] ::1 ::1 GET /hf171029-stage4/hf1710-justgo/public/backend/index/goodsInfo.html
[ log ] localhost:8000/hf171029-stage4/hf1710-justgo/public/backend/index/goodsInfo.html [运行时间：0.037589s][吞吐率：26.60req/s] [内存消耗：1,673.84kb] [文件加载：45]
[ info ] [ LANG ] C:\AppServ\www\hf171029-stage4\hf1710-justgo\thinkphp\lang\zh-cn.php
[ info ] [ ROUTE ] array (
  'type' => 'module',
  'module' => 
  array (
    0 => 'backend',
    1 => 'index',
    2 => 'goodsInfo',
  ),
)
[ info ] [ HEADER ] array (
  'host' => 'localhost:8000',
  'connection' => 'keep-alive',
  'upgrade-insecure-requests' => '1',
  'user-agent' => 'Mozilla/5.0 (Windows NT 10.0; WOW64) AppleWebKit/537.36 (KHTML, like Gecko) Chrome/64.0.3282.186 Safari/537.36',
  'accept' => 'text/html,application/xhtml+xml,application/xml;q=0.9,image/webp,image/apng,*/*;q=0.8',
  'referer' => 'http://localhost:8000/hf171029-stage4/hf1710-justgo/public/backend/index/index',
  'accept-encoding' => 'gzip, deflate, br',
  'accept-language' => 'zh-CN,zh;q=0.9',
)
[ info ] [ PARAM ] array (
)
[ info ] [ RUN ] app\backend\controller\Index->goodsInfo[ C:\AppServ\www\hf171029-stage4\hf1710-justgo\application\backend\controller\Index.php ]
[ info ] [ VIEW ] C:\AppServ\www\hf171029-stage4\hf1710-justgo\public/../application/backend\view\goodsInfo.html [ array (
) ]
[ info ] [ LOG ] INIT File

---------------------------------------------------------------
[ 2018-05-09T23:31:10+08:00 ] ::1 ::1 GET /hf171029-stage4/hf1710-justgo/public/backend/goods/getgoods?page=1&limit=10
[ log ] localhost:8000/hf171029-stage4/hf1710-justgo/public/backend/goods/getgoods?page=1&limit=10 [运行时间：0.054357s][吞吐率：18.40req/s] [内存消耗：2,505.87kb] [文件加载：51]
[ info ] [ LANG ] C:\AppServ\www\hf171029-stage4\hf1710-justgo\thinkphp\lang\zh-cn.php
[ info ] [ ROUTE ] array (
  'type' => 'module',
  'module' => 
  array (
    0 => 'backend',
    1 => 'goods',
    2 => 'getgoods',
  ),
)
[ info ] [ HEADER ] array (
  'host' => 'localhost:8000',
  'connection' => 'keep-alive',
  'accept' => 'application/json, text/javascript, */*; q=0.01',
  'x-requested-with' => 'XMLHttpRequest',
  'user-agent' => 'Mozilla/5.0 (Windows NT 10.0; WOW64) AppleWebKit/537.36 (KHTML, like Gecko) Chrome/64.0.3282.186 Safari/537.36',
  'referer' => 'http://localhost:8000/hf171029-stage4/hf1710-justgo/public/backend/index/goodsInfo.html',
  'accept-encoding' => 'gzip, deflate, br',
  'accept-language' => 'zh-CN,zh;q=0.9',
)
[ info ] [ PARAM ] array (
  'page' => '1',
  'limit' => '10',
)
[ info ] [ RUN ] app\backend\controller\Goods->getgoods[ C:\AppServ\www\hf171029-stage4\hf1710-justgo\application\backend\controller\Goods.php ]
[ info ] [ DB ] INIT mysql
[ info ] [ DB ] INIT mysql
[ info ] [ LOG ] INIT File
[ sql ] [ DB ] CONNECT:[ UseTime:0.001391s ] mysql:dbname=justgo;host=127.0.0.1;port=3306;charset=utf8
[ sql ] [ SQL ] SHOW COLUMNS FROM `t_goods` [ RunTime:0.001044s ]
[ sql ] [ SQL ] SELECT * FROM `t_goods` [ RunTime:0.000701s ]
[ sql ] [ DB ] CONNECT:[ UseTime:0.001281s ] mysql:dbname=justgo;host=127.0.0.1;port=3306;charset=utf8
[ sql ] [ SQL ] SELECT * FROM `t_goods` INNER JOIN `t_location` `t_location` ON `t_location`.`locateid`=`t_goods`.`locateid` LIMIT 0,10 [ RunTime:0.000869s ]

---------------------------------------------------------------
[ 2018-05-09T23:31:21+08:00 ] ::1 ::1 GET /hf171029-stage4/hf1710-justgo/public/backend/goods/getgoods?page=1&limit=10&keyword=%E5%B8%82
[ log ] localhost:8000/hf171029-stage4/hf1710-justgo/public/backend/goods/getgoods?page=1&limit=10&keyword=%E5%B8%82 [运行时间：0.096529s][吞吐率：10.36req/s] [内存消耗：2,479.59kb] [文件加载：51]
[ info ] [ LANG ] C:\AppServ\www\hf171029-stage4\hf1710-justgo\thinkphp\lang\zh-cn.php
[ info ] [ ROUTE ] array (
  'type' => 'module',
  'module' => 
  array (
    0 => 'backend',
    1 => 'goods',
    2 => 'getgoods',
  ),
)
[ info ] [ HEADER ] array (
  'host' => 'localhost:8000',
  'connection' => 'keep-alive',
  'accept' => 'application/json, text/javascript, */*; q=0.01',
  'x-requested-with' => 'XMLHttpRequest',
  'user-agent' => 'Mozilla/5.0 (Windows NT 10.0; WOW64) AppleWebKit/537.36 (KHTML, like Gecko) Chrome/64.0.3282.186 Safari/537.36',
  'referer' => 'http://localhost:8000/hf171029-stage4/hf1710-justgo/public/backend/index/goodsInfo.html',
  'accept-encoding' => 'gzip, deflate, br',
  'accept-language' => 'zh-CN,zh;q=0.9',
)
[ info ] [ PARAM ] array (
  'page' => '1',
  'limit' => '10',
  'keyword' => '市',
)
[ info ] [ RUN ] app\backend\controller\Goods->getgoods[ C:\AppServ\www\hf171029-stage4\hf1710-justgo\application\backend\controller\Goods.php ]
[ info ] [ DB ] INIT mysql
[ info ] [ DB ] INIT mysql
[ info ] [ LOG ] INIT File
[ sql ] [ DB ] CONNECT:[ UseTime:0.001512s ] mysql:dbname=justgo;host=127.0.0.1;port=3306;charset=utf8
[ sql ] [ SQL ] SHOW COLUMNS FROM `t_goods` [ RunTime:0.001082s ]
[ sql ] [ SQL ] SELECT * FROM `t_goods` WHERE  `t_goods`.`name` LIKE '市%' [ RunTime:0.001228s ]
[ sql ] [ DB ] CONNECT:[ UseTime:0.012253s ] mysql:dbname=justgo;host=127.0.0.1;port=3306;charset=utf8
[ sql ] [ SQL ] SELECT * FROM `t_goods` INNER JOIN `t_location` `t_location` ON `t_location`.`locateid`=`t_goods`.`locateid` WHERE  `name` LIKE '%市%' OR `locate` LIKE '%市%' LIMIT 0,10 [ RunTime:0.002024s ]

---------------------------------------------------------------
[ 2018-05-09T23:32:30+08:00 ] ::1 ::1 GET /hf171029-stage4/hf1710-justgo/public/backend/index/index
[ log ] localhost:8000/hf171029-stage4/hf1710-justgo/public/backend/index/index [运行时间：0.069579s][吞吐率：14.37req/s] [内存消耗：2,445.22kb] [文件加载：53]
[ info ] [ LANG ] C:\AppServ\www\hf171029-stage4\hf1710-justgo\thinkphp\lang\zh-cn.php
[ info ] [ ROUTE ] array (
  'type' => 'module',
  'module' => 
  array (
    0 => 'backend',
    1 => 'index',
    2 => 'index',
  ),
)
[ info ] [ HEADER ] array (
  'host' => 'localhost:8000',
  'connection' => 'keep-alive',
  'cache-control' => 'max-age=0',
  'upgrade-insecure-requests' => '1',
  'user-agent' => 'Mozilla/5.0 (Windows NT 10.0; WOW64) AppleWebKit/537.36 (KHTML, like Gecko) Chrome/64.0.3282.186 Safari/537.36',
  'accept' => 'text/html,application/xhtml+xml,application/xml;q=0.9,image/webp,image/apng,*/*;q=0.8',
  'accept-encoding' => 'gzip, deflate, br',
  'accept-language' => 'zh-CN,zh;q=0.9',
)
[ info ] [ PARAM ] array (
)
[ info ] [ RUN ] app\backend\controller\Index->index[ C:\AppServ\www\hf171029-stage4\hf1710-justgo\application\backend\controller\Index.php ]
[ info ] [ DB ] INIT mysql
[ info ] [ VIEW ] C:\AppServ\www\hf171029-stage4\hf1710-justgo\public/../application/backend\view\index.html [ array (
  0 => 'menu',
) ]
[ info ] [ LOG ] INIT File
[ sql ] [ DB ] CONNECT:[ UseTime:0.010875s ] mysql:dbname=justgo;host=127.0.0.1;port=3306;charset=utf8
[ sql ] [ SQL ] SHOW COLUMNS FROM `t_menu` [ RunTime:0.002915s ]
[ sql ] [ SQL ] SELECT * FROM `t_menu` [ RunTime:0.000936s ]

---------------------------------------------------------------
[ 2018-05-09T23:32:30+08:00 ] ::1 ::1 GET /hf171029-stage4/hf1710-justgo/public/backend/index/travels.html
[ log ] localhost:8000/hf171029-stage4/hf1710-justgo/public/backend/index/travels.html [运行时间：0.081834s][吞吐率：12.22req/s] [内存消耗：1,673.78kb] [文件加载：45]
[ info ] [ LANG ] C:\AppServ\www\hf171029-stage4\hf1710-justgo\thinkphp\lang\zh-cn.php
[ info ] [ ROUTE ] array (
  'type' => 'module',
  'module' => 
  array (
    0 => 'backend',
    1 => 'index',
    2 => 'travels',
  ),
)
[ info ] [ HEADER ] array (
  'host' => 'localhost:8000',
  'connection' => 'keep-alive',
  'upgrade-insecure-requests' => '1',
  'user-agent' => 'Mozilla/5.0 (Windows NT 10.0; WOW64) AppleWebKit/537.36 (KHTML, like Gecko) Chrome/64.0.3282.186 Safari/537.36',
  'accept' => 'text/html,application/xhtml+xml,application/xml;q=0.9,image/webp,image/apng,*/*;q=0.8',
  'referer' => 'http://localhost:8000/hf171029-stage4/hf1710-justgo/public/backend/index/index',
  'accept-encoding' => 'gzip, deflate, br',
  'accept-language' => 'zh-CN,zh;q=0.9',
)
[ info ] [ PARAM ] array (
)
[ info ] [ RUN ] app\backend\controller\Index->travels[ C:\AppServ\www\hf171029-stage4\hf1710-justgo\application\backend\controller\Index.php ]
[ info ] [ VIEW ] C:\AppServ\www\hf171029-stage4\hf1710-justgo\public/../application/backend\view\travels.html [ array (
) ]
[ info ] [ LOG ] INIT File

---------------------------------------------------------------
[ 2018-05-09T23:32:32+08:00 ] ::1 ::1 GET /hf171029-stage4/hf1710-justgo/public/backend/index/goodsInfo.html
[ log ] localhost:8000/hf171029-stage4/hf1710-justgo/public/backend/index/goodsInfo.html [运行时间：0.049173s][吞吐率：20.34req/s] [内存消耗：1,673.84kb] [文件加载：45]
[ info ] [ LANG ] C:\AppServ\www\hf171029-stage4\hf1710-justgo\thinkphp\lang\zh-cn.php
[ info ] [ ROUTE ] array (
  'type' => 'module',
  'module' => 
  array (
    0 => 'backend',
    1 => 'index',
    2 => 'goodsInfo',
  ),
)
[ info ] [ HEADER ] array (
  'host' => 'localhost:8000',
  'connection' => 'keep-alive',
  'upgrade-insecure-requests' => '1',
  'user-agent' => 'Mozilla/5.0 (Windows NT 10.0; WOW64) AppleWebKit/537.36 (KHTML, like Gecko) Chrome/64.0.3282.186 Safari/537.36',
  'accept' => 'text/html,application/xhtml+xml,application/xml;q=0.9,image/webp,image/apng,*/*;q=0.8',
  'referer' => 'http://localhost:8000/hf171029-stage4/hf1710-justgo/public/backend/index/index',
  'accept-encoding' => 'gzip, deflate, br',
  'accept-language' => 'zh-CN,zh;q=0.9',
)
[ info ] [ PARAM ] array (
)
[ info ] [ RUN ] app\backend\controller\Index->goodsInfo[ C:\AppServ\www\hf171029-stage4\hf1710-justgo\application\backend\controller\Index.php ]
[ info ] [ VIEW ] C:\AppServ\www\hf171029-stage4\hf1710-justgo\public/../application/backend\view\goodsInfo.html [ array (
) ]
[ info ] [ LOG ] INIT File

---------------------------------------------------------------
[ 2018-05-09T23:32:32+08:00 ] ::1 ::1 GET /hf171029-stage4/hf1710-justgo/public/backend/goods/getgoods?page=1&limit=10
[ log ] localhost:8000/hf171029-stage4/hf1710-justgo/public/backend/goods/getgoods?page=1&limit=10 [运行时间：0.127875s][吞吐率：7.82req/s] [内存消耗：2,506.45kb] [文件加载：51]
[ info ] [ LANG ] C:\AppServ\www\hf171029-stage4\hf1710-justgo\thinkphp\lang\zh-cn.php
[ info ] [ ROUTE ] array (
  'type' => 'module',
  'module' => 
  array (
    0 => 'backend',
    1 => 'goods',
    2 => 'getgoods',
  ),
)
[ info ] [ HEADER ] array (
  'host' => 'localhost:8000',
  'connection' => 'keep-alive',
  'accept' => 'application/json, text/javascript, */*; q=0.01',
  'x-requested-with' => 'XMLHttpRequest',
  'user-agent' => 'Mozilla/5.0 (Windows NT 10.0; WOW64) AppleWebKit/537.36 (KHTML, like Gecko) Chrome/64.0.3282.186 Safari/537.36',
  'referer' => 'http://localhost:8000/hf171029-stage4/hf1710-justgo/public/backend/index/goodsInfo.html',
  'accept-encoding' => 'gzip, deflate, br',
  'accept-language' => 'zh-CN,zh;q=0.9',
)
[ info ] [ PARAM ] array (
  'page' => '1',
  'limit' => '10',
)
[ info ] [ RUN ] app\backend\controller\Goods->getgoods[ C:\AppServ\www\hf171029-stage4\hf1710-justgo\application\backend\controller\Goods.php ]
[ info ] [ DB ] INIT mysql
[ info ] [ DB ] INIT mysql
[ info ] [ LOG ] INIT File
[ sql ] [ DB ] CONNECT:[ UseTime:0.013019s ] mysql:dbname=justgo;host=127.0.0.1;port=3306;charset=utf8
[ sql ] [ SQL ] SHOW COLUMNS FROM `t_goods` [ RunTime:0.004188s ]
[ sql ] [ SQL ] SELECT * FROM `t_goods` [ RunTime:0.004147s ]
[ sql ] [ DB ] CONNECT:[ UseTime:0.012734s ] mysql:dbname=justgo;host=127.0.0.1;port=3306;charset=utf8
[ sql ] [ SQL ] SELECT * FROM `t_goods` INNER JOIN `t_location` `t_location` ON `t_location`.`locateid`=`t_goods`.`locateid` LIMIT 0,10 [ RunTime:0.003714s ]

---------------------------------------------------------------
[ 2018-05-09T23:32:37+08:00 ] ::1 ::1 GET /hf171029-stage4/hf1710-justgo/public/backend/goods/getgoods?page=1&limit=10&keyword=%E5%B8%82
[ log ] localhost:8000/hf171029-stage4/hf1710-justgo/public/backend/goods/getgoods?page=1&limit=10&keyword=%E5%B8%82 [运行时间：0.104995s][吞吐率：9.52req/s] [内存消耗：2,480.79kb] [文件加载：56]
[ info ] [ LANG ] C:\AppServ\www\hf171029-stage4\hf1710-justgo\thinkphp\lang\zh-cn.php
[ info ] [ ROUTE ] array (
  'type' => 'module',
  'module' => 
  array (
    0 => 'backend',
    1 => 'goods',
    2 => 'getgoods',
  ),
)
[ info ] [ HEADER ] array (
  'host' => 'localhost:8000',
  'connection' => 'keep-alive',
  'accept' => 'application/json, text/javascript, */*; q=0.01',
  'x-requested-with' => 'XMLHttpRequest',
  'user-agent' => 'Mozilla/5.0 (Windows NT 10.0; WOW64) AppleWebKit/537.36 (KHTML, like Gecko) Chrome/64.0.3282.186 Safari/537.36',
  'referer' => 'http://localhost:8000/hf171029-stage4/hf1710-justgo/public/backend/index/goodsInfo.html',
  'accept-encoding' => 'gzip, deflate, br',
  'accept-language' => 'zh-CN,zh;q=0.9',
)
[ info ] [ PARAM ] array (
  'page' => '1',
  'limit' => '10',
  'keyword' => '市',
)
[ info ] [ RUN ] app\backend\controller\Goods->getgoods[ C:\AppServ\www\hf171029-stage4\hf1710-justgo\application\backend\controller\Goods.php ]
[ info ] [ DB ] INIT mysql
[ info ] [ LOG ] INIT File
[ sql ] [ DB ] CONNECT:[ UseTime:0.010250s ] mysql:dbname=justgo;host=127.0.0.1;port=3306;charset=utf8
[ sql ] [ SQL ] SHOW COLUMNS FROM `t_goods` [ RunTime:0.001112s ]
[ error ] [10501]SQLSTATE[42S22]: Column not found: 1054 Unknown column 'locate' in 'where clause'[C:\AppServ\www\hf171029-stage4\hf1710-justgo\thinkphp\library\think\db\Connection.php:383]

---------------------------------------------------------------
[ 2018-05-09T23:34:17+08:00 ] ::1 ::1 GET /hf171029-stage4/hf1710-justgo/public/backend/index/index
[ log ] localhost:8000/hf171029-stage4/hf1710-justgo/public/backend/index/index [运行时间：0.081039s][吞吐率：12.34req/s] [内存消耗：2,445.22kb] [文件加载：53]
[ info ] [ LANG ] C:\AppServ\www\hf171029-stage4\hf1710-justgo\thinkphp\lang\zh-cn.php
[ info ] [ ROUTE ] array (
  'type' => 'module',
  'module' => 
  array (
    0 => 'backend',
    1 => 'index',
    2 => 'index',
  ),
)
[ info ] [ HEADER ] array (
  'host' => 'localhost:8000',
  'connection' => 'keep-alive',
  'cache-control' => 'max-age=0',
  'upgrade-insecure-requests' => '1',
  'user-agent' => 'Mozilla/5.0 (Windows NT 10.0; WOW64) AppleWebKit/537.36 (KHTML, like Gecko) Chrome/64.0.3282.186 Safari/537.36',
  'accept' => 'text/html,application/xhtml+xml,application/xml;q=0.9,image/webp,image/apng,*/*;q=0.8',
  'accept-encoding' => 'gzip, deflate, br',
  'accept-language' => 'zh-CN,zh;q=0.9',
)
[ info ] [ PARAM ] array (
)
[ info ] [ RUN ] app\backend\controller\Index->index[ C:\AppServ\www\hf171029-stage4\hf1710-justgo\application\backend\controller\Index.php ]
[ info ] [ DB ] INIT mysql
[ info ] [ VIEW ] C:\AppServ\www\hf171029-stage4\hf1710-justgo\public/../application/backend\view\index.html [ array (
  0 => 'menu',
) ]
[ info ] [ LOG ] INIT File
[ sql ] [ DB ] CONNECT:[ UseTime:0.003587s ] mysql:dbname=justgo;host=127.0.0.1;port=3306;charset=utf8
[ sql ] [ SQL ] SHOW COLUMNS FROM `t_menu` [ RunTime:0.002181s ]
[ sql ] [ SQL ] SELECT * FROM `t_menu` [ RunTime:0.000623s ]

---------------------------------------------------------------
[ 2018-05-09T23:34:18+08:00 ] ::1 ::1 GET /hf171029-stage4/hf1710-justgo/public/backend/index/travels.html
[ log ] localhost:8000/hf171029-stage4/hf1710-justgo/public/backend/index/travels.html [运行时间：0.079524s][吞吐率：12.57req/s] [内存消耗：1,673.78kb] [文件加载：45]
[ info ] [ LANG ] C:\AppServ\www\hf171029-stage4\hf1710-justgo\thinkphp\lang\zh-cn.php
[ info ] [ ROUTE ] array (
  'type' => 'module',
  'module' => 
  array (
    0 => 'backend',
    1 => 'index',
    2 => 'travels',
  ),
)
[ info ] [ HEADER ] array (
  'host' => 'localhost:8000',
  'connection' => 'keep-alive',
  'upgrade-insecure-requests' => '1',
  'user-agent' => 'Mozilla/5.0 (Windows NT 10.0; WOW64) AppleWebKit/537.36 (KHTML, like Gecko) Chrome/64.0.3282.186 Safari/537.36',
  'accept' => 'text/html,application/xhtml+xml,application/xml;q=0.9,image/webp,image/apng,*/*;q=0.8',
  'referer' => 'http://localhost:8000/hf171029-stage4/hf1710-justgo/public/backend/index/index',
  'accept-encoding' => 'gzip, deflate, br',
  'accept-language' => 'zh-CN,zh;q=0.9',
)
[ info ] [ PARAM ] array (
)
[ info ] [ RUN ] app\backend\controller\Index->travels[ C:\AppServ\www\hf171029-stage4\hf1710-justgo\application\backend\controller\Index.php ]
[ info ] [ VIEW ] C:\AppServ\www\hf171029-stage4\hf1710-justgo\public/../application/backend\view\travels.html [ array (
) ]
[ info ] [ LOG ] INIT File

---------------------------------------------------------------
[ 2018-05-09T23:34:23+08:00 ] ::1 ::1 GET /hf171029-stage4/hf1710-justgo/public/backend/index/goodsInfo.html
[ log ] localhost:8000/hf171029-stage4/hf1710-justgo/public/backend/index/goodsInfo.html [运行时间：0.039833s][吞吐率：25.10req/s] [内存消耗：1,673.84kb] [文件加载：45]
[ info ] [ LANG ] C:\AppServ\www\hf171029-stage4\hf1710-justgo\thinkphp\lang\zh-cn.php
[ info ] [ ROUTE ] array (
  'type' => 'module',
  'module' => 
  array (
    0 => 'backend',
    1 => 'index',
    2 => 'goodsInfo',
  ),
)
[ info ] [ HEADER ] array (
  'host' => 'localhost:8000',
  'connection' => 'keep-alive',
  'upgrade-insecure-requests' => '1',
  'user-agent' => 'Mozilla/5.0 (Windows NT 10.0; WOW64) AppleWebKit/537.36 (KHTML, like Gecko) Chrome/64.0.3282.186 Safari/537.36',
  'accept' => 'text/html,application/xhtml+xml,application/xml;q=0.9,image/webp,image/apng,*/*;q=0.8',
  'referer' => 'http://localhost:8000/hf171029-stage4/hf1710-justgo/public/backend/index/index',
  'accept-encoding' => 'gzip, deflate, br',
  'accept-language' => 'zh-CN,zh;q=0.9',
)
[ info ] [ PARAM ] array (
)
[ info ] [ RUN ] app\backend\controller\Index->goodsInfo[ C:\AppServ\www\hf171029-stage4\hf1710-justgo\application\backend\controller\Index.php ]
[ info ] [ VIEW ] C:\AppServ\www\hf171029-stage4\hf1710-justgo\public/../application/backend\view\goodsInfo.html [ array (
) ]
[ info ] [ LOG ] INIT File

---------------------------------------------------------------
[ 2018-05-09T23:34:23+08:00 ] ::1 ::1 GET /hf171029-stage4/hf1710-justgo/public/backend/goods/getgoods?page=1&limit=10
[ log ] localhost:8000/hf171029-stage4/hf1710-justgo/public/backend/goods/getgoods?page=1&limit=10 [运行时间：0.082398s][吞吐率：12.14req/s] [内存消耗：2,506.81kb] [文件加载：51]
[ info ] [ LANG ] C:\AppServ\www\hf171029-stage4\hf1710-justgo\thinkphp\lang\zh-cn.php
[ info ] [ ROUTE ] array (
  'type' => 'module',
  'module' => 
  array (
    0 => 'backend',
    1 => 'goods',
    2 => 'getgoods',
  ),
)
[ info ] [ HEADER ] array (
  'host' => 'localhost:8000',
  'connection' => 'keep-alive',
  'accept' => 'application/json, text/javascript, */*; q=0.01',
  'x-requested-with' => 'XMLHttpRequest',
  'user-agent' => 'Mozilla/5.0 (Windows NT 10.0; WOW64) AppleWebKit/537.36 (KHTML, like Gecko) Chrome/64.0.3282.186 Safari/537.36',
  'referer' => 'http://localhost:8000/hf171029-stage4/hf1710-justgo/public/backend/index/goodsInfo.html',
  'accept-encoding' => 'gzip, deflate, br',
  'accept-language' => 'zh-CN,zh;q=0.9',
)
[ info ] [ PARAM ] array (
  'page' => '1',
  'limit' => '10',
)
[ info ] [ RUN ] app\backend\controller\Goods->getgoods[ C:\AppServ\www\hf171029-stage4\hf1710-justgo\application\backend\controller\Goods.php ]
[ info ] [ DB ] INIT mysql
[ info ] [ DB ] INIT mysql
[ info ] [ LOG ] INIT File
[ sql ] [ DB ] CONNECT:[ UseTime:0.010632s ] mysql:dbname=justgo;host=127.0.0.1;port=3306;charset=utf8
[ sql ] [ SQL ] SHOW COLUMNS FROM `t_goods` [ RunTime:0.001157s ]
[ sql ] [ SQL ] SELECT * FROM `t_goods` [ RunTime:0.000750s ]
[ sql ] [ DB ] CONNECT:[ UseTime:0.016801s ] mysql:dbname=justgo;host=127.0.0.1;port=3306;charset=utf8
[ sql ] [ SQL ] SELECT * FROM `t_goods` INNER JOIN `t_location` `t_location` ON `t_location`.`locateid`=`t_goods`.`locateid` LIMIT 0,10 [ RunTime:0.000933s ]

---------------------------------------------------------------
[ 2018-05-09T23:34:32+08:00 ] ::1 ::1 GET /hf171029-stage4/hf1710-justgo/public/backend/goods/getgoods?page=1&limit=10&keyword=%E5%B8%82
[ log ] localhost:8000/hf171029-stage4/hf1710-justgo/public/backend/goods/getgoods?page=1&limit=10&keyword=%E5%B8%82 [运行时间：0.093049s][吞吐率：10.75req/s] [内存消耗：2,515.39kb] [文件加载：51]
[ info ] [ LANG ] C:\AppServ\www\hf171029-stage4\hf1710-justgo\thinkphp\lang\zh-cn.php
[ info ] [ ROUTE ] array (
  'type' => 'module',
  'module' => 
  array (
    0 => 'backend',
    1 => 'goods',
    2 => 'getgoods',
  ),
)
[ info ] [ HEADER ] array (
  'host' => 'localhost:8000',
  'connection' => 'keep-alive',
  'accept' => 'application/json, text/javascript, */*; q=0.01',
  'x-requested-with' => 'XMLHttpRequest',
  'user-agent' => 'Mozilla/5.0 (Windows NT 10.0; WOW64) AppleWebKit/537.36 (KHTML, like Gecko) Chrome/64.0.3282.186 Safari/537.36',
  'referer' => 'http://localhost:8000/hf171029-stage4/hf1710-justgo/public/backend/index/goodsInfo.html',
  'accept-encoding' => 'gzip, deflate, br',
  'accept-language' => 'zh-CN,zh;q=0.9',
)
[ info ] [ PARAM ] array (
  'page' => '1',
  'limit' => '10',
  'keyword' => '市',
)
[ info ] [ RUN ] app\backend\controller\Goods->getgoods[ C:\AppServ\www\hf171029-stage4\hf1710-justgo\application\backend\controller\Goods.php ]
[ info ] [ DB ] INIT mysql
[ info ] [ DB ] INIT mysql
[ info ] [ LOG ] INIT File
[ sql ] [ DB ] CONNECT:[ UseTime:0.001526s ] mysql:dbname=justgo;host=127.0.0.1;port=3306;charset=utf8
[ sql ] [ SQL ] SHOW COLUMNS FROM `t_goods` [ RunTime:0.001210s ]
[ sql ] [ SQL ] SELECT * FROM `t_goods` INNER JOIN `t_location` `t_location` ON `t_location`.`locateid`=`t_goods`.`locateid` WHERE  `name` LIKE '%市%' OR `locate` LIKE '%市%' [ RunTime:0.017286s ]
[ sql ] [ DB ] CONNECT:[ UseTime:0.011150s ] mysql:dbname=justgo;host=127.0.0.1;port=3306;charset=utf8
[ sql ] [ SQL ] SELECT * FROM `t_goods` INNER JOIN `t_location` `t_location` ON `t_location`.`locateid`=`t_goods`.`locateid` WHERE  `name` LIKE '%市%' OR `locate` LIKE '%市%' LIMIT 0,10 [ RunTime:0.001166s ]

---------------------------------------------------------------
[ 2018-05-09T23:34:34+08:00 ] ::1 ::1 GET /hf171029-stage4/hf1710-justgo/public/backend/goods/getgoods?page=2&limit=10&keyword=%E5%B8%82
[ log ] localhost:8000/hf171029-stage4/hf1710-justgo/public/backend/goods/getgoods?page=2&limit=10&keyword=%E5%B8%82 [运行时间：0.090337s][吞吐率：11.07req/s] [内存消耗：2,515.97kb] [文件加载：51]
[ info ] [ LANG ] C:\AppServ\www\hf171029-stage4\hf1710-justgo\thinkphp\lang\zh-cn.php
[ info ] [ ROUTE ] array (
  'type' => 'module',
  'module' => 
  array (
    0 => 'backend',
    1 => 'goods',
    2 => 'getgoods',
  ),
)
[ info ] [ HEADER ] array (
  'host' => 'localhost:8000',
  'connection' => 'keep-alive',
  'accept' => 'application/json, text/javascript, */*; q=0.01',
  'x-requested-with' => 'XMLHttpRequest',
  'user-agent' => 'Mozilla/5.0 (Windows NT 10.0; WOW64) AppleWebKit/537.36 (KHTML, like Gecko) Chrome/64.0.3282.186 Safari/537.36',
  'referer' => 'http://localhost:8000/hf171029-stage4/hf1710-justgo/public/backend/index/goodsInfo.html',
  'accept-encoding' => 'gzip, deflate, br',
  'accept-language' => 'zh-CN,zh;q=0.9',
)
[ info ] [ PARAM ] array (
  'page' => '2',
  'limit' => '10',
  'keyword' => '市',
)
[ info ] [ RUN ] app\backend\controller\Goods->getgoods[ C:\AppServ\www\hf171029-stage4\hf1710-justgo\application\backend\controller\Goods.php ]
[ info ] [ DB ] INIT mysql
[ info ] [ DB ] INIT mysql
[ info ] [ LOG ] INIT File
[ sql ] [ DB ] CONNECT:[ UseTime:0.001455s ] mysql:dbname=justgo;host=127.0.0.1;port=3306;charset=utf8
[ sql ] [ SQL ] SHOW COLUMNS FROM `t_goods` [ RunTime:0.001329s ]
[ sql ] [ SQL ] SELECT * FROM `t_goods` INNER JOIN `t_location` `t_location` ON `t_location`.`locateid`=`t_goods`.`locateid` WHERE  `name` LIKE '%市%' OR `locate` LIKE '%市%' [ RunTime:0.017048s ]
[ sql ] [ DB ] CONNECT:[ UseTime:0.010254s ] mysql:dbname=justgo;host=127.0.0.1;port=3306;charset=utf8
[ sql ] [ SQL ] SELECT * FROM `t_goods` INNER JOIN `t_location` `t_location` ON `t_location`.`locateid`=`t_goods`.`locateid` WHERE  `name` LIKE '%市%' OR `locate` LIKE '%市%' LIMIT 10,10 [ RunTime:0.001093s ]

---------------------------------------------------------------
[ 2018-05-09T23:34:41+08:00 ] ::1 ::1 GET /hf171029-stage4/hf1710-justgo/public/backend/goods/getgoods?page=1&limit=10&keyword=%E6%B1%9F
[ log ] localhost:8000/hf171029-stage4/hf1710-justgo/public/backend/goods/getgoods?page=1&limit=10&keyword=%E6%B1%9F [运行时间：0.097793s][吞吐率：10.23req/s] [内存消耗：2,477.20kb] [文件加载：51]
[ info ] [ LANG ] C:\AppServ\www\hf171029-stage4\hf1710-justgo\thinkphp\lang\zh-cn.php
[ info ] [ ROUTE ] array (
  'type' => 'module',
  'module' => 
  array (
    0 => 'backend',
    1 => 'goods',
    2 => 'getgoods',
  ),
)
[ info ] [ HEADER ] array (
  'host' => 'localhost:8000',
  'connection' => 'keep-alive',
  'accept' => 'application/json, text/javascript, */*; q=0.01',
  'x-requested-with' => 'XMLHttpRequest',
  'user-agent' => 'Mozilla/5.0 (Windows NT 10.0; WOW64) AppleWebKit/537.36 (KHTML, like Gecko) Chrome/64.0.3282.186 Safari/537.36',
  'referer' => 'http://localhost:8000/hf171029-stage4/hf1710-justgo/public/backend/index/goodsInfo.html',
  'accept-encoding' => 'gzip, deflate, br',
  'accept-language' => 'zh-CN,zh;q=0.9',
)
[ info ] [ PARAM ] array (
  'page' => '1',
  'limit' => '10',
  'keyword' => '江',
)
[ info ] [ RUN ] app\backend\controller\Goods->getgoods[ C:\AppServ\www\hf171029-stage4\hf1710-justgo\application\backend\controller\Goods.php ]
[ info ] [ DB ] INIT mysql
[ info ] [ DB ] INIT mysql
[ info ] [ LOG ] INIT File
[ sql ] [ DB ] CONNECT:[ UseTime:0.010476s ] mysql:dbname=justgo;host=127.0.0.1;port=3306;charset=utf8
[ sql ] [ SQL ] SHOW COLUMNS FROM `t_goods` [ RunTime:0.000999s ]
[ sql ] [ SQL ] SELECT * FROM `t_goods` INNER JOIN `t_location` `t_location` ON `t_location`.`locateid`=`t_goods`.`locateid` WHERE  `name` LIKE '%江%' OR `locate` LIKE '%江%' [ RunTime:0.000764s ]
[ sql ] [ DB ] CONNECT:[ UseTime:0.010508s ] mysql:dbname=justgo;host=127.0.0.1;port=3306;charset=utf8
[ sql ] [ SQL ] SELECT * FROM `t_goods` INNER JOIN `t_location` `t_location` ON `t_location`.`locateid`=`t_goods`.`locateid` WHERE  `name` LIKE '%江%' OR `locate` LIKE '%江%' LIMIT 0,10 [ RunTime:0.017381s ]

---------------------------------------------------------------
[ 2018-05-09T23:35:02+08:00 ] ::1 ::1 GET /hf171029-stage4/hf1710-justgo/public/backend/index/goodsInfo.html
[ log ] localhost:8000/hf171029-stage4/hf1710-justgo/public/backend/index/goodsInfo.html [运行时间：0.037498s][吞吐率：26.67req/s] [内存消耗：1,673.84kb] [文件加载：45]
[ info ] [ LANG ] C:\AppServ\www\hf171029-stage4\hf1710-justgo\thinkphp\lang\zh-cn.php
[ info ] [ ROUTE ] array (
  'type' => 'module',
  'module' => 
  array (
    0 => 'backend',
    1 => 'index',
    2 => 'goodsInfo',
  ),
)
[ info ] [ HEADER ] array (
  'host' => 'localhost:8000',
  'connection' => 'keep-alive',
  'upgrade-insecure-requests' => '1',
  'user-agent' => 'Mozilla/5.0 (Windows NT 10.0; WOW64) AppleWebKit/537.36 (KHTML, like Gecko) Chrome/64.0.3282.186 Safari/537.36',
  'accept' => 'text/html,application/xhtml+xml,application/xml;q=0.9,image/webp,image/apng,*/*;q=0.8',
  'referer' => 'http://localhost:8000/hf171029-stage4/hf1710-justgo/public/backend/index/index',
  'accept-encoding' => 'gzip, deflate, br',
  'accept-language' => 'zh-CN,zh;q=0.9',
)
[ info ] [ PARAM ] array (
)
[ info ] [ RUN ] app\backend\controller\Index->goodsInfo[ C:\AppServ\www\hf171029-stage4\hf1710-justgo\application\backend\controller\Index.php ]
[ info ] [ VIEW ] C:\AppServ\www\hf171029-stage4\hf1710-justgo\public/../application/backend\view\goodsInfo.html [ array (
) ]
[ info ] [ LOG ] INIT File

---------------------------------------------------------------
[ 2018-05-09T23:35:03+08:00 ] ::1 ::1 GET /hf171029-stage4/hf1710-justgo/public/backend/goods/getgoods?page=1&limit=10
[ log ] localhost:8000/hf171029-stage4/hf1710-justgo/public/backend/goods/getgoods?page=1&limit=10 [运行时间：0.069148s][吞吐率：14.46req/s] [内存消耗：2,506.81kb] [文件加载：51]
[ info ] [ LANG ] C:\AppServ\www\hf171029-stage4\hf1710-justgo\thinkphp\lang\zh-cn.php
[ info ] [ ROUTE ] array (
  'type' => 'module',
  'module' => 
  array (
    0 => 'backend',
    1 => 'goods',
    2 => 'getgoods',
  ),
)
[ info ] [ HEADER ] array (
  'host' => 'localhost:8000',
  'connection' => 'keep-alive',
  'accept' => 'application/json, text/javascript, */*; q=0.01',
  'x-requested-with' => 'XMLHttpRequest',
  'user-agent' => 'Mozilla/5.0 (Windows NT 10.0; WOW64) AppleWebKit/537.36 (KHTML, like Gecko) Chrome/64.0.3282.186 Safari/537.36',
  'referer' => 'http://localhost:8000/hf171029-stage4/hf1710-justgo/public/backend/index/goodsInfo.html',
  'accept-encoding' => 'gzip, deflate, br',
  'accept-language' => 'zh-CN,zh;q=0.9',
)
[ info ] [ PARAM ] array (
  'page' => '1',
  'limit' => '10',
)
[ info ] [ RUN ] app\backend\controller\Goods->getgoods[ C:\AppServ\www\hf171029-stage4\hf1710-justgo\application\backend\controller\Goods.php ]
[ info ] [ DB ] INIT mysql
[ info ] [ DB ] INIT mysql
[ info ] [ LOG ] INIT File
[ sql ] [ DB ] CONNECT:[ UseTime:0.010486s ] mysql:dbname=justgo;host=127.0.0.1;port=3306;charset=utf8
[ sql ] [ SQL ] SHOW COLUMNS FROM `t_goods` [ RunTime:0.001479s ]
[ sql ] [ SQL ] SELECT * FROM `t_goods` [ RunTime:0.001668s ]
[ sql ] [ DB ] CONNECT:[ UseTime:0.001589s ] mysql:dbname=justgo;host=127.0.0.1;port=3306;charset=utf8
[ sql ] [ SQL ] SELECT * FROM `t_goods` INNER JOIN `t_location` `t_location` ON `t_location`.`locateid`=`t_goods`.`locateid` LIMIT 0,10 [ RunTime:0.000859s ]

---------------------------------------------------------------
